[ 2016-11-08T10:09:24+08:00 ] 127.0.0.1 /Uploads/image/20160817/20160817234804_17555.png
INFO: [ app_init ] --START--
INFO: Run Behavior\BuildLiteBehavior [ RunTime:0.000000s ]
INFO: [ app_init ] --END-- [ RunTime:0.000000s ]
ERR: 无法加载模块:Uploads

[ 2016-11-08T10:09:24+08:00 ] 127.0.0.1 /Public/Admin/css/image/menu-bits.gif
INFO: [ app_init ] --START--
INFO: Run Behavior\BuildLiteBehavior [ RunTime:0.000000s ]
INFO: [ app_init ] --END-- [ RunTime:0.001000s ]
ERR: 无法加载模块:Public

[ 2016-11-08T10:09:24+08:00 ] 127.0.0.1 /Uploads/image/20160817/20160817234811_92650.jpg
INFO: [ app_init ] --START--
INFO: Run Behavior\BuildLiteBehavior [ RunTime:0.000000s ]
INFO: [ app_init ] --END-- [ RunTime:0.000000s ]
ERR: 无法加载模块:Uploads

[ 2016-11-08T10:09:26+08:00 ] 127.0.0.1 /Public/Admin/css/image/menu-bits.gif
INFO: [ app_init ] --START--
INFO: Run Behavior\BuildLiteBehavior [ RunTime:0.000000s ]
INFO: [ app_init ] --END-- [ RunTime:0.001001s ]
ERR: 无法加载模块:Public

