[ 2016-11-17T10:04:00+08:00 ] 127.0.0.1 /admin
INFO: [ app_init ] --START--
INFO: Run Behavior\BuildLiteBehavior [ RunTime:0.000000s ]
INFO: [ app_init ] --END-- [ RunTime:0.001000s ]
INFO: [ app_begin ] --START--
INFO: Run Behavior\ReadHtmlCacheBehavior [ RunTime:0.000000s ]
INFO: [ app_begin ] --END-- [ RunTime:0.000000s ]

[ 2016-11-17T10:04:01+08:00 ] 127.0.0.1 /Admin/Login/index.html
INFO: [ app_init ] --START--
INFO: Run Behavior\BuildLiteBehavior [ RunTime:0.000000s ]
INFO: [ app_init ] --END-- [ RunTime:0.001000s ]
INFO: [ app_begin ] --START--
INFO: Run Behavior\ReadHtmlCacheBehavior [ RunTime:0.001000s ]
INFO: [ app_begin ] --END-- [ RunTime:0.001000s ]
INFO: [ view_parse ] --START--
INFO: [ template_filter ] --START--
INFO: Run Behavior\ContentReplaceBehavior [ RunTime:0.000000s ]
INFO: [ template_filter ] --END-- [ RunTime:0.000000s ]
INFO: Run Behavior\ParseTemplateBehavior [ RunTime:0.024002s ]
INFO: [ view_parse ] --END-- [ RunTime:0.024002s ]
INFO: [ view_filter ] --START--
INFO: Run Behavior\WriteHtmlCacheBehavior [ RunTime:0.000000s ]
INFO: [ view_filter ] --END-- [ RunTime:0.000000s ]
INFO: [ app_end ] --START--
INFO: Run Behavior\ShowPageTraceBehavior [ RunTime:0.000000s ]
INFO: [ app_end ] --END-- [ RunTime:0.000000s ]

[ 2016-11-17T10:04:01+08:00 ] 127.0.0.1 /Admin/Login/verify_code.html
INFO: [ app_init ] --START--
INFO: Run Behavior\BuildLiteBehavior [ RunTime:0.000000s ]
INFO: [ app_init ] --END-- [ RunTime:0.001000s ]
INFO: [ app_begin ] --START--
INFO: Run Behavior\ReadHtmlCacheBehavior [ RunTime:0.000000s ]
INFO: [ app_begin ] --END-- [ RunTime:0.001000s ]
INFO: [ app_end ] --START--
INFO: Run Behavior\ShowPageTraceBehavior [ RunTime:0.000000s ]
INFO: [ app_end ] --END-- [ RunTime:0.000000s ]

[ 2016-11-17T10:04:10+08:00 ] 127.0.0.1 /Admin/Login/checkLogin.html
INFO: [ app_init ] --START--
INFO: Run Behavior\BuildLiteBehavior [ RunTime:0.000000s ]
INFO: [ app_init ] --END-- [ RunTime:0.000000s ]
INFO: [ app_begin ] --START--
INFO: Run Behavior\ReadHtmlCacheBehavior [ RunTime:0.000000s ]
INFO: [ app_begin ] --END-- [ RunTime:0.001000s ]
NOTIC: [8] Use of undefined constant is_POST - assumed 'is_POST' D:\www\www.cms.com\Application\Admin\Action\LoginAction.class.php 第 16 行.
SQL: SHOW COLUMNS FROM `admin` [ RunTime:0.0170s ]
SQL: SELECT * FROM `admin` WHERE `username` = 'admin' LIMIT 1   [ RunTime:0.0000s ]
NOTIC: [8] Undefined index: last_login_time D:\www\www.cms.com\Application\Admin\Action\LoginAction.class.php 第 35 行.

[ 2016-11-17T10:04:12+08:00 ] 127.0.0.1 /Admin/Index/index.html
INFO: [ app_init ] --START--
INFO: Run Behavior\BuildLiteBehavior [ RunTime:0.000000s ]
INFO: [ app_init ] --END-- [ RunTime:0.000000s ]
INFO: [ app_begin ] --START--
INFO: Run Behavior\ReadHtmlCacheBehavior [ RunTime:0.000000s ]
INFO: [ app_begin ] --END-- [ RunTime:0.000000s ]
INFO: [ view_parse ] --START--
INFO: [ template_filter ] --START--
INFO: Run Behavior\ContentReplaceBehavior [ RunTime:0.000000s ]
INFO: [ template_filter ] --END-- [ RunTime:0.000000s ]
INFO: Run Behavior\ParseTemplateBehavior [ RunTime:0.029001s ]
INFO: [ view_parse ] --END-- [ RunTime:0.030001s ]
INFO: [ view_filter ] --START--
INFO: Run Behavior\WriteHtmlCacheBehavior [ RunTime:0.000000s ]
INFO: [ view_filter ] --END-- [ RunTime:0.000000s ]
INFO: [ app_end ] --START--
INFO: Run Behavior\ShowPageTraceBehavior [ RunTime:0.001000s ]
INFO: [ app_end ] --END-- [ RunTime:0.001000s ]

[ 2016-11-17T10:04:21+08:00 ] 127.0.0.1 /Admin/Index/changepassword.html
INFO: [ app_init ] --START--
INFO: Run Behavior\BuildLiteBehavior [ RunTime:0.000000s ]
INFO: [ app_init ] --END-- [ RunTime:0.000000s ]
INFO: [ app_begin ] --START--
INFO: Run Behavior\ReadHtmlCacheBehavior [ RunTime:0.000000s ]
INFO: [ app_begin ] --END-- [ RunTime:0.000000s ]
INFO: [ view_parse ] --START--
INFO: [ template_filter ] --START--
INFO: Run Behavior\ContentReplaceBehavior [ RunTime:0.000000s ]
INFO: [ template_filter ] --END-- [ RunTime:0.000000s ]
NOTIC: [8] Use of undefined constant Site - assumed 'Site' D:\www\www.cms.com\Run\Cache\Admin\edec2e51f4909308b2280e85bd9e84d5.php 第 45 行.
NOTIC: [8] Use of undefined constant Nav - assumed 'Nav' D:\www\www.cms.com\Run\Cache\Admin\edec2e51f4909308b2280e85bd9e84d5.php 第 46 行.
NOTIC: [8] Use of undefined constant Page - assumed 'Page' D:\www\www.cms.com\Run\Cache\Admin\edec2e51f4909308b2280e85bd9e84d5.php 第 47 行.
NOTIC: [8] Use of undefined constant Links - assumed 'Links' D:\www\www.cms.com\Run\Cache\Admin\edec2e51f4909308b2280e85bd9e84d5.php 第 48 行.
NOTIC: [8] Use of undefined constant Message - assumed 'Message' D:\www\www.cms.com\Run\Cache\Admin\edec2e51f4909308b2280e85bd9e84d5.php 第 49 行.
NOTIC: [8] Use of undefined constant Article - assumed 'Article' D:\www\www.cms.com\Run\Cache\Admin\edec2e51f4909308b2280e85bd9e84d5.php 第 53 行.
NOTIC: [8] Use of undefined constant ArticleCate - assumed 'ArticleCate' D:\www\www.cms.com\Run\Cache\Admin\edec2e51f4909308b2280e85bd9e84d5.php 第 54 行.
NOTIC: [8] Use of undefined constant Product - assumed 'Product' D:\www\www.cms.com\Run\Cache\Admin\edec2e51f4909308b2280e85bd9e84d5.php 第 58 行.
NOTIC: [8] Use of undefined constant ProductCate - assumed 'ProductCate' D:\www\www.cms.com\Run\Cache\Admin\edec2e51f4909308b2280e85bd9e84d5.php 第 59 行.
NOTIC: [8] Use of undefined constant Advertise - assumed 'Advertise' D:\www\www.cms.com\Run\Cache\Admin\edec2e51f4909308b2280e85bd9e84d5.php 第 63 行.
NOTIC: [8] Use of undefined constant AdvertiseCate - assumed 'AdvertiseCate' D:\www\www.cms.com\Run\Cache\Admin\edec2e51f4909308b2280e85bd9e84d5.php 第 64 行.
INFO: Run Behavior\ParseTemplateBehavior [ RunTime:0.067004s ]
INFO: [ view_parse ] --END-- [ RunTime:0.067004s ]
INFO: [ view_filter ] --START--
INFO: Run Behavior\WriteHtmlCacheBehavior [ RunTime:0.000000s ]
INFO: [ view_filter ] --END-- [ RunTime:0.001000s ]
INFO: [ app_end ] --START--
INFO: Run Behavior\ShowPageTraceBehavior [ RunTime:0.000000s ]
INFO: [ app_end ] --END-- [ RunTime:0.000000s ]

[ 2016-11-17T10:04:26+08:00 ] 127.0.0.1 /Admin/ProductCate/index.html
INFO: [ app_init ] --START--
INFO: Run Behavior\BuildLiteBehavior [ RunTime:0.000000s ]
INFO: [ app_init ] --END-- [ RunTime:0.000000s ]
INFO: [ app_begin ] --START--
INFO: Run Behavior\ReadHtmlCacheBehavior [ RunTime:0.000000s ]
INFO: [ app_begin ] --END-- [ RunTime:0.000000s ]
SQL: SHOW COLUMNS FROM `product_cate` [ RunTime:0.0100s ]
SQL: SELECT * FROM `product_cate` WHERE `status` = 1  [ RunTime:0.0010s ]
SQL: SHOW COLUMNS FROM `product_cate` [ RunTime:0.0050s ]
SQL: SELECT * FROM `product_cate`  [ RunTime:0.0010s ]
INFO: [ view_parse ] --START--
INFO: [ template_filter ] --START--
INFO: Run Behavior\ContentReplaceBehavior [ RunTime:0.001000s ]
INFO: [ template_filter ] --END-- [ RunTime:0.001000s ]
NOTIC: [8] Use of undefined constant Site - assumed 'Site' D:\www\www.cms.com\Run\Cache\Admin\84dae76e33984be8d356e5b70514fce3.php 第 45 行.
NOTIC: [8] Use of undefined constant Nav - assumed 'Nav' D:\www\www.cms.com\Run\Cache\Admin\84dae76e33984be8d356e5b70514fce3.php 第 46 行.
NOTIC: [8] Use of undefined constant Page - assumed 'Page' D:\www\www.cms.com\Run\Cache\Admin\84dae76e33984be8d356e5b70514fce3.php 第 47 行.
NOTIC: [8] Use of undefined constant Links - assumed 'Links' D:\www\www.cms.com\Run\Cache\Admin\84dae76e33984be8d356e5b70514fce3.php 第 48 行.
NOTIC: [8] Use of undefined constant Message - assumed 'Message' D:\www\www.cms.com\Run\Cache\Admin\84dae76e33984be8d356e5b70514fce3.php 第 49 行.
NOTIC: [8] Use of undefined constant Article - assumed 'Article' D:\www\www.cms.com\Run\Cache\Admin\84dae76e33984be8d356e5b70514fce3.php 第 53 行.
NOTIC: [8] Use of undefined constant ArticleCate - assumed 'ArticleCate' D:\www\www.cms.com\Run\Cache\Admin\84dae76e33984be8d356e5b70514fce3.php 第 54 行.
NOTIC: [8] Use of undefined constant Product - assumed 'Product' D:\www\www.cms.com\Run\Cache\Admin\84dae76e33984be8d356e5b70514fce3.php 第 58 行.
NOTIC: [8] Use of undefined constant ProductCate - assumed 'ProductCate' D:\www\www.cms.com\Run\Cache\Admin\84dae76e33984be8d356e5b70514fce3.php 第 59 行.
NOTIC: [8] Use of undefined constant Advertise - assumed 'Advertise' D:\www\www.cms.com\Run\Cache\Admin\84dae76e33984be8d356e5b70514fce3.php 第 63 行.
NOTIC: [8] Use of undefined constant AdvertiseCate - assumed 'AdvertiseCate' D:\www\www.cms.com\Run\Cache\Admin\84dae76e33984be8d356e5b70514fce3.php 第 64 行.
NOTIC: [8] Undefined index: p D:\www\www.cms.com\Run\Cache\Admin\84dae76e33984be8d356e5b70514fce3.php 第 130 行.
NOTIC: [8] Undefined index: p D:\www\www.cms.com\Run\Cache\Admin\84dae76e33984be8d356e5b70514fce3.php 第 130 行.
NOTIC: [8] Undefined index: p D:\www\www.cms.com\Run\Cache\Admin\84dae76e33984be8d356e5b70514fce3.php 第 130 行.
NOTIC: [8] Undefined variable: page D:\www\www.cms.com\Run\Cache\Admin\84dae76e33984be8d356e5b70514fce3.php 第 138 行.
INFO: Run Behavior\ParseTemplateBehavior [ RunTime:0.039002s ]
INFO: [ view_parse ] --END-- [ RunTime:0.039002s ]
INFO: [ view_filter ] --START--
INFO: Run Behavior\WriteHtmlCacheBehavior [ RunTime:0.000000s ]
INFO: [ view_filter ] --END-- [ RunTime:0.000000s ]
INFO: [ app_end ] --START--
INFO: Run Behavior\ShowPageTraceBehavior [ RunTime:0.000000s ]
INFO: [ app_end ] --END-- [ RunTime:0.000000s ]

[ 2016-11-17T10:04:30+08:00 ] 127.0.0.1 /Admin/Site/index.html
INFO: [ app_init ] --START--
INFO: Run Behavior\BuildLiteBehavior [ RunTime:0.000000s ]
INFO: [ app_init ] --END-- [ RunTime:0.000000s ]
INFO: [ app_begin ] --START--
INFO: Run Behavior\ReadHtmlCacheBehavior [ RunTime:0.000000s ]
INFO: [ app_begin ] --END-- [ RunTime:0.000000s ]
SQL: SHOW COLUMNS FROM `site` [ RunTime:0.0030s ]
SQL: SELECT * FROM `site` LIMIT 1   [ RunTime:0.0000s ]
INFO: [ view_parse ] --START--
INFO: [ template_filter ] --START--
INFO: Run Behavior\ContentReplaceBehavior [ RunTime:0.001000s ]
INFO: [ template_filter ] --END-- [ RunTime:0.001000s ]
NOTIC: [8] Use of undefined constant Site - assumed 'Site' D:\www\www.cms.com\Run\Cache\Admin\d90998f762402d205760f48578d398f2.php 第 45 行.
NOTIC: [8] Use of undefined constant Nav - assumed 'Nav' D:\www\www.cms.com\Run\Cache\Admin\d90998f762402d205760f48578d398f2.php 第 46 行.
NOTIC: [8] Use of undefined constant Page - assumed 'Page' D:\www\www.cms.com\Run\Cache\Admin\d90998f762402d205760f48578d398f2.php 第 47 行.
NOTIC: [8] Use of undefined constant Links - assumed 'Links' D:\www\www.cms.com\Run\Cache\Admin\d90998f762402d205760f48578d398f2.php 第 48 行.
NOTIC: [8] Use of undefined constant Message - assumed 'Message' D:\www\www.cms.com\Run\Cache\Admin\d90998f762402d205760f48578d398f2.php 第 49 行.
NOTIC: [8] Use of undefined constant Article - assumed 'Article' D:\www\www.cms.com\Run\Cache\Admin\d90998f762402d205760f48578d398f2.php 第 53 行.
NOTIC: [8] Use of undefined constant ArticleCate - assumed 'ArticleCate' D:\www\www.cms.com\Run\Cache\Admin\d90998f762402d205760f48578d398f2.php 第 54 行.
NOTIC: [8] Use of undefined constant Product - assumed 'Product' D:\www\www.cms.com\Run\Cache\Admin\d90998f762402d205760f48578d398f2.php 第 58 行.
NOTIC: [8] Use of undefined constant ProductCate - assumed 'ProductCate' D:\www\www.cms.com\Run\Cache\Admin\d90998f762402d205760f48578d398f2.php 第 59 行.
NOTIC: [8] Use of undefined constant Advertise - assumed 'Advertise' D:\www\www.cms.com\Run\Cache\Admin\d90998f762402d205760f48578d398f2.php 第 63 行.
NOTIC: [8] Use of undefined constant AdvertiseCate - assumed 'AdvertiseCate' D:\www\www.cms.com\Run\Cache\Admin\d90998f762402d205760f48578d398f2.php 第 64 行.
INFO: Run Behavior\ParseTemplateBehavior [ RunTime:0.043002s ]
INFO: [ view_parse ] --END-- [ RunTime:0.043002s ]
INFO: [ view_filter ] --START--
INFO: Run Behavior\WriteHtmlCacheBehavior [ RunTime:0.000000s ]
INFO: [ view_filter ] --END-- [ RunTime:0.000000s ]
INFO: [ app_end ] --START--
INFO: Run Behavior\ShowPageTraceBehavior [ RunTime:0.000000s ]
INFO: [ app_end ] --END-- [ RunTime:0.001000s ]

[ 2016-11-17T10:04:32+08:00 ] 127.0.0.1 /Admin/ArticleCate/index.html
INFO: [ app_init ] --START--
INFO: Run Behavior\BuildLiteBehavior [ RunTime:0.000000s ]
INFO: [ app_init ] --END-- [ RunTime:0.000000s ]
INFO: [ app_begin ] --START--
INFO: Run Behavior\ReadHtmlCacheBehavior [ RunTime:0.000000s ]
INFO: [ app_begin ] --END-- [ RunTime:0.000000s ]
SQL: SHOW COLUMNS FROM `article_cate` [ RunTime:0.0040s ]
SQL: SELECT * FROM `article_cate` WHERE `status` = 1  [ RunTime:0.0000s ]
NOTIC: [8] Undefined index: name D:\www\www.cms.com\Application\Common\Common\function.php 第 200 行.
NOTIC: [8] Undefined index: name D:\www\www.cms.com\Application\Common\Common\function.php 第 200 行.
NOTIC: [8] Undefined index: name D:\www\www.cms.com\Application\Common\Common\function.php 第 200 行.
NOTIC: [8] Undefined index: name D:\www\www.cms.com\Application\Common\Common\function.php 第 200 行.
NOTIC: [8] Undefined index: name D:\www\www.cms.com\Application\Common\Common\function.php 第 200 行.
NOTIC: [8] Undefined index: name D:\www\www.cms.com\Application\Common\Common\function.php 第 200 行.
NOTIC: [8] Undefined index: name D:\www\www.cms.com\Application\Common\Common\function.php 第 200 行.
NOTIC: [8] Undefined index: name D:\www\www.cms.com\Application\Common\Common\function.php 第 200 行.
SQL: SHOW COLUMNS FROM `article_cate` [ RunTime:0.0030s ]
SQL: SELECT * FROM `article_cate`  [ RunTime:0.0000s ]
NOTIC: [8] Undefined index: name D:\www\www.cms.com\Application\Common\Common\function.php 第 200 行.
NOTIC: [8] Undefined index: name D:\www\www.cms.com\Application\Common\Common\function.php 第 200 行.
NOTIC: [8] Undefined index: name D:\www\www.cms.com\Application\Common\Common\function.php 第 200 行.
NOTIC: [8] Undefined index: name D:\www\www.cms.com\Application\Common\Common\function.php 第 200 行.
NOTIC: [8] Undefined index: name D:\www\www.cms.com\Application\Common\Common\function.php 第 200 行.
NOTIC: [8] Undefined index: name D:\www\www.cms.com\Application\Common\Common\function.php 第 200 行.
NOTIC: [8] Undefined index: name D:\www\www.cms.com\Application\Common\Common\function.php 第 200 行.
NOTIC: [8] Undefined index: name D:\www\www.cms.com\Application\Common\Common\function.php 第 200 行.
NOTIC: [8] Undefined index: name D:\www\www.cms.com\Application\Common\Common\function.php 第 200 行.
INFO: [ view_parse ] --START--
INFO: [ template_filter ] --START--
INFO: Run Behavior\ContentReplaceBehavior [ RunTime:0.000000s ]
INFO: [ template_filter ] --END-- [ RunTime:0.001000s ]
NOTIC: [8] Use of undefined constant Site - assumed 'Site' D:\www\www.cms.com\Run\Cache\Admin\6f357e9088c1c6d786b21213186f61cd.php 第 45 行.
NOTIC: [8] Use of undefined constant Nav - assumed 'Nav' D:\www\www.cms.com\Run\Cache\Admin\6f357e9088c1c6d786b21213186f61cd.php 第 46 行.
NOTIC: [8] Use of undefined constant Page - assumed 'Page' D:\www\www.cms.com\Run\Cache\Admin\6f357e9088c1c6d786b21213186f61cd.php 第 47 行.
NOTIC: [8] Use of undefined constant Links - assumed 'Links' D:\www\www.cms.com\Run\Cache\Admin\6f357e9088c1c6d786b21213186f61cd.php 第 48 行.
NOTIC: [8] Use of undefined constant Message - assumed 'Message' D:\www\www.cms.com\Run\Cache\Admin\6f357e9088c1c6d786b21213186f61cd.php 第 49 行.
NOTIC: [8] Use of undefined constant Article - assumed 'Article' D:\www\www.cms.com\Run\Cache\Admin\6f357e9088c1c6d786b21213186f61cd.php 第 53 行.
NOTIC: [8] Use of undefined constant ArticleCate - assumed 'ArticleCate' D:\www\www.cms.com\Run\Cache\Admin\6f357e9088c1c6d786b21213186f61cd.php 第 54 行.
NOTIC: [8] Use of undefined constant Product - assumed 'Product' D:\www\www.cms.com\Run\Cache\Admin\6f357e9088c1c6d786b21213186f61cd.php 第 58 行.
NOTIC: [8] Use of undefined constant ProductCate - assumed 'ProductCate' D:\www\www.cms.com\Run\Cache\Admin\6f357e9088c1c6d786b21213186f61cd.php 第 59 行.
NOTIC: [8] Use of undefined constant Advertise - assumed 'Advertise' D:\www\www.cms.com\Run\Cache\Admin\6f357e9088c1c6d786b21213186f61cd.php 第 63 行.
NOTIC: [8] Use of undefined constant AdvertiseCate - assumed 'AdvertiseCate' D:\www\www.cms.com\Run\Cache\Admin\6f357e9088c1c6d786b21213186f61cd.php 第 64 行.
NOTIC: [8] Undefined index: p D:\www\www.cms.com\Run\Cache\Admin\6f357e9088c1c6d786b21213186f61cd.php 第 130 行.
NOTIC: [8] Undefined index: p D:\www\www.cms.com\Run\Cache\Admin\6f357e9088c1c6d786b21213186f61cd.php 第 130 行.
NOTIC: [8] Undefined index: p D:\www\www.cms.com\Run\Cache\Admin\6f357e9088c1c6d786b21213186f61cd.php 第 130 行.
NOTIC: [8] Undefined index: p D:\www\www.cms.com\Run\Cache\Admin\6f357e9088c1c6d786b21213186f61cd.php 第 130 行.
NOTIC: [8] Undefined index: p D:\www\www.cms.com\Run\Cache\Admin\6f357e9088c1c6d786b21213186f61cd.php 第 130 行.
NOTIC: [8] Undefined index: p D:\www\www.cms.com\Run\Cache\Admin\6f357e9088c1c6d786b21213186f61cd.php 第 130 行.
NOTIC: [8] Undefined index: p D:\www\www.cms.com\Run\Cache\Admin\6f357e9088c1c6d786b21213186f61cd.php 第 130 行.
NOTIC: [8] Undefined index: p D:\www\www.cms.com\Run\Cache\Admin\6f357e9088c1c6d786b21213186f61cd.php 第 130 行.
NOTIC: [8] Undefined index: p D:\www\www.cms.com\Run\Cache\Admin\6f357e9088c1c6d786b21213186f61cd.php 第 130 行.
NOTIC: [8] Undefined index: p D:\www\www.cms.com\Run\Cache\Admin\6f357e9088c1c6d786b21213186f61cd.php 第 130 行.
NOTIC: [8] Undefined index: p D:\www\www.cms.com\Run\Cache\Admin\6f357e9088c1c6d786b21213186f61cd.php 第 130 行.
NOTIC: [8] Undefined index: p D:\www\www.cms.com\Run\Cache\Admin\6f357e9088c1c6d786b21213186f61cd.php 第 130 行.
NOTIC: [8] Undefined index: p D:\www\www.cms.com\Run\Cache\Admin\6f357e9088c1c6d786b21213186f61cd.php 第 130 行.
NOTIC: [8] Undefined index: p D:\www\www.cms.com\Run\Cache\Admin\6f357e9088c1c6d786b21213186f61cd.php 第 130 行.
NOTIC: [8] Undefined index: p D:\www\www.cms.com\Run\Cache\Admin\6f357e9088c1c6d786b21213186f61cd.php 第 130 行.
NOTIC: [8] Undefined index: p D:\www\www.cms.com\Run\Cache\Admin\6f357e9088c1c6d786b21213186f61cd.php 第 130 行.
NOTIC: [8] Undefined variable: page D:\www\www.cms.com\Run\Cache\Admin\6f357e9088c1c6d786b21213186f61cd.php 第 138 行.
INFO: Run Behavior\ParseTemplateBehavior [ RunTime:0.039003s ]
INFO: [ view_parse ] --END-- [ RunTime:0.039003s ]
INFO: [ view_filter ] --START--
INFO: Run Behavior\WriteHtmlCacheBehavior [ RunTime:0.000000s ]
INFO: [ view_filter ] --END-- [ RunTime:0.001000s ]
INFO: [ app_end ] --START--
INFO: Run Behavior\ShowPageTraceBehavior [ RunTime:0.001000s ]
INFO: [ app_end ] --END-- [ RunTime:0.001000s ]

[ 2016-11-17T10:04:47+08:00 ] 127.0.0.1 /Admin/Article/index.html
INFO: [ app_init ] --START--
INFO: Run Behavior\BuildLiteBehavior [ RunTime:0.000000s ]
INFO: [ app_init ] --END-- [ RunTime:0.000000s ]
INFO: [ app_begin ] --START--
INFO: Run Behavior\ReadHtmlCacheBehavior [ RunTime:0.000000s ]
INFO: [ app_begin ] --END-- [ RunTime:0.000000s ]
SQL: SHOW COLUMNS FROM `article_cate` [ RunTime:0.0030s ]
SQL: SELECT * FROM `article_cate` WHERE `status` = 1  [ RunTime:0.0000s ]
NOTIC: [8] Undefined index: name D:\www\www.cms.com\Application\Common\Common\function.php 第 200 行.
NOTIC: [8] Undefined index: name D:\www\www.cms.com\Application\Common\Common\function.php 第 200 行.
NOTIC: [8] Undefined index: name D:\www\www.cms.com\Application\Common\Common\function.php 第 200 行.
NOTIC: [8] Undefined index: name D:\www\www.cms.com\Application\Common\Common\function.php 第 200 行.
NOTIC: [8] Undefined index: name D:\www\www.cms.com\Application\Common\Common\function.php 第 200 行.
NOTIC: [8] Undefined index: name D:\www\www.cms.com\Application\Common\Common\function.php 第 200 行.
NOTIC: [8] Undefined index: name D:\www\www.cms.com\Application\Common\Common\function.php 第 200 行.
NOTIC: [8] Undefined index: name D:\www\www.cms.com\Application\Common\Common\function.php 第 200 行.
SQL: SHOW COLUMNS FROM `article` [ RunTime:0.0240s ]
SQL: SELECT COUNT(id) AS tp_count FROM `article` LIMIT 1   [ RunTime:0.0010s ]
SQL: SELECT * FROM `article` ORDER BY id desc LIMIT 0,20   [ RunTime:0.0180s ]
INFO: [ view_parse ] --START--
INFO: [ template_filter ] --START--
INFO: Run Behavior\ContentReplaceBehavior [ RunTime:0.000000s ]
INFO: [ template_filter ] --END-- [ RunTime:0.000000s ]
NOTIC: [8] Use of undefined constant Site - assumed 'Site' D:\www\www.cms.com\Run\Cache\Admin\26b9ecb31c9df489158aec773a0e6e35.php 第 45 行.
NOTIC: [8] Use of undefined constant Nav - assumed 'Nav' D:\www\www.cms.com\Run\Cache\Admin\26b9ecb31c9df489158aec773a0e6e35.php 第 46 行.
NOTIC: [8] Use of undefined constant Page - assumed 'Page' D:\www\www.cms.com\Run\Cache\Admin\26b9ecb31c9df489158aec773a0e6e35.php 第 47 行.
NOTIC: [8] Use of undefined constant Links - assumed 'Links' D:\www\www.cms.com\Run\Cache\Admin\26b9ecb31c9df489158aec773a0e6e35.php 第 48 行.
NOTIC: [8] Use of undefined constant Message - assumed 'Message' D:\www\www.cms.com\Run\Cache\Admin\26b9ecb31c9df489158aec773a0e6e35.php 第 49 行.
NOTIC: [8] Use of undefined constant Article - assumed 'Article' D:\www\www.cms.com\Run\Cache\Admin\26b9ecb31c9df489158aec773a0e6e35.php 第 53 行.
NOTIC: [8] Use of undefined constant ArticleCate - assumed 'ArticleCate' D:\www\www.cms.com\Run\Cache\Admin\26b9ecb31c9df489158aec773a0e6e35.php 第 54 行.
NOTIC: [8] Use of undefined constant Product - assumed 'Product' D:\www\www.cms.com\Run\Cache\Admin\26b9ecb31c9df489158aec773a0e6e35.php 第 58 行.
NOTIC: [8] Use of undefined constant ProductCate - assumed 'ProductCate' D:\www\www.cms.com\Run\Cache\Admin\26b9ecb31c9df489158aec773a0e6e35.php 第 59 行.
NOTIC: [8] Use of undefined constant Advertise - assumed 'Advertise' D:\www\www.cms.com\Run\Cache\Admin\26b9ecb31c9df489158aec773a0e6e35.php 第 63 行.
NOTIC: [8] Use of undefined constant AdvertiseCate - assumed 'AdvertiseCate' D:\www\www.cms.com\Run\Cache\Admin\26b9ecb31c9df489158aec773a0e6e35.php 第 64 行.
NOTIC: [8] Undefined index: cate_id D:\www\www.cms.com\Run\Cache\Admin\26b9ecb31c9df489158aec773a0e6e35.php 第 111 行.
NOTIC: [8] Undefined index: cate_id D:\www\www.cms.com\Run\Cache\Admin\26b9ecb31c9df489158aec773a0e6e35.php 第 111 行.
NOTIC: [8] Undefined index: cate_id D:\www\www.cms.com\Run\Cache\Admin\26b9ecb31c9df489158aec773a0e6e35.php 第 111 行.
NOTIC: [8] Undefined index: cate_id D:\www\www.cms.com\Run\Cache\Admin\26b9ecb31c9df489158aec773a0e6e35.php 第 111 行.
NOTIC: [8] Undefined index: cate_id D:\www\www.cms.com\Run\Cache\Admin\26b9ecb31c9df489158aec773a0e6e35.php 第 111 行.
NOTIC: [8] Undefined index: cate_id D:\www\www.cms.com\Run\Cache\Admin\26b9ecb31c9df489158aec773a0e6e35.php 第 111 行.
NOTIC: [8] Undefined index: cate_id D:\www\www.cms.com\Run\Cache\Admin\26b9ecb31c9df489158aec773a0e6e35.php 第 111 行.
NOTIC: [8] Undefined index: cate_id D:\www\www.cms.com\Run\Cache\Admin\26b9ecb31c9df489158aec773a0e6e35.php 第 111 行.
NOTIC: [8] Undefined index: cate_id D:\www\www.cms.com\Run\Cache\Admin\26b9ecb31c9df489158aec773a0e6e35.php 第 111 行.
NOTIC: [8] Undefined index: cate_id D:\www\www.cms.com\Run\Cache\Admin\26b9ecb31c9df489158aec773a0e6e35.php 第 111 行.
NOTIC: [8] Undefined index: cate_id D:\www\www.cms.com\Run\Cache\Admin\26b9ecb31c9df489158aec773a0e6e35.php 第 111 行.
NOTIC: [8] Undefined index: cate_id D:\www\www.cms.com\Run\Cache\Admin\26b9ecb31c9df489158aec773a0e6e35.php 第 111 行.
NOTIC: [8] Undefined index: cate_id D:\www\www.cms.com\Run\Cache\Admin\26b9ecb31c9df489158aec773a0e6e35.php 第 111 行.
NOTIC: [8] Undefined index: cate_id D:\www\www.cms.com\Run\Cache\Admin\26b9ecb31c9df489158aec773a0e6e35.php 第 111 行.
NOTIC: [8] Undefined index: cate_id D:\www\www.cms.com\Run\Cache\Admin\26b9ecb31c9df489158aec773a0e6e35.php 第 111 行.
NOTIC: [8] Undefined index: title D:\www\www.cms.com\Run\Cache\Admin\26b9ecb31c9df489158aec773a0e6e35.php 第 114 行.
SQL: SELECT `subject` FROM `article_cate` WHERE `id` = 29 LIMIT 1   [ RunTime:0.0000s ]
NOTIC: [8] Undefined index: p D:\www\www.cms.com\Run\Cache\Admin\26b9ecb31c9df489158aec773a0e6e35.php 第 149 行.
SQL: SELECT `subject` FROM `article_cate` WHERE `id` = 30 LIMIT 1   [ RunTime:0.0010s ]
NOTIC: [8] Undefined index: p D:\www\www.cms.com\Run\Cache\Admin\26b9ecb31c9df489158aec773a0e6e35.php 第 149 行.
SQL: SELECT `subject` FROM `article_cate` WHERE `id` = 30 LIMIT 1   [ RunTime:0.0010s ]
NOTIC: [8] Undefined index: p D:\www\www.cms.com\Run\Cache\Admin\26b9ecb31c9df489158aec773a0e6e35.php 第 149 行.
SQL: SELECT `subject` FROM `article_cate` WHERE `id` = 9 LIMIT 1   [ RunTime:0.0010s ]
NOTIC: [8] Undefined index: p D:\www\www.cms.com\Run\Cache\Admin\26b9ecb31c9df489158aec773a0e6e35.php 第 149 行.
SQL: SELECT `subject` FROM `article_cate` WHERE `id` = 27 LIMIT 1   [ RunTime:0.0010s ]
NOTIC: [8] Undefined index: p D:\www\www.cms.com\Run\Cache\Admin\26b9ecb31c9df489158aec773a0e6e35.php 第 149 行.
SQL: SELECT `subject` FROM `article_cate` WHERE `id` = 30 LIMIT 1   [ RunTime:0.0000s ]
NOTIC: [8] Undefined index: p D:\www\www.cms.com\Run\Cache\Admin\26b9ecb31c9df489158aec773a0e6e35.php 第 149 行.
SQL: SELECT `subject` FROM `article_cate` WHERE `id` = 9 LIMIT 1   [ RunTime:0.0000s ]
NOTIC: [8] Undefined index: p D:\www\www.cms.com\Run\Cache\Admin\26b9ecb31c9df489158aec773a0e6e35.php 第 149 行.
SQL: SELECT `subject` FROM `article_cate` WHERE `id` = 31 LIMIT 1   [ RunTime:0.0000s ]
NOTIC: [8] Undefined index: p D:\www\www.cms.com\Run\Cache\Admin\26b9ecb31c9df489158aec773a0e6e35.php 第 149 行.
SQL: SELECT `subject` FROM `article_cate` WHERE `id` = 30 LIMIT 1   [ RunTime:0.0000s ]
NOTIC: [8] Undefined index: p D:\www\www.cms.com\Run\Cache\Admin\26b9ecb31c9df489158aec773a0e6e35.php 第 149 行.
SQL: SELECT `subject` FROM `article_cate` WHERE `id` = 32 LIMIT 1   [ RunTime:0.0000s ]
NOTIC: [8] Undefined index: p D:\www\www.cms.com\Run\Cache\Admin\26b9ecb31c9df489158aec773a0e6e35.php 第 149 行.
SQL: SELECT `subject` FROM `article_cate` WHERE `id` = 32 LIMIT 1   [ RunTime:0.0000s ]
NOTIC: [8] Undefined index: p D:\www\www.cms.com\Run\Cache\Admin\26b9ecb31c9df489158aec773a0e6e35.php 第 149 行.
SQL: SELECT `subject` FROM `article_cate` WHERE `id` = 32 LIMIT 1   [ RunTime:0.0000s ]
NOTIC: [8] Undefined index: p D:\www\www.cms.com\Run\Cache\Admin\26b9ecb31c9df489158aec773a0e6e35.php 第 149 行.
SQL: SELECT `subject` FROM `article_cate` WHERE `id` = 31 LIMIT 1   [ RunTime:0.0000s ]
NOTIC: [8] Undefined index: p D:\www\www.cms.com\Run\Cache\Admin\26b9ecb31c9df489158aec773a0e6e35.php 第 149 行.
SQL: SELECT `subject` FROM `article_cate` WHERE `id` = 31 LIMIT 1   [ RunTime:0.0000s ]
NOTIC: [8] Undefined index: p D:\www\www.cms.com\Run\Cache\Admin\26b9ecb31c9df489158aec773a0e6e35.php 第 149 行.
SQL: SELECT `subject` FROM `article_cate` WHERE `id` = 32 LIMIT 1   [ RunTime:0.0000s ]
NOTIC: [8] Undefined index: p D:\www\www.cms.com\Run\Cache\Admin\26b9ecb31c9df489158aec773a0e6e35.php 第 149 行.
SQL: SELECT `subject` FROM `article_cate` WHERE `id` = 32 LIMIT 1   [ RunTime:0.0000s ]
NOTIC: [8] Undefined index: p D:\www\www.cms.com\Run\Cache\Admin\26b9ecb31c9df489158aec773a0e6e35.php 第 149 行.
SQL: SELECT `subject` FROM `article_cate` WHERE `id` = 32 LIMIT 1   [ RunTime:0.0000s ]
NOTIC: [8] Undefined index: p D:\www\www.cms.com\Run\Cache\Admin\26b9ecb31c9df489158aec773a0e6e35.php 第 149 行.
SQL: SELECT `subject` FROM `article_cate` WHERE `id` = 28 LIMIT 1   [ RunTime:0.0000s ]
NOTIC: [8] Undefined index: p D:\www\www.cms.com\Run\Cache\Admin\26b9ecb31c9df489158aec773a0e6e35.php 第 149 行.
SQL: SELECT `subject` FROM `article_cate` WHERE `id` = 9 LIMIT 1   [ RunTime:0.0000s ]
NOTIC: [8] Undefined index: p D:\www\www.cms.com\Run\Cache\Admin\26b9ecb31c9df489158aec773a0e6e35.php 第 149 行.
SQL: SELECT `subject` FROM `article_cate` WHERE `id` = 9 LIMIT 1   [ RunTime:0.0010s ]
NOTIC: [8] Undefined index: p D:\www\www.cms.com\Run\Cache\Admin\26b9ecb31c9df489158aec773a0e6e35.php 第 149 行.
INFO: Run Behavior\ParseTemplateBehavior [ RunTime:0.056003s ]
INFO: [ view_parse ] --END-- [ RunTime:0.056003s ]
INFO: [ view_filter ] --START--
INFO: Run Behavior\WriteHtmlCacheBehavior [ RunTime:0.000000s ]
INFO: [ view_filter ] --END-- [ RunTime:0.000000s ]
INFO: [ app_end ] --START--
INFO: Run Behavior\ShowPageTraceBehavior [ RunTime:0.000000s ]
INFO: [ app_end ] --END-- [ RunTime:0.000000s ]

[ 2016-11-17T10:05:17+08:00 ] 127.0.0.1 /Admin/Article/index/p/6.html
INFO: [ app_init ] --START--
INFO: Run Behavior\BuildLiteBehavior [ RunTime:0.000000s ]
INFO: [ app_init ] --END-- [ RunTime:0.000000s ]
INFO: [ app_begin ] --START--
INFO: Run Behavior\ReadHtmlCacheBehavior [ RunTime:0.000000s ]
INFO: [ app_begin ] --END-- [ RunTime:0.000000s ]
SQL: SHOW COLUMNS FROM `article_cate` [ RunTime:0.0020s ]
SQL: SELECT * FROM `article_cate` WHERE `status` = 1  [ RunTime:0.0010s ]
NOTIC: [8] Undefined index: name D:\www\www.cms.com\Application\Common\Common\function.php 第 200 行.
NOTIC: [8] Undefined index: name D:\www\www.cms.com\Application\Common\Common\function.php 第 200 行.
NOTIC: [8] Undefined index: name D:\www\www.cms.com\Application\Common\Common\function.php 第 200 行.
NOTIC: [8] Undefined index: name D:\www\www.cms.com\Application\Common\Common\function.php 第 200 行.
NOTIC: [8] Undefined index: name D:\www\www.cms.com\Application\Common\Common\function.php 第 200 行.
NOTIC: [8] Undefined index: name D:\www\www.cms.com\Application\Common\Common\function.php 第 200 行.
NOTIC: [8] Undefined index: name D:\www\www.cms.com\Application\Common\Common\function.php 第 200 行.
NOTIC: [8] Undefined index: name D:\www\www.cms.com\Application\Common\Common\function.php 第 200 行.
SQL: SHOW COLUMNS FROM `article` [ RunTime:0.0030s ]
SQL: SELECT COUNT(id) AS tp_count FROM `article` LIMIT 1   [ RunTime:0.0010s ]
SQL: SELECT * FROM `article` ORDER BY id desc LIMIT 100,20   [ RunTime:0.0270s ]
INFO: [ view_parse ] --START--
INFO: [ template_filter ] --START--
INFO: Run Behavior\ContentReplaceBehavior [ RunTime:0.000000s ]
INFO: [ template_filter ] --END-- [ RunTime:0.000000s ]
NOTIC: [8] Use of undefined constant Site - assumed 'Site' D:\www\www.cms.com\Run\Cache\Admin\26b9ecb31c9df489158aec773a0e6e35.php 第 45 行.
NOTIC: [8] Use of undefined constant Nav - assumed 'Nav' D:\www\www.cms.com\Run\Cache\Admin\26b9ecb31c9df489158aec773a0e6e35.php 第 46 行.
NOTIC: [8] Use of undefined constant Page - assumed 'Page' D:\www\www.cms.com\Run\Cache\Admin\26b9ecb31c9df489158aec773a0e6e35.php 第 47 行.
NOTIC: [8] Use of undefined constant Links - assumed 'Links' D:\www\www.cms.com\Run\Cache\Admin\26b9ecb31c9df489158aec773a0e6e35.php 第 48 行.
NOTIC: [8] Use of undefined constant Message - assumed 'Message' D:\www\www.cms.com\Run\Cache\Admin\26b9ecb31c9df489158aec773a0e6e35.php 第 49 行.
NOTIC: [8] Use of undefined constant Article - assumed 'Article' D:\www\www.cms.com\Run\Cache\Admin\26b9ecb31c9df489158aec773a0e6e35.php 第 53 行.
NOTIC: [8] Use of undefined constant ArticleCate - assumed 'ArticleCate' D:\www\www.cms.com\Run\Cache\Admin\26b9ecb31c9df489158aec773a0e6e35.php 第 54 行.
NOTIC: [8] Use of undefined constant Product - assumed 'Product' D:\www\www.cms.com\Run\Cache\Admin\26b9ecb31c9df489158aec773a0e6e35.php 第 58 行.
NOTIC: [8] Use of undefined constant ProductCate - assumed 'ProductCate' D:\www\www.cms.com\Run\Cache\Admin\26b9ecb31c9df489158aec773a0e6e35.php 第 59 行.
NOTIC: [8] Use of undefined constant Advertise - assumed 'Advertise' D:\www\www.cms.com\Run\Cache\Admin\26b9ecb31c9df489158aec773a0e6e35.php 第 63 行.
NOTIC: [8] Use of undefined constant AdvertiseCate - assumed 'AdvertiseCate' D:\www\www.cms.com\Run\Cache\Admin\26b9ecb31c9df489158aec773a0e6e35.php 第 64 行.
NOTIC: [8] Undefined index: cate_id D:\www\www.cms.com\Run\Cache\Admin\26b9ecb31c9df489158aec773a0e6e35.php 第 111 行.
NOTIC: [8] Undefined index: cate_id D:\www\www.cms.com\Run\Cache\Admin\26b9ecb31c9df489158aec773a0e6e35.php 第 111 行.
NOTIC: [8] Undefined index: cate_id D:\www\www.cms.com\Run\Cache\Admin\26b9ecb31c9df489158aec773a0e6e35.php 第 111 行.
NOTIC: [8] Undefined index: cate_id D:\www\www.cms.com\Run\Cache\Admin\26b9ecb31c9df489158aec773a0e6e35.php 第 111 行.
NOTIC: [8] Undefined index: cate_id D:\www\www.cms.com\Run\Cache\Admin\26b9ecb31c9df489158aec773a0e6e35.php 第 111 行.
NOTIC: [8] Undefined index: cate_id D:\www\www.cms.com\Run\Cache\Admin\26b9ecb31c9df489158aec773a0e6e35.php 第 111 行.
NOTIC: [8] Undefined index: cate_id D:\www\www.cms.com\Run\Cache\Admin\26b9ecb31c9df489158aec773a0e6e35.php 第 111 行.
NOTIC: [8] Undefined index: cate_id D:\www\www.cms.com\Run\Cache\Admin\26b9ecb31c9df489158aec773a0e6e35.php 第 111 行.
NOTIC: [8] Undefined index: cate_id D:\www\www.cms.com\Run\Cache\Admin\26b9ecb31c9df489158aec773a0e6e35.php 第 111 行.
NOTIC: [8] Undefined index: cate_id D:\www\www.cms.com\Run\Cache\Admin\26b9ecb31c9df489158aec773a0e6e35.php 第 111 行.
NOTIC: [8] Undefined index: cate_id D:\www\www.cms.com\Run\Cache\Admin\26b9ecb31c9df489158aec773a0e6e35.php 第 111 行.
NOTIC: [8] Undefined index: cate_id D:\www\www.cms.com\Run\Cache\Admin\26b9ecb31c9df489158aec773a0e6e35.php 第 111 行.
NOTIC: [8] Undefined index: cate_id D:\www\www.cms.com\Run\Cache\Admin\26b9ecb31c9df489158aec773a0e6e35.php 第 111 行.
NOTIC: [8] Undefined index: cate_id D:\www\www.cms.com\Run\Cache\Admin\26b9ecb31c9df489158aec773a0e6e35.php 第 111 行.
NOTIC: [8] Undefined index: cate_id D:\www\www.cms.com\Run\Cache\Admin\26b9ecb31c9df489158aec773a0e6e35.php 第 111 行.
NOTIC: [8] Undefined index: title D:\www\www.cms.com\Run\Cache\Admin\26b9ecb31c9df489158aec773a0e6e35.php 第 114 行.
SQL: SELECT `subject` FROM `article_cate` WHERE `id` = 31 LIMIT 1   [ RunTime:0.0010s ]
SQL: SELECT `subject` FROM `article_cate` WHERE `id` = 26 LIMIT 1   [ RunTime:0.0000s ]
SQL: SELECT `subject` FROM `article_cate` WHERE `id` = 30 LIMIT 1   [ RunTime:0.0000s ]
SQL: SELECT `subject` FROM `article_cate` WHERE `id` = 26 LIMIT 1   [ RunTime:0.0000s ]
SQL: SELECT `subject` FROM `article_cate` WHERE `id` = 26 LIMIT 1   [ RunTime:0.0010s ]
SQL: SELECT `subject` FROM `article_cate` WHERE `id` = 31 LIMIT 1   [ RunTime:0.0000s ]
SQL: SELECT `subject` FROM `article_cate` WHERE `id` = 26 LIMIT 1   [ RunTime:0.0000s ]
SQL: SELECT `subject` FROM `article_cate` WHERE `id` = 9 LIMIT 1   [ RunTime:0.0000s ]
SQL: SELECT `subject` FROM `article_cate` WHERE `id` = 30 LIMIT 1   [ RunTime:0.0000s ]
SQL: SELECT `subject` FROM `article_cate` WHERE `id` = 9 LIMIT 1   [ RunTime:0.0000s ]
SQL: SELECT `subject` FROM `article_cate` WHERE `id` = 31 LIMIT 1   [ RunTime:0.0000s ]
SQL: SELECT `subject` FROM `article_cate` WHERE `id` = 9 LIMIT 1   [ RunTime:0.0000s ]
SQL: SELECT `subject` FROM `article_cate` WHERE `id` = 9 LIMIT 1   [ RunTime:0.0000s ]
SQL: SELECT `subject` FROM `article_cate` WHERE `id` = 9 LIMIT 1   [ RunTime:0.0000s ]
SQL: SELECT `subject` FROM `article_cate` WHERE `id` = 26 LIMIT 1   [ RunTime:0.0000s ]
SQL: SELECT `subject` FROM `article_cate` WHERE `id` = 9 LIMIT 1   [ RunTime:0.0000s ]
SQL: SELECT `subject` FROM `article_cate` WHERE `id` = 9 LIMIT 1   [ RunTime:0.0000s ]
INFO: Run Behavior\ParseTemplateBehavior [ RunTime:0.041002s ]
INFO: [ view_parse ] --END-- [ RunTime:0.042002s ]
INFO: [ view_filter ] --START--
INFO: Run Behavior\WriteHtmlCacheBehavior [ RunTime:0.000000s ]
INFO: [ view_filter ] --END-- [ RunTime:0.000000s ]
INFO: [ app_end ] --START--
INFO: Run Behavior\ShowPageTraceBehavior [ RunTime:0.000000s ]
INFO: [ app_end ] --END-- [ RunTime:0.000000s ]

[ 2016-11-17T10:05:29+08:00 ] 127.0.0.1 /Admin/Article/index/p/1.html
INFO: [ app_init ] --START--
INFO: Run Behavior\BuildLiteBehavior [ RunTime:0.000000s ]
INFO: [ app_init ] --END-- [ RunTime:0.001001s ]
INFO: [ app_begin ] --START--
INFO: Run Behavior\ReadHtmlCacheBehavior [ RunTime:0.000000s ]
INFO: [ app_begin ] --END-- [ RunTime:0.001000s ]
SQL: SHOW COLUMNS FROM `article_cate` [ RunTime:0.0020s ]
SQL: SELECT * FROM `article_cate` WHERE `status` = 1  [ RunTime:0.0010s ]
NOTIC: [8] Undefined index: name D:\www\www.cms.com\Application\Common\Common\function.php 第 200 行.
NOTIC: [8] Undefined index: name D:\www\www.cms.com\Application\Common\Common\function.php 第 200 行.
NOTIC: [8] Undefined index: name D:\www\www.cms.com\Application\Common\Common\function.php 第 200 行.
NOTIC: [8] Undefined index: name D:\www\www.cms.com\Application\Common\Common\function.php 第 200 行.
NOTIC: [8] Undefined index: name D:\www\www.cms.com\Application\Common\Common\function.php 第 200 行.
NOTIC: [8] Undefined index: name D:\www\www.cms.com\Application\Common\Common\function.php 第 200 行.
NOTIC: [8] Undefined index: name D:\www\www.cms.com\Application\Common\Common\function.php 第 200 行.
NOTIC: [8] Undefined index: name D:\www\www.cms.com\Application\Common\Common\function.php 第 200 行.
SQL: SHOW COLUMNS FROM `article` [ RunTime:0.0020s ]
SQL: SELECT COUNT(id) AS tp_count FROM `article` LIMIT 1   [ RunTime:0.0000s ]
SQL: SELECT * FROM `article` ORDER BY id desc LIMIT 0,20   [ RunTime:0.0030s ]
INFO: [ view_parse ] --START--
INFO: [ template_filter ] --START--
INFO: Run Behavior\ContentReplaceBehavior [ RunTime:0.001000s ]
INFO: [ template_filter ] --END-- [ RunTime:0.001000s ]
NOTIC: [8] Use of undefined constant Site - assumed 'Site' D:\www\www.cms.com\Run\Cache\Admin\26b9ecb31c9df489158aec773a0e6e35.php 第 45 行.
NOTIC: [8] Use of undefined constant Nav - assumed 'Nav' D:\www\www.cms.com\Run\Cache\Admin\26b9ecb31c9df489158aec773a0e6e35.php 第 46 行.
NOTIC: [8] Use of undefined constant Page - assumed 'Page' D:\www\www.cms.com\Run\Cache\Admin\26b9ecb31c9df489158aec773a0e6e35.php 第 47 行.
NOTIC: [8] Use of undefined constant Links - assumed 'Links' D:\www\www.cms.com\Run\Cache\Admin\26b9ecb31c9df489158aec773a0e6e35.php 第 48 行.
NOTIC: [8] Use of undefined constant Message - assumed 'Message' D:\www\www.cms.com\Run\Cache\Admin\26b9ecb31c9df489158aec773a0e6e35.php 第 49 行.
NOTIC: [8] Use of undefined constant Article - assumed 'Article' D:\www\www.cms.com\Run\Cache\Admin\26b9ecb31c9df489158aec773a0e6e35.php 第 53 行.
NOTIC: [8] Use of undefined constant ArticleCate - assumed 'ArticleCate' D:\www\www.cms.com\Run\Cache\Admin\26b9ecb31c9df489158aec773a0e6e35.php 第 54 行.
NOTIC: [8] Use of undefined constant Product - assumed 'Product' D:\www\www.cms.com\Run\Cache\Admin\26b9ecb31c9df489158aec773a0e6e35.php 第 58 行.
NOTIC: [8] Use of undefined constant ProductCate - assumed 'ProductCate' D:\www\www.cms.com\Run\Cache\Admin\26b9ecb31c9df489158aec773a0e6e35.php 第 59 行.
NOTIC: [8] Use of undefined constant Advertise - assumed 'Advertise' D:\www\www.cms.com\Run\Cache\Admin\26b9ecb31c9df489158aec773a0e6e35.php 第 63 行.
NOTIC: [8] Use of undefined constant AdvertiseCate - assumed 'AdvertiseCate' D:\www\www.cms.com\Run\Cache\Admin\26b9ecb31c9df489158aec773a0e6e35.php 第 64 行.
NOTIC: [8] Undefined index: cate_id D:\www\www.cms.com\Run\Cache\Admin\26b9ecb31c9df489158aec773a0e6e35.php 第 111 行.
NOTIC: [8] Undefined index: cate_id D:\www\www.cms.com\Run\Cache\Admin\26b9ecb31c9df489158aec773a0e6e35.php 第 111 行.
NOTIC: [8] Undefined index: cate_id D:\www\www.cms.com\Run\Cache\Admin\26b9ecb31c9df489158aec773a0e6e35.php 第 111 行.
NOTIC: [8] Undefined index: cate_id D:\www\www.cms.com\Run\Cache\Admin\26b9ecb31c9df489158aec773a0e6e35.php 第 111 行.
NOTIC: [8] Undefined index: cate_id D:\www\www.cms.com\Run\Cache\Admin\26b9ecb31c9df489158aec773a0e6e35.php 第 111 行.
NOTIC: [8] Undefined index: cate_id D:\www\www.cms.com\Run\Cache\Admin\26b9ecb31c9df489158aec773a0e6e35.php 第 111 行.
NOTIC: [8] Undefined index: cate_id D:\www\www.cms.com\Run\Cache\Admin\26b9ecb31c9df489158aec773a0e6e35.php 第 111 行.
NOTIC: [8] Undefined index: cate_id D:\www\www.cms.com\Run\Cache\Admin\26b9ecb31c9df489158aec773a0e6e35.php 第 111 行.
NOTIC: [8] Undefined index: cate_id D:\www\www.cms.com\Run\Cache\Admin\26b9ecb31c9df489158aec773a0e6e35.php 第 111 行.
NOTIC: [8] Undefined index: cate_id D:\www\www.cms.com\Run\Cache\Admin\26b9ecb31c9df489158aec773a0e6e35.php 第 111 行.
NOTIC: [8] Undefined index: cate_id D:\www\www.cms.com\Run\Cache\Admin\26b9ecb31c9df489158aec773a0e6e35.php 第 111 行.
NOTIC: [8] Undefined index: cate_id D:\www\www.cms.com\Run\Cache\Admin\26b9ecb31c9df489158aec773a0e6e35.php 第 111 行.
NOTIC: [8] Undefined index: cate_id D:\www\www.cms.com\Run\Cache\Admin\26b9ecb31c9df489158aec773a0e6e35.php 第 111 行.
NOTIC: [8] Undefined index: cate_id D:\www\www.cms.com\Run\Cache\Admin\26b9ecb31c9df489158aec773a0e6e35.php 第 111 行.
NOTIC: [8] Undefined index: cate_id D:\www\www.cms.com\Run\Cache\Admin\26b9ecb31c9df489158aec773a0e6e35.php 第 111 行.
NOTIC: [8] Undefined index: title D:\www\www.cms.com\Run\Cache\Admin\26b9ecb31c9df489158aec773a0e6e35.php 第 114 行.
SQL: SELECT `subject` FROM `article_cate` WHERE `id` = 29 LIMIT 1   [ RunTime:0.0000s ]
SQL: SELECT `subject` FROM `article_cate` WHERE `id` = 30 LIMIT 1   [ RunTime:0.0000s ]
SQL: SELECT `subject` FROM `article_cate` WHERE `id` = 30 LIMIT 1   [ RunTime:0.0000s ]
SQL: SELECT `subject` FROM `article_cate` WHERE `id` = 9 LIMIT 1   [ RunTime:0.0000s ]
SQL: SELECT `subject` FROM `article_cate` WHERE `id` = 27 LIMIT 1   [ RunTime:0.0000s ]
SQL: SELECT `subject` FROM `article_cate` WHERE `id` = 30 LIMIT 1   [ RunTime:0.0000s ]
SQL: SELECT `subject` FROM `article_cate` WHERE `id` = 9 LIMIT 1   [ RunTime:0.0000s ]
SQL: SELECT `subject` FROM `article_cate` WHERE `id` = 31 LIMIT 1   [ RunTime:0.0000s ]
SQL: SELECT `subject` FROM `article_cate` WHERE `id` = 30 LIMIT 1   [ RunTime:0.0010s ]
SQL: SELECT `subject` FROM `article_cate` WHERE `id` = 32 LIMIT 1   [ RunTime:0.0000s ]
SQL: SELECT `subject` FROM `article_cate` WHERE `id` = 32 LIMIT 1   [ RunTime:0.0000s ]
SQL: SELECT `subject` FROM `article_cate` WHERE `id` = 32 LIMIT 1   [ RunTime:0.0000s ]
SQL: SELECT `subject` FROM `article_cate` WHERE `id` = 31 LIMIT 1   [ RunTime:0.0000s ]
SQL: SELECT `subject` FROM `article_cate` WHERE `id` = 31 LIMIT 1   [ RunTime:0.0000s ]
SQL: SELECT `subject` FROM `article_cate` WHERE `id` = 32 LIMIT 1   [ RunTime:0.0000s ]
SQL: SELECT `subject` FROM `article_cate` WHERE `id` = 32 LIMIT 1   [ RunTime:0.0000s ]
SQL: SELECT `subject` FROM `article_cate` WHERE `id` = 32 LIMIT 1   [ RunTime:0.0000s ]
SQL: SELECT `subject` FROM `article_cate` WHERE `id` = 28 LIMIT 1   [ RunTime:0.0000s ]
SQL: SELECT `subject` FROM `article_cate` WHERE `id` = 9 LIMIT 1   [ RunTime:0.0000s ]
SQL: SELECT `subject` FROM `article_cate` WHERE `id` = 9 LIMIT 1   [ RunTime:0.0000s ]
INFO: Run Behavior\ParseTemplateBehavior [ RunTime:0.052003s ]
INFO: [ view_parse ] --END-- [ RunTime:0.053003s ]
INFO: [ view_filter ] --START--
INFO: Run Behavior\WriteHtmlCacheBehavior [ RunTime:0.000000s ]
INFO: [ view_filter ] --END-- [ RunTime:0.000000s ]
INFO: [ app_end ] --START--
INFO: Run Behavior\ShowPageTraceBehavior [ RunTime:0.000000s ]
INFO: [ app_end ] --END-- [ RunTime:0.000000s ]

[ 2016-11-17T10:05:54+08:00 ] 127.0.0.1 /Admin/Article/index.html
INFO: [ app_init ] --START--
INFO: Run Behavior\BuildLiteBehavior [ RunTime:0.001000s ]
INFO: [ app_init ] --END-- [ RunTime:0.001000s ]
INFO: [ app_begin ] --START--
INFO: Run Behavior\ReadHtmlCacheBehavior [ RunTime:0.001000s ]
INFO: [ app_begin ] --END-- [ RunTime:0.001000s ]
SQL: SHOW COLUMNS FROM `article_cate` [ RunTime:0.0030s ]
SQL: SELECT * FROM `article_cate` WHERE `status` = 1  [ RunTime:0.0010s ]
NOTIC: [8] Undefined index: name D:\www\www.cms.com\Application\Common\Common\function.php 第 200 行.
NOTIC: [8] Undefined index: name D:\www\www.cms.com\Application\Common\Common\function.php 第 200 行.
NOTIC: [8] Undefined index: name D:\www\www.cms.com\Application\Common\Common\function.php 第 200 行.
NOTIC: [8] Undefined index: name D:\www\www.cms.com\Application\Common\Common\function.php 第 200 行.
NOTIC: [8] Undefined index: name D:\www\www.cms.com\Application\Common\Common\function.php 第 200 行.
NOTIC: [8] Undefined index: name D:\www\www.cms.com\Application\Common\Common\function.php 第 200 行.
NOTIC: [8] Undefined index: name D:\www\www.cms.com\Application\Common\Common\function.php 第 200 行.
NOTIC: [8] Undefined index: name D:\www\www.cms.com\Application\Common\Common\function.php 第 200 行.
SQL: SHOW COLUMNS FROM `article` [ RunTime:0.0030s ]
SQL: SELECT COUNT(id) AS tp_count FROM `article` LIMIT 1   [ RunTime:0.0000s ]
SQL: SELECT * FROM `article` ORDER BY id desc LIMIT 0,20   [ RunTime:0.0020s ]
INFO: [ view_parse ] --START--
INFO: [ template_filter ] --START--
INFO: Run Behavior\ContentReplaceBehavior [ RunTime:0.000000s ]
INFO: [ template_filter ] --END-- [ RunTime:0.001000s ]
NOTIC: [8] Use of undefined constant Site - assumed 'Site' D:\www\www.cms.com\Run\Cache\Admin\26b9ecb31c9df489158aec773a0e6e35.php 第 45 行.
NOTIC: [8] Use of undefined constant Nav - assumed 'Nav' D:\www\www.cms.com\Run\Cache\Admin\26b9ecb31c9df489158aec773a0e6e35.php 第 46 行.
NOTIC: [8] Use of undefined constant Page - assumed 'Page' D:\www\www.cms.com\Run\Cache\Admin\26b9ecb31c9df489158aec773a0e6e35.php 第 47 行.
NOTIC: [8] Use of undefined constant Links - assumed 'Links' D:\www\www.cms.com\Run\Cache\Admin\26b9ecb31c9df489158aec773a0e6e35.php 第 48 行.
NOTIC: [8] Use of undefined constant Message - assumed 'Message' D:\www\www.cms.com\Run\Cache\Admin\26b9ecb31c9df489158aec773a0e6e35.php 第 49 行.
NOTIC: [8] Use of undefined constant Article - assumed 'Article' D:\www\www.cms.com\Run\Cache\Admin\26b9ecb31c9df489158aec773a0e6e35.php 第 53 行.
NOTIC: [8] Use of undefined constant ArticleCate - assumed 'ArticleCate' D:\www\www.cms.com\Run\Cache\Admin\26b9ecb31c9df489158aec773a0e6e35.php 第 54 行.
NOTIC: [8] Use of undefined constant Product - assumed 'Product' D:\www\www.cms.com\Run\Cache\Admin\26b9ecb31c9df489158aec773a0e6e35.php 第 58 行.
NOTIC: [8] Use of undefined constant ProductCate - assumed 'ProductCate' D:\www\www.cms.com\Run\Cache\Admin\26b9ecb31c9df489158aec773a0e6e35.php 第 59 行.
NOTIC: [8] Use of undefined constant Advertise - assumed 'Advertise' D:\www\www.cms.com\Run\Cache\Admin\26b9ecb31c9df489158aec773a0e6e35.php 第 63 行.
NOTIC: [8] Use of undefined constant AdvertiseCate - assumed 'AdvertiseCate' D:\www\www.cms.com\Run\Cache\Admin\26b9ecb31c9df489158aec773a0e6e35.php 第 64 行.
NOTIC: [8] Undefined index: cate_id D:\www\www.cms.com\Run\Cache\Admin\26b9ecb31c9df489158aec773a0e6e35.php 第 111 行.
NOTIC: [8] Undefined index: cate_id D:\www\www.cms.com\Run\Cache\Admin\26b9ecb31c9df489158aec773a0e6e35.php 第 111 行.
NOTIC: [8] Undefined index: cate_id D:\www\www.cms.com\Run\Cache\Admin\26b9ecb31c9df489158aec773a0e6e35.php 第 111 行.
NOTIC: [8] Undefined index: cate_id D:\www\www.cms.com\Run\Cache\Admin\26b9ecb31c9df489158aec773a0e6e35.php 第 111 行.
NOTIC: [8] Undefined index: cate_id D:\www\www.cms.com\Run\Cache\Admin\26b9ecb31c9df489158aec773a0e6e35.php 第 111 行.
NOTIC: [8] Undefined index: cate_id D:\www\www.cms.com\Run\Cache\Admin\26b9ecb31c9df489158aec773a0e6e35.php 第 111 行.
NOTIC: [8] Undefined index: cate_id D:\www\www.cms.com\Run\Cache\Admin\26b9ecb31c9df489158aec773a0e6e35.php 第 111 行.
NOTIC: [8] Undefined index: cate_id D:\www\www.cms.com\Run\Cache\Admin\26b9ecb31c9df489158aec773a0e6e35.php 第 111 行.
NOTIC: [8] Undefined index: cate_id D:\www\www.cms.com\Run\Cache\Admin\26b9ecb31c9df489158aec773a0e6e35.php 第 111 行.
NOTIC: [8] Undefined index: cate_id D:\www\www.cms.com\Run\Cache\Admin\26b9ecb31c9df489158aec773a0e6e35.php 第 111 行.
NOTIC: [8] Undefined index: cate_id D:\www\www.cms.com\Run\Cache\Admin\26b9ecb31c9df489158aec773a0e6e35.php 第 111 行.
NOTIC: [8] Undefined index: cate_id D:\www\www.cms.com\Run\Cache\Admin\26b9ecb31c9df489158aec773a0e6e35.php 第 111 行.
NOTIC: [8] Undefined index: cate_id D:\www\www.cms.com\Run\Cache\Admin\26b9ecb31c9df489158aec773a0e6e35.php 第 111 行.
NOTIC: [8] Undefined index: cate_id D:\www\www.cms.com\Run\Cache\Admin\26b9ecb31c9df489158aec773a0e6e35.php 第 111 行.
NOTIC: [8] Undefined index: cate_id D:\www\www.cms.com\Run\Cache\Admin\26b9ecb31c9df489158aec773a0e6e35.php 第 111 行.
NOTIC: [8] Undefined index: title D:\www\www.cms.com\Run\Cache\Admin\26b9ecb31c9df489158aec773a0e6e35.php 第 114 行.
SQL: SELECT `subject` FROM `article_cate` WHERE `id` = 29 LIMIT 1   [ RunTime:0.0010s ]
NOTIC: [8] Undefined index: p D:\www\www.cms.com\Run\Cache\Admin\26b9ecb31c9df489158aec773a0e6e35.php 第 149 行.
SQL: SELECT `subject` FROM `article_cate` WHERE `id` = 30 LIMIT 1   [ RunTime:0.0000s ]
NOTIC: [8] Undefined index: p D:\www\www.cms.com\Run\Cache\Admin\26b9ecb31c9df489158aec773a0e6e35.php 第 149 行.
SQL: SELECT `subject` FROM `article_cate` WHERE `id` = 30 LIMIT 1   [ RunTime:0.0000s ]
NOTIC: [8] Undefined index: p D:\www\www.cms.com\Run\Cache\Admin\26b9ecb31c9df489158aec773a0e6e35.php 第 149 行.
SQL: SELECT `subject` FROM `article_cate` WHERE `id` = 9 LIMIT 1   [ RunTime:0.0010s ]
NOTIC: [8] Undefined index: p D:\www\www.cms.com\Run\Cache\Admin\26b9ecb31c9df489158aec773a0e6e35.php 第 149 行.
SQL: SELECT `subject` FROM `article_cate` WHERE `id` = 27 LIMIT 1   [ RunTime:0.0000s ]
NOTIC: [8] Undefined index: p D:\www\www.cms.com\Run\Cache\Admin\26b9ecb31c9df489158aec773a0e6e35.php 第 149 行.
SQL: SELECT `subject` FROM `article_cate` WHERE `id` = 30 LIMIT 1   [ RunTime:0.0010s ]
NOTIC: [8] Undefined index: p D:\www\www.cms.com\Run\Cache\Admin\26b9ecb31c9df489158aec773a0e6e35.php 第 149 行.
SQL: SELECT `subject` FROM `article_cate` WHERE `id` = 9 LIMIT 1   [ RunTime:0.0010s ]
NOTIC: [8] Undefined index: p D:\www\www.cms.com\Run\Cache\Admin\26b9ecb31c9df489158aec773a0e6e35.php 第 149 行.
SQL: SELECT `subject` FROM `article_cate` WHERE `id` = 31 LIMIT 1   [ RunTime:0.0000s ]
NOTIC: [8] Undefined index: p D:\www\www.cms.com\Run\Cache\Admin\26b9ecb31c9df489158aec773a0e6e35.php 第 149 行.
SQL: SELECT `subject` FROM `article_cate` WHERE `id` = 30 LIMIT 1   [ RunTime:0.0000s ]
NOTIC: [8] Undefined index: p D:\www\www.cms.com\Run\Cache\Admin\26b9ecb31c9df489158aec773a0e6e35.php 第 149 行.
SQL: SELECT `subject` FROM `article_cate` WHERE `id` = 32 LIMIT 1   [ RunTime:0.0000s ]
NOTIC: [8] Undefined index: p D:\www\www.cms.com\Run\Cache\Admin\26b9ecb31c9df489158aec773a0e6e35.php 第 149 行.
SQL: SELECT `subject` FROM `article_cate` WHERE `id` = 32 LIMIT 1   [ RunTime:0.0010s ]
NOTIC: [8] Undefined index: p D:\www\www.cms.com\Run\Cache\Admin\26b9ecb31c9df489158aec773a0e6e35.php 第 149 行.
SQL: SELECT `subject` FROM `article_cate` WHERE `id` = 32 LIMIT 1   [ RunTime:0.0000s ]
NOTIC: [8] Undefined index: p D:\www\www.cms.com\Run\Cache\Admin\26b9ecb31c9df489158aec773a0e6e35.php 第 149 行.
SQL: SELECT `subject` FROM `article_cate` WHERE `id` = 31 LIMIT 1   [ RunTime:0.0000s ]
NOTIC: [8] Undefined index: p D:\www\www.cms.com\Run\Cache\Admin\26b9ecb31c9df489158aec773a0e6e35.php 第 149 行.
SQL: SELECT `subject` FROM `article_cate` WHERE `id` = 31 LIMIT 1   [ RunTime:0.0010s ]
NOTIC: [8] Undefined index: p D:\www\www.cms.com\Run\Cache\Admin\26b9ecb31c9df489158aec773a0e6e35.php 第 149 行.
SQL: SELECT `subject` FROM `article_cate` WHERE `id` = 32 LIMIT 1   [ RunTime:0.0010s ]
NOTIC: [8] Undefined index: p D:\www\www.cms.com\Run\Cache\Admin\26b9ecb31c9df489158aec773a0e6e35.php 第 149 行.
SQL: SELECT `subject` FROM `article_cate` WHERE `id` = 32 LIMIT 1   [ RunTime:0.0010s ]
NOTIC: [8] Undefined index: p D:\www\www.cms.com\Run\Cache\Admin\26b9ecb31c9df489158aec773a0e6e35.php 第 149 行.
SQL: SELECT `subject` FROM `article_cate` WHERE `id` = 32 LIMIT 1   [ RunTime:0.0010s ]
NOTIC: [8] Undefined index: p D:\www\www.cms.com\Run\Cache\Admin\26b9ecb31c9df489158aec773a0e6e35.php 第 149 行.
SQL: SELECT `subject` FROM `article_cate` WHERE `id` = 28 LIMIT 1   [ RunTime:0.0000s ]
NOTIC: [8] Undefined index: p D:\www\www.cms.com\Run\Cache\Admin\26b9ecb31c9df489158aec773a0e6e35.php 第 149 行.
SQL: SELECT `subject` FROM `article_cate` WHERE `id` = 9 LIMIT 1   [ RunTime:0.0000s ]
NOTIC: [8] Undefined index: p D:\www\www.cms.com\Run\Cache\Admin\26b9ecb31c9df489158aec773a0e6e35.php 第 149 行.
SQL: SELECT `subject` FROM `article_cate` WHERE `id` = 9 LIMIT 1   [ RunTime:0.0000s ]
NOTIC: [8] Undefined index: p D:\www\www.cms.com\Run\Cache\Admin\26b9ecb31c9df489158aec773a0e6e35.php 第 149 行.
INFO: Run Behavior\ParseTemplateBehavior [ RunTime:0.045003s ]
INFO: [ view_parse ] --END-- [ RunTime:0.045003s ]
INFO: [ view_filter ] --START--
INFO: Run Behavior\WriteHtmlCacheBehavior [ RunTime:0.000000s ]
INFO: [ view_filter ] --END-- [ RunTime:0.000000s ]
INFO: [ app_end ] --START--
INFO: Run Behavior\ShowPageTraceBehavior [ RunTime:0.000000s ]
INFO: [ app_end ] --END-- [ RunTime:0.000000s ]

[ 2016-11-17T10:05:55+08:00 ] 127.0.0.1 /Admin/ArticleCate/index.html
INFO: [ app_init ] --START--
INFO: Run Behavior\BuildLiteBehavior [ RunTime:0.000000s ]
INFO: [ app_init ] --END-- [ RunTime:0.000000s ]
INFO: [ app_begin ] --START--
INFO: Run Behavior\ReadHtmlCacheBehavior [ RunTime:0.000000s ]
INFO: [ app_begin ] --END-- [ RunTime:0.000000s ]
SQL: SHOW COLUMNS FROM `article_cate` [ RunTime:0.0030s ]
SQL: SELECT * FROM `article_cate` WHERE `status` = 1  [ RunTime:0.0010s ]
NOTIC: [8] Undefined index: name D:\www\www.cms.com\Application\Common\Common\function.php 第 200 行.
NOTIC: [8] Undefined index: name D:\www\www.cms.com\Application\Common\Common\function.php 第 200 行.
NOTIC: [8] Undefined index: name D:\www\www.cms.com\Application\Common\Common\function.php 第 200 行.
NOTIC: [8] Undefined index: name D:\www\www.cms.com\Application\Common\Common\function.php 第 200 行.
NOTIC: [8] Undefined index: name D:\www\www.cms.com\Application\Common\Common\function.php 第 200 行.
NOTIC: [8] Undefined index: name D:\www\www.cms.com\Application\Common\Common\function.php 第 200 行.
NOTIC: [8] Undefined index: name D:\www\www.cms.com\Application\Common\Common\function.php 第 200 行.
NOTIC: [8] Undefined index: name D:\www\www.cms.com\Application\Common\Common\function.php 第 200 行.
SQL: SHOW COLUMNS FROM `article_cate` [ RunTime:0.0030s ]
SQL: SELECT * FROM `article_cate`  [ RunTime:0.0000s ]
NOTIC: [8] Undefined index: name D:\www\www.cms.com\Application\Common\Common\function.php 第 200 行.
NOTIC: [8] Undefined index: name D:\www\www.cms.com\Application\Common\Common\function.php 第 200 行.
NOTIC: [8] Undefined index: name D:\www\www.cms.com\Application\Common\Common\function.php 第 200 行.
NOTIC: [8] Undefined index: name D:\www\www.cms.com\Application\Common\Common\function.php 第 200 行.
NOTIC: [8] Undefined index: name D:\www\www.cms.com\Application\Common\Common\function.php 第 200 行.
NOTIC: [8] Undefined index: name D:\www\www.cms.com\Application\Common\Common\function.php 第 200 行.
NOTIC: [8] Undefined index: name D:\www\www.cms.com\Application\Common\Common\function.php 第 200 行.
NOTIC: [8] Undefined index: name D:\www\www.cms.com\Application\Common\Common\function.php 第 200 行.
NOTIC: [8] Undefined index: name D:\www\www.cms.com\Application\Common\Common\function.php 第 200 行.
INFO: [ view_parse ] --START--
INFO: [ template_filter ] --START--
INFO: Run Behavior\ContentReplaceBehavior [ RunTime:0.001000s ]
INFO: [ template_filter ] --END-- [ RunTime:0.001000s ]
NOTIC: [8] Use of undefined constant Site - assumed 'Site' D:\www\www.cms.com\Run\Cache\Admin\6f357e9088c1c6d786b21213186f61cd.php 第 45 行.
NOTIC: [8] Use of undefined constant Nav - assumed 'Nav' D:\www\www.cms.com\Run\Cache\Admin\6f357e9088c1c6d786b21213186f61cd.php 第 46 行.
NOTIC: [8] Use of undefined constant Page - assumed 'Page' D:\www\www.cms.com\Run\Cache\Admin\6f357e9088c1c6d786b21213186f61cd.php 第 47 行.
NOTIC: [8] Use of undefined constant Links - assumed 'Links' D:\www\www.cms.com\Run\Cache\Admin\6f357e9088c1c6d786b21213186f61cd.php 第 48 行.
NOTIC: [8] Use of undefined constant Message - assumed 'Message' D:\www\www.cms.com\Run\Cache\Admin\6f357e9088c1c6d786b21213186f61cd.php 第 49 行.
NOTIC: [8] Use of undefined constant Article - assumed 'Article' D:\www\www.cms.com\Run\Cache\Admin\6f357e9088c1c6d786b21213186f61cd.php 第 53 行.
NOTIC: [8] Use of undefined constant ArticleCate - assumed 'ArticleCate' D:\www\www.cms.com\Run\Cache\Admin\6f357e9088c1c6d786b21213186f61cd.php 第 54 行.
NOTIC: [8] Use of undefined constant Product - assumed 'Product' D:\www\www.cms.com\Run\Cache\Admin\6f357e9088c1c6d786b21213186f61cd.php 第 58 行.
NOTIC: [8] Use of undefined constant ProductCate - assumed 'ProductCate' D:\www\www.cms.com\Run\Cache\Admin\6f357e9088c1c6d786b21213186f61cd.php 第 59 行.
NOTIC: [8] Use of undefined constant Advertise - assumed 'Advertise' D:\www\www.cms.com\Run\Cache\Admin\6f357e9088c1c6d786b21213186f61cd.php 第 63 行.
NOTIC: [8] Use of undefined constant AdvertiseCate - assumed 'AdvertiseCate' D:\www\www.cms.com\Run\Cache\Admin\6f357e9088c1c6d786b21213186f61cd.php 第 64 行.
NOTIC: [8] Undefined index: p D:\www\www.cms.com\Run\Cache\Admin\6f357e9088c1c6d786b21213186f61cd.php 第 130 行.
NOTIC: [8] Undefined index: p D:\www\www.cms.com\Run\Cache\Admin\6f357e9088c1c6d786b21213186f61cd.php 第 130 行.
NOTIC: [8] Undefined index: p D:\www\www.cms.com\Run\Cache\Admin\6f357e9088c1c6d786b21213186f61cd.php 第 130 行.
NOTIC: [8] Undefined index: p D:\www\www.cms.com\Run\Cache\Admin\6f357e9088c1c6d786b21213186f61cd.php 第 130 行.
NOTIC: [8] Undefined index: p D:\www\www.cms.com\Run\Cache\Admin\6f357e9088c1c6d786b21213186f61cd.php 第 130 行.
NOTIC: [8] Undefined index: p D:\www\www.cms.com\Run\Cache\Admin\6f357e9088c1c6d786b21213186f61cd.php 第 130 行.
NOTIC: [8] Undefined index: p D:\www\www.cms.com\Run\Cache\Admin\6f357e9088c1c6d786b21213186f61cd.php 第 130 行.
NOTIC: [8] Undefined index: p D:\www\www.cms.com\Run\Cache\Admin\6f357e9088c1c6d786b21213186f61cd.php 第 130 行.
NOTIC: [8] Undefined index: p D:\www\www.cms.com\Run\Cache\Admin\6f357e9088c1c6d786b21213186f61cd.php 第 130 行.
NOTIC: [8] Undefined index: p D:\www\www.cms.com\Run\Cache\Admin\6f357e9088c1c6d786b21213186f61cd.php 第 130 行.
NOTIC: [8] Undefined index: p D:\www\www.cms.com\Run\Cache\Admin\6f357e9088c1c6d786b21213186f61cd.php 第 130 行.
NOTIC: [8] Undefined index: p D:\www\www.cms.com\Run\Cache\Admin\6f357e9088c1c6d786b21213186f61cd.php 第 130 行.
NOTIC: [8] Undefined index: p D:\www\www.cms.com\Run\Cache\Admin\6f357e9088c1c6d786b21213186f61cd.php 第 130 行.
NOTIC: [8] Undefined index: p D:\www\www.cms.com\Run\Cache\Admin\6f357e9088c1c6d786b21213186f61cd.php 第 130 行.
NOTIC: [8] Undefined index: p D:\www\www.cms.com\Run\Cache\Admin\6f357e9088c1c6d786b21213186f61cd.php 第 130 行.
NOTIC: [8] Undefined index: p D:\www\www.cms.com\Run\Cache\Admin\6f357e9088c1c6d786b21213186f61cd.php 第 130 行.
NOTIC: [8] Undefined variable: page D:\www\www.cms.com\Run\Cache\Admin\6f357e9088c1c6d786b21213186f61cd.php 第 138 行.
INFO: Run Behavior\ParseTemplateBehavior [ RunTime:0.023001s ]
INFO: [ view_parse ] --END-- [ RunTime:0.023001s ]
INFO: [ view_filter ] --START--
INFO: Run Behavior\WriteHtmlCacheBehavior [ RunTime:0.000000s ]
INFO: [ view_filter ] --END-- [ RunTime:0.000000s ]
INFO: [ app_end ] --START--
INFO: Run Behavior\ShowPageTraceBehavior [ RunTime:0.001000s ]
INFO: [ app_end ] --END-- [ RunTime:0.001000s ]

[ 2016-11-17T10:06:01+08:00 ] 127.0.0.1 /Admin/ArticleCate/ajax_status.html
INFO: [ app_init ] --START--
INFO: Run Behavior\BuildLiteBehavior [ RunTime:0.001000s ]
INFO: [ app_init ] --END-- [ RunTime:0.001000s ]
INFO: [ app_begin ] --START--
INFO: Run Behavior\ReadHtmlCacheBehavior [ RunTime:0.000000s ]
INFO: [ app_begin ] --END-- [ RunTime:0.000000s ]
SQL: SHOW COLUMNS FROM `article_cate` [ RunTime:0.0040s ]
SQL: SELECT * FROM `article_cate` WHERE `status` = 1  [ RunTime:0.0000s ]
NOTIC: [8] Undefined index: name D:\www\www.cms.com\Application\Common\Common\function.php 第 200 行.
NOTIC: [8] Undefined index: name D:\www\www.cms.com\Application\Common\Common\function.php 第 200 行.
NOTIC: [8] Undefined index: name D:\www\www.cms.com\Application\Common\Common\function.php 第 200 行.
NOTIC: [8] Undefined index: name D:\www\www.cms.com\Application\Common\Common\function.php 第 200 行.
NOTIC: [8] Undefined index: name D:\www\www.cms.com\Application\Common\Common\function.php 第 200 行.
NOTIC: [8] Undefined index: name D:\www\www.cms.com\Application\Common\Common\function.php 第 200 行.
NOTIC: [8] Undefined index: name D:\www\www.cms.com\Application\Common\Common\function.php 第 200 行.
NOTIC: [8] Undefined index: name D:\www\www.cms.com\Application\Common\Common\function.php 第 200 行.
SQL: SHOW COLUMNS FROM `article_cate` [ RunTime:0.0030s ]
SQL: SELECT * FROM `article_cate` WHERE `id` = 26 LIMIT 1   [ RunTime:0.0010s ]
SQL: UPDATE `article_cate` SET `status`='1' WHERE `id` = 26 [ RunTime:0.0010s ]

[ 2016-11-17T10:06:02+08:00 ] 127.0.0.1 /Admin/ArticleCate/ajax_status.html
INFO: [ app_init ] --START--
INFO: Run Behavior\BuildLiteBehavior [ RunTime:0.000000s ]
INFO: [ app_init ] --END-- [ RunTime:0.000000s ]
INFO: [ app_begin ] --START--
INFO: Run Behavior\ReadHtmlCacheBehavior [ RunTime:0.001000s ]
INFO: [ app_begin ] --END-- [ RunTime:0.001000s ]
SQL: SHOW COLUMNS FROM `article_cate` [ RunTime:0.0050s ]
SQL: SELECT * FROM `article_cate` WHERE `status` = 1  [ RunTime:0.0010s ]
NOTIC: [8] Undefined index: name D:\www\www.cms.com\Application\Common\Common\function.php 第 200 行.
NOTIC: [8] Undefined index: name D:\www\www.cms.com\Application\Common\Common\function.php 第 200 行.
NOTIC: [8] Undefined index: name D:\www\www.cms.com\Application\Common\Common\function.php 第 200 行.
NOTIC: [8] Undefined index: name D:\www\www.cms.com\Application\Common\Common\function.php 第 200 行.
NOTIC: [8] Undefined index: name D:\www\www.cms.com\Application\Common\Common\function.php 第 200 行.
NOTIC: [8] Undefined index: name D:\www\www.cms.com\Application\Common\Common\function.php 第 200 行.
NOTIC: [8] Undefined index: name D:\www\www.cms.com\Application\Common\Common\function.php 第 200 行.
NOTIC: [8] Undefined index: name D:\www\www.cms.com\Application\Common\Common\function.php 第 200 行.
NOTIC: [8] Undefined index: name D:\www\www.cms.com\Application\Common\Common\function.php 第 200 行.
SQL: SHOW COLUMNS FROM `article_cate` [ RunTime:0.0020s ]
SQL: SELECT * FROM `article_cate` WHERE `id` = 26 LIMIT 1   [ RunTime:0.0000s ]
SQL: UPDATE `article_cate` SET `status`='0' WHERE `id` = 26 [ RunTime:0.0000s ]

[ 2016-11-17T10:22:24+08:00 ] 127.0.0.1 /Admin/Product/index.html
INFO: [ app_init ] --START--
INFO: Run Behavior\BuildLiteBehavior [ RunTime:0.000000s ]
INFO: [ app_init ] --END-- [ RunTime:0.000000s ]
INFO: [ app_begin ] --START--
INFO: Run Behavior\ReadHtmlCacheBehavior [ RunTime:0.001000s ]
INFO: [ app_begin ] --END-- [ RunTime:0.001000s ]
SQL: SHOW COLUMNS FROM `product_cate` [ RunTime:0.0060s ]
SQL: SELECT * FROM `product_cate` WHERE `status` = 1  [ RunTime:0.0010s ]
SQL: SHOW COLUMNS FROM `product` [ RunTime:0.0130s ]
SQL: SELECT COUNT(id) AS tp_count FROM `product` LIMIT 1   [ RunTime:0.0000s ]
INFO: [ view_parse ] --START--
INFO: [ template_filter ] --START--
INFO: Run Behavior\ContentReplaceBehavior [ RunTime:0.000000s ]
INFO: [ template_filter ] --END-- [ RunTime:0.001000s ]
NOTIC: [8] Use of undefined constant Site - assumed 'Site' D:\www\www.cms.com\Run\Cache\Admin\86c96fa65b46193dbb0c8ace03fcde89.php 第 45 行.
NOTIC: [8] Use of undefined constant Nav - assumed 'Nav' D:\www\www.cms.com\Run\Cache\Admin\86c96fa65b46193dbb0c8ace03fcde89.php 第 46 行.
NOTIC: [8] Use of undefined constant Page - assumed 'Page' D:\www\www.cms.com\Run\Cache\Admin\86c96fa65b46193dbb0c8ace03fcde89.php 第 47 行.
NOTIC: [8] Use of undefined constant Links - assumed 'Links' D:\www\www.cms.com\Run\Cache\Admin\86c96fa65b46193dbb0c8ace03fcde89.php 第 48 行.
NOTIC: [8] Use of undefined constant Message - assumed 'Message' D:\www\www.cms.com\Run\Cache\Admin\86c96fa65b46193dbb0c8ace03fcde89.php 第 49 行.
NOTIC: [8] Use of undefined constant Article - assumed 'Article' D:\www\www.cms.com\Run\Cache\Admin\86c96fa65b46193dbb0c8ace03fcde89.php 第 53 行.
NOTIC: [8] Use of undefined constant ArticleCate - assumed 'ArticleCate' D:\www\www.cms.com\Run\Cache\Admin\86c96fa65b46193dbb0c8ace03fcde89.php 第 54 行.
NOTIC: [8] Use of undefined constant Product - assumed 'Product' D:\www\www.cms.com\Run\Cache\Admin\86c96fa65b46193dbb0c8ace03fcde89.php 第 58 行.
NOTIC: [8] Use of undefined constant ProductCate - assumed 'ProductCate' D:\www\www.cms.com\Run\Cache\Admin\86c96fa65b46193dbb0c8ace03fcde89.php 第 59 行.
NOTIC: [8] Use of undefined constant Advertise - assumed 'Advertise' D:\www\www.cms.com\Run\Cache\Admin\86c96fa65b46193dbb0c8ace03fcde89.php 第 63 行.
NOTIC: [8] Use of undefined constant AdvertiseCate - assumed 'AdvertiseCate' D:\www\www.cms.com\Run\Cache\Admin\86c96fa65b46193dbb0c8ace03fcde89.php 第 64 行.
NOTIC: [8] Undefined index: cate_id D:\www\www.cms.com\Run\Cache\Admin\86c96fa65b46193dbb0c8ace03fcde89.php 第 111 行.
NOTIC: [8] Undefined index: cate_id D:\www\www.cms.com\Run\Cache\Admin\86c96fa65b46193dbb0c8ace03fcde89.php 第 111 行.
NOTIC: [8] Undefined index: cate_id D:\www\www.cms.com\Run\Cache\Admin\86c96fa65b46193dbb0c8ace03fcde89.php 第 111 行.
NOTIC: [8] Undefined index: title D:\www\www.cms.com\Run\Cache\Admin\86c96fa65b46193dbb0c8ace03fcde89.php 第 114 行.
NOTIC: [8] Undefined variable: list D:\www\www.cms.com\Run\Cache\Admin\86c96fa65b46193dbb0c8ace03fcde89.php 第 134 行.
INFO: Run Behavior\ParseTemplateBehavior [ RunTime:0.051003s ]
INFO: [ view_parse ] --END-- [ RunTime:0.052003s ]
INFO: [ view_filter ] --START--
INFO: Run Behavior\WriteHtmlCacheBehavior [ RunTime:0.000000s ]
INFO: [ view_filter ] --END-- [ RunTime:0.000000s ]
INFO: [ app_end ] --START--
INFO: Run Behavior\ShowPageTraceBehavior [ RunTime:0.000000s ]
INFO: [ app_end ] --END-- [ RunTime:0.000000s ]

[ 2016-11-17T10:22:26+08:00 ] 127.0.0.1 /Admin/ProductCate/index.html
INFO: [ app_init ] --START--
INFO: Run Behavior\BuildLiteBehavior [ RunTime:0.000000s ]
INFO: [ app_init ] --END-- [ RunTime:0.000000s ]
INFO: [ app_begin ] --START--
INFO: Run Behavior\ReadHtmlCacheBehavior [ RunTime:0.000000s ]
INFO: [ app_begin ] --END-- [ RunTime:0.000000s ]
SQL: SHOW COLUMNS FROM `product_cate` [ RunTime:0.0030s ]
SQL: SELECT * FROM `product_cate` WHERE `status` = 1  [ RunTime:0.0010s ]
SQL: SHOW COLUMNS FROM `product_cate` [ RunTime:0.0030s ]
SQL: SELECT * FROM `product_cate`  [ RunTime:0.0000s ]
INFO: [ view_parse ] --START--
INFO: [ template_filter ] --START--
INFO: Run Behavior\ContentReplaceBehavior [ RunTime:0.000000s ]
INFO: [ template_filter ] --END-- [ RunTime:0.000000s ]
NOTIC: [8] Use of undefined constant Site - assumed 'Site' D:\www\www.cms.com\Run\Cache\Admin\84dae76e33984be8d356e5b70514fce3.php 第 45 行.
NOTIC: [8] Use of undefined constant Nav - assumed 'Nav' D:\www\www.cms.com\Run\Cache\Admin\84dae76e33984be8d356e5b70514fce3.php 第 46 行.
NOTIC: [8] Use of undefined constant Page - assumed 'Page' D:\www\www.cms.com\Run\Cache\Admin\84dae76e33984be8d356e5b70514fce3.php 第 47 行.
NOTIC: [8] Use of undefined constant Links - assumed 'Links' D:\www\www.cms.com\Run\Cache\Admin\84dae76e33984be8d356e5b70514fce3.php 第 48 行.
NOTIC: [8] Use of undefined constant Message - assumed 'Message' D:\www\www.cms.com\Run\Cache\Admin\84dae76e33984be8d356e5b70514fce3.php 第 49 行.
NOTIC: [8] Use of undefined constant Article - assumed 'Article' D:\www\www.cms.com\Run\Cache\Admin\84dae76e33984be8d356e5b70514fce3.php 第 53 行.
NOTIC: [8] Use of undefined constant ArticleCate - assumed 'ArticleCate' D:\www\www.cms.com\Run\Cache\Admin\84dae76e33984be8d356e5b70514fce3.php 第 54 行.
NOTIC: [8] Use of undefined constant Product - assumed 'Product' D:\www\www.cms.com\Run\Cache\Admin\84dae76e33984be8d356e5b70514fce3.php 第 58 行.
NOTIC: [8] Use of undefined constant ProductCate - assumed 'ProductCate' D:\www\www.cms.com\Run\Cache\Admin\84dae76e33984be8d356e5b70514fce3.php 第 59 行.
NOTIC: [8] Use of undefined constant Advertise - assumed 'Advertise' D:\www\www.cms.com\Run\Cache\Admin\84dae76e33984be8d356e5b70514fce3.php 第 63 行.
NOTIC: [8] Use of undefined constant AdvertiseCate - assumed 'AdvertiseCate' D:\www\www.cms.com\Run\Cache\Admin\84dae76e33984be8d356e5b70514fce3.php 第 64 行.
NOTIC: [8] Undefined index: p D:\www\www.cms.com\Run\Cache\Admin\84dae76e33984be8d356e5b70514fce3.php 第 130 行.
NOTIC: [8] Undefined index: p D:\www\www.cms.com\Run\Cache\Admin\84dae76e33984be8d356e5b70514fce3.php 第 130 行.
NOTIC: [8] Undefined index: p D:\www\www.cms.com\Run\Cache\Admin\84dae76e33984be8d356e5b70514fce3.php 第 130 行.
NOTIC: [8] Undefined variable: page D:\www\www.cms.com\Run\Cache\Admin\84dae76e33984be8d356e5b70514fce3.php 第 138 行.
INFO: Run Behavior\ParseTemplateBehavior [ RunTime:0.032002s ]
INFO: [ view_parse ] --END-- [ RunTime:0.032002s ]
INFO: [ view_filter ] --START--
INFO: Run Behavior\WriteHtmlCacheBehavior [ RunTime:0.001000s ]
INFO: [ view_filter ] --END-- [ RunTime:0.001000s ]
INFO: [ app_end ] --START--
INFO: Run Behavior\ShowPageTraceBehavior [ RunTime:0.000000s ]
INFO: [ app_end ] --END-- [ RunTime:0.000000s ]

[ 2016-11-17T10:22:27+08:00 ] 127.0.0.1 /Admin/Product/index.html
INFO: [ app_init ] --START--
INFO: Run Behavior\BuildLiteBehavior [ RunTime:0.000000s ]
INFO: [ app_init ] --END-- [ RunTime:0.001000s ]
INFO: [ app_begin ] --START--
INFO: Run Behavior\ReadHtmlCacheBehavior [ RunTime:0.000000s ]
INFO: [ app_begin ] --END-- [ RunTime:0.000000s ]
SQL: SHOW COLUMNS FROM `product_cate` [ RunTime:0.0030s ]
SQL: SELECT * FROM `product_cate` WHERE `status` = 1  [ RunTime:0.0000s ]
SQL: SHOW COLUMNS FROM `product` [ RunTime:0.0030s ]
SQL: SELECT COUNT(id) AS tp_count FROM `product` LIMIT 1   [ RunTime:0.0010s ]
INFO: [ view_parse ] --START--
INFO: [ template_filter ] --START--
INFO: Run Behavior\ContentReplaceBehavior [ RunTime:0.000000s ]
INFO: [ template_filter ] --END-- [ RunTime:0.000000s ]
NOTIC: [8] Use of undefined constant Site - assumed 'Site' D:\www\www.cms.com\Run\Cache\Admin\86c96fa65b46193dbb0c8ace03fcde89.php 第 45 行.
NOTIC: [8] Use of undefined constant Nav - assumed 'Nav' D:\www\www.cms.com\Run\Cache\Admin\86c96fa65b46193dbb0c8ace03fcde89.php 第 46 行.
NOTIC: [8] Use of undefined constant Page - assumed 'Page' D:\www\www.cms.com\Run\Cache\Admin\86c96fa65b46193dbb0c8ace03fcde89.php 第 47 行.
NOTIC: [8] Use of undefined constant Links - assumed 'Links' D:\www\www.cms.com\Run\Cache\Admin\86c96fa65b46193dbb0c8ace03fcde89.php 第 48 行.
NOTIC: [8] Use of undefined constant Message - assumed 'Message' D:\www\www.cms.com\Run\Cache\Admin\86c96fa65b46193dbb0c8ace03fcde89.php 第 49 行.
NOTIC: [8] Use of undefined constant Article - assumed 'Article' D:\www\www.cms.com\Run\Cache\Admin\86c96fa65b46193dbb0c8ace03fcde89.php 第 53 行.
NOTIC: [8] Use of undefined constant ArticleCate - assumed 'ArticleCate' D:\www\www.cms.com\Run\Cache\Admin\86c96fa65b46193dbb0c8ace03fcde89.php 第 54 行.
NOTIC: [8] Use of undefined constant Product - assumed 'Product' D:\www\www.cms.com\Run\Cache\Admin\86c96fa65b46193dbb0c8ace03fcde89.php 第 58 行.
NOTIC: [8] Use of undefined constant ProductCate - assumed 'ProductCate' D:\www\www.cms.com\Run\Cache\Admin\86c96fa65b46193dbb0c8ace03fcde89.php 第 59 行.
NOTIC: [8] Use of undefined constant Advertise - assumed 'Advertise' D:\www\www.cms.com\Run\Cache\Admin\86c96fa65b46193dbb0c8ace03fcde89.php 第 63 行.
NOTIC: [8] Use of undefined constant AdvertiseCate - assumed 'AdvertiseCate' D:\www\www.cms.com\Run\Cache\Admin\86c96fa65b46193dbb0c8ace03fcde89.php 第 64 行.
NOTIC: [8] Undefined index: cate_id D:\www\www.cms.com\Run\Cache\Admin\86c96fa65b46193dbb0c8ace03fcde89.php 第 111 行.
NOTIC: [8] Undefined index: cate_id D:\www\www.cms.com\Run\Cache\Admin\86c96fa65b46193dbb0c8ace03fcde89.php 第 111 行.
NOTIC: [8] Undefined index: cate_id D:\www\www.cms.com\Run\Cache\Admin\86c96fa65b46193dbb0c8ace03fcde89.php 第 111 行.
NOTIC: [8] Undefined index: title D:\www\www.cms.com\Run\Cache\Admin\86c96fa65b46193dbb0c8ace03fcde89.php 第 114 行.
NOTIC: [8] Undefined variable: list D:\www\www.cms.com\Run\Cache\Admin\86c96fa65b46193dbb0c8ace03fcde89.php 第 134 行.
INFO: Run Behavior\ParseTemplateBehavior [ RunTime:0.024001s ]
INFO: [ view_parse ] --END-- [ RunTime:0.024001s ]
INFO: [ view_filter ] --START--
INFO: Run Behavior\WriteHtmlCacheBehavior [ RunTime:0.000000s ]
INFO: [ view_filter ] --END-- [ RunTime:0.000000s ]
INFO: [ app_end ] --START--
INFO: Run Behavior\ShowPageTraceBehavior [ RunTime:0.001000s ]
INFO: [ app_end ] --END-- [ RunTime:0.001000s ]

[ 2016-11-17T10:22:29+08:00 ] 127.0.0.1 /Admin/ArticleCate/index.html
INFO: [ app_init ] --START--
INFO: Run Behavior\BuildLiteBehavior [ RunTime:0.000000s ]
INFO: [ app_init ] --END-- [ RunTime:0.001000s ]
INFO: [ app_begin ] --START--
INFO: Run Behavior\ReadHtmlCacheBehavior [ RunTime:0.000000s ]
INFO: [ app_begin ] --END-- [ RunTime:0.000000s ]
SQL: SHOW COLUMNS FROM `article_cate` [ RunTime:0.0030s ]
SQL: SELECT * FROM `article_cate` WHERE `status` = 1  [ RunTime:0.0010s ]
NOTIC: [8] Undefined index: name D:\www\www.cms.com\Application\Common\Common\function.php 第 200 行.
NOTIC: [8] Undefined index: name D:\www\www.cms.com\Application\Common\Common\function.php 第 200 行.
NOTIC: [8] Undefined index: name D:\www\www.cms.com\Application\Common\Common\function.php 第 200 行.
NOTIC: [8] Undefined index: name D:\www\www.cms.com\Application\Common\Common\function.php 第 200 行.
NOTIC: [8] Undefined index: name D:\www\www.cms.com\Application\Common\Common\function.php 第 200 行.
NOTIC: [8] Undefined index: name D:\www\www.cms.com\Application\Common\Common\function.php 第 200 行.
NOTIC: [8] Undefined index: name D:\www\www.cms.com\Application\Common\Common\function.php 第 200 行.
NOTIC: [8] Undefined index: name D:\www\www.cms.com\Application\Common\Common\function.php 第 200 行.
SQL: SHOW COLUMNS FROM `article_cate` [ RunTime:0.0030s ]
SQL: SELECT * FROM `article_cate`  [ RunTime:0.0010s ]
NOTIC: [8] Undefined index: name D:\www\www.cms.com\Application\Common\Common\function.php 第 200 行.
NOTIC: [8] Undefined index: name D:\www\www.cms.com\Application\Common\Common\function.php 第 200 行.
NOTIC: [8] Undefined index: name D:\www\www.cms.com\Application\Common\Common\function.php 第 200 行.
NOTIC: [8] Undefined index: name D:\www\www.cms.com\Application\Common\Common\function.php 第 200 行.
NOTIC: [8] Undefined index: name D:\www\www.cms.com\Application\Common\Common\function.php 第 200 行.
NOTIC: [8] Undefined index: name D:\www\www.cms.com\Application\Common\Common\function.php 第 200 行.
NOTIC: [8] Undefined index: name D:\www\www.cms.com\Application\Common\Common\function.php 第 200 行.
NOTIC: [8] Undefined index: name D:\www\www.cms.com\Application\Common\Common\function.php 第 200 行.
NOTIC: [8] Undefined index: name D:\www\www.cms.com\Application\Common\Common\function.php 第 200 行.
INFO: [ view_parse ] --START--
INFO: [ template_filter ] --START--
INFO: Run Behavior\ContentReplaceBehavior [ RunTime:0.000000s ]
INFO: [ template_filter ] --END-- [ RunTime:0.001000s ]
NOTIC: [8] Use of undefined constant Site - assumed 'Site' D:\www\www.cms.com\Run\Cache\Admin\6f357e9088c1c6d786b21213186f61cd.php 第 45 行.
NOTIC: [8] Use of undefined constant Nav - assumed 'Nav' D:\www\www.cms.com\Run\Cache\Admin\6f357e9088c1c6d786b21213186f61cd.php 第 46 行.
NOTIC: [8] Use of undefined constant Page - assumed 'Page' D:\www\www.cms.com\Run\Cache\Admin\6f357e9088c1c6d786b21213186f61cd.php 第 47 行.
NOTIC: [8] Use of undefined constant Links - assumed 'Links' D:\www\www.cms.com\Run\Cache\Admin\6f357e9088c1c6d786b21213186f61cd.php 第 48 行.
NOTIC: [8] Use of undefined constant Message - assumed 'Message' D:\www\www.cms.com\Run\Cache\Admin\6f357e9088c1c6d786b21213186f61cd.php 第 49 行.
NOTIC: [8] Use of undefined constant Article - assumed 'Article' D:\www\www.cms.com\Run\Cache\Admin\6f357e9088c1c6d786b21213186f61cd.php 第 53 行.
NOTIC: [8] Use of undefined constant ArticleCate - assumed 'ArticleCate' D:\www\www.cms.com\Run\Cache\Admin\6f357e9088c1c6d786b21213186f61cd.php 第 54 行.
NOTIC: [8] Use of undefined constant Product - assumed 'Product' D:\www\www.cms.com\Run\Cache\Admin\6f357e9088c1c6d786b21213186f61cd.php 第 58 行.
NOTIC: [8] Use of undefined constant ProductCate - assumed 'ProductCate' D:\www\www.cms.com\Run\Cache\Admin\6f357e9088c1c6d786b21213186f61cd.php 第 59 行.
NOTIC: [8] Use of undefined constant Advertise - assumed 'Advertise' D:\www\www.cms.com\Run\Cache\Admin\6f357e9088c1c6d786b21213186f61cd.php 第 63 行.
NOTIC: [8] Use of undefined constant AdvertiseCate - assumed 'AdvertiseCate' D:\www\www.cms.com\Run\Cache\Admin\6f357e9088c1c6d786b21213186f61cd.php 第 64 行.
NOTIC: [8] Undefined index: p D:\www\www.cms.com\Run\Cache\Admin\6f357e9088c1c6d786b21213186f61cd.php 第 130 行.
NOTIC: [8] Undefined index: p D:\www\www.cms.com\Run\Cache\Admin\6f357e9088c1c6d786b21213186f61cd.php 第 130 行.
NOTIC: [8] Undefined index: p D:\www\www.cms.com\Run\Cache\Admin\6f357e9088c1c6d786b21213186f61cd.php 第 130 行.
NOTIC: [8] Undefined index: p D:\www\www.cms.com\Run\Cache\Admin\6f357e9088c1c6d786b21213186f61cd.php 第 130 行.
NOTIC: [8] Undefined index: p D:\www\www.cms.com\Run\Cache\Admin\6f357e9088c1c6d786b21213186f61cd.php 第 130 行.
NOTIC: [8] Undefined index: p D:\www\www.cms.com\Run\Cache\Admin\6f357e9088c1c6d786b21213186f61cd.php 第 130 行.
NOTIC: [8] Undefined index: p D:\www\www.cms.com\Run\Cache\Admin\6f357e9088c1c6d786b21213186f61cd.php 第 130 行.
NOTIC: [8] Undefined index: p D:\www\www.cms.com\Run\Cache\Admin\6f357e9088c1c6d786b21213186f61cd.php 第 130 行.
NOTIC: [8] Undefined index: p D:\www\www.cms.com\Run\Cache\Admin\6f357e9088c1c6d786b21213186f61cd.php 第 130 行.
NOTIC: [8] Undefined index: p D:\www\www.cms.com\Run\Cache\Admin\6f357e9088c1c6d786b21213186f61cd.php 第 130 行.
NOTIC: [8] Undefined index: p D:\www\www.cms.com\Run\Cache\Admin\6f357e9088c1c6d786b21213186f61cd.php 第 130 行.
NOTIC: [8] Undefined index: p D:\www\www.cms.com\Run\Cache\Admin\6f357e9088c1c6d786b21213186f61cd.php 第 130 行.
NOTIC: [8] Undefined index: p D:\www\www.cms.com\Run\Cache\Admin\6f357e9088c1c6d786b21213186f61cd.php 第 130 行.
NOTIC: [8] Undefined index: p D:\www\www.cms.com\Run\Cache\Admin\6f357e9088c1c6d786b21213186f61cd.php 第 130 行.
NOTIC: [8] Undefined index: p D:\www\www.cms.com\Run\Cache\Admin\6f357e9088c1c6d786b21213186f61cd.php 第 130 行.
NOTIC: [8] Undefined index: p D:\www\www.cms.com\Run\Cache\Admin\6f357e9088c1c6d786b21213186f61cd.php 第 130 行.
NOTIC: [8] Undefined variable: page D:\www\www.cms.com\Run\Cache\Admin\6f357e9088c1c6d786b21213186f61cd.php 第 138 行.
INFO: Run Behavior\ParseTemplateBehavior [ RunTime:0.025001s ]
INFO: [ view_parse ] --END-- [ RunTime:0.025001s ]
INFO: [ view_filter ] --START--
INFO: Run Behavior\WriteHtmlCacheBehavior [ RunTime:0.000000s ]
INFO: [ view_filter ] --END-- [ RunTime:0.000000s ]
INFO: [ app_end ] --START--
INFO: Run Behavior\ShowPageTraceBehavior [ RunTime:0.000000s ]
INFO: [ app_end ] --END-- [ RunTime:0.000000s ]

