[ 2016-11-03T10:13:58+08:00 ] 127.0.0.1 /admin
INFO: [ app_init ] --START--
INFO: Run Behavior\BuildLiteBehavior [ RunTime:0.000000s ]
INFO: [ app_init ] --END-- [ RunTime:0.001000s ]
INFO: [ app_begin ] --START--
INFO: Run Behavior\ReadHtmlCacheBehavior [ RunTime:0.001000s ]
INFO: [ app_begin ] --END-- [ RunTime:0.001000s ]

[ 2016-11-03T10:13:58+08:00 ] 127.0.0.1 /Admin/Login/index.html
INFO: [ app_init ] --START--
INFO: Run Behavior\BuildLiteBehavior [ RunTime:0.000000s ]
INFO: [ app_init ] --END-- [ RunTime:0.000000s ]
INFO: [ app_begin ] --START--
INFO: Run Behavior\ReadHtmlCacheBehavior [ RunTime:0.000000s ]
INFO: [ app_begin ] --END-- [ RunTime:0.001000s ]
INFO: [ view_parse ] --START--
INFO: [ template_filter ] --START--
INFO: Run Behavior\ContentReplaceBehavior [ RunTime:0.001000s ]
INFO: [ template_filter ] --END-- [ RunTime:0.001000s ]
INFO: Run Behavior\ParseTemplateBehavior [ RunTime:0.006001s ]
INFO: [ view_parse ] --END-- [ RunTime:0.006001s ]
INFO: [ view_filter ] --START--
INFO: Run Behavior\WriteHtmlCacheBehavior [ RunTime:0.000000s ]
INFO: [ view_filter ] --END-- [ RunTime:0.001000s ]
INFO: [ app_end ] --START--
INFO: Run Behavior\ShowPageTraceBehavior [ RunTime:0.000000s ]
INFO: [ app_end ] --END-- [ RunTime:0.000000s ]

[ 2016-11-03T10:13:58+08:00 ] 127.0.0.1 /Admin/Login/verify_code.html
INFO: [ app_init ] --START--
INFO: Run Behavior\BuildLiteBehavior [ RunTime:0.000000s ]
INFO: [ app_init ] --END-- [ RunTime:0.000000s ]
INFO: [ app_begin ] --START--
INFO: Run Behavior\ReadHtmlCacheBehavior [ RunTime:0.001000s ]
INFO: [ app_begin ] --END-- [ RunTime:0.001000s ]
INFO: [ app_end ] --START--
INFO: Run Behavior\ShowPageTraceBehavior [ RunTime:0.000000s ]
INFO: [ app_end ] --END-- [ RunTime:0.000000s ]

[ 2016-11-03T10:14:07+08:00 ] 127.0.0.1 /Admin/Login/checkLogin.html
INFO: [ app_init ] --START--
INFO: Run Behavior\BuildLiteBehavior [ RunTime:0.000000s ]
INFO: [ app_init ] --END-- [ RunTime:0.000000s ]
INFO: [ app_begin ] --START--
INFO: Run Behavior\ReadHtmlCacheBehavior [ RunTime:0.000000s ]
INFO: [ app_begin ] --END-- [ RunTime:0.000000s ]
NOTIC: [8] Use of undefined constant is_POST - assumed 'is_POST' D:\www\www.cms.com\Application\Admin\Action\LoginAction.class.php 第 16 行.
SQL: SHOW COLUMNS FROM `admin` [ RunTime:0.0120s ]
SQL: SELECT * FROM `admin` WHERE `username` = 'admin' LIMIT 1   [ RunTime:0.0000s ]
NOTIC: [8] Undefined index: last_login_time D:\www\www.cms.com\Application\Admin\Action\LoginAction.class.php 第 35 行.

[ 2016-11-03T10:14:09+08:00 ] 127.0.0.1 /Admin/Index/index.html
INFO: [ app_init ] --START--
INFO: Run Behavior\BuildLiteBehavior [ RunTime:0.000000s ]
INFO: [ app_init ] --END-- [ RunTime:0.001001s ]
INFO: [ app_begin ] --START--
INFO: Run Behavior\ReadHtmlCacheBehavior [ RunTime:0.000000s ]
INFO: [ app_begin ] --END-- [ RunTime:0.000000s ]
INFO: [ view_parse ] --START--
INFO: [ template_filter ] --START--
INFO: Run Behavior\ContentReplaceBehavior [ RunTime:0.001001s ]
INFO: [ template_filter ] --END-- [ RunTime:0.001001s ]
INFO: Run Behavior\ParseTemplateBehavior [ RunTime:0.019001s ]
INFO: [ view_parse ] --END-- [ RunTime:0.019001s ]
INFO: [ view_filter ] --START--
INFO: Run Behavior\WriteHtmlCacheBehavior [ RunTime:0.000000s ]
INFO: [ view_filter ] --END-- [ RunTime:0.000000s ]
INFO: [ app_end ] --START--
INFO: Run Behavior\ShowPageTraceBehavior [ RunTime:0.000000s ]
INFO: [ app_end ] --END-- [ RunTime:0.001000s ]

[ 2016-11-03T10:14:11+08:00 ] 127.0.0.1 /Admin/Site/index.html
INFO: [ app_init ] --START--
INFO: Run Behavior\BuildLiteBehavior [ RunTime:0.000000s ]
INFO: [ app_init ] --END-- [ RunTime:0.001000s ]
INFO: [ app_begin ] --START--
INFO: Run Behavior\ReadHtmlCacheBehavior [ RunTime:0.000000s ]
INFO: [ app_begin ] --END-- [ RunTime:0.000000s ]
SQL: SHOW COLUMNS FROM `site` [ RunTime:0.0050s ]
SQL: SELECT * FROM `site` LIMIT 1   [ RunTime:0.0010s ]
INFO: [ view_parse ] --START--
INFO: [ template_filter ] --START--
INFO: Run Behavior\ContentReplaceBehavior [ RunTime:0.000000s ]
INFO: [ template_filter ] --END-- [ RunTime:0.000000s ]
NOTIC: [8] Use of undefined constant Site - assumed 'Site' D:\www\www.cms.com\Run\Cache\Admin\d90998f762402d205760f48578d398f2.php 第 45 行.
NOTIC: [8] Use of undefined constant Nav - assumed 'Nav' D:\www\www.cms.com\Run\Cache\Admin\d90998f762402d205760f48578d398f2.php 第 46 行.
NOTIC: [8] Use of undefined constant Page - assumed 'Page' D:\www\www.cms.com\Run\Cache\Admin\d90998f762402d205760f48578d398f2.php 第 47 行.
NOTIC: [8] Use of undefined constant Links - assumed 'Links' D:\www\www.cms.com\Run\Cache\Admin\d90998f762402d205760f48578d398f2.php 第 48 行.
NOTIC: [8] Use of undefined constant Message - assumed 'Message' D:\www\www.cms.com\Run\Cache\Admin\d90998f762402d205760f48578d398f2.php 第 49 行.
NOTIC: [8] Use of undefined constant Article - assumed 'Article' D:\www\www.cms.com\Run\Cache\Admin\d90998f762402d205760f48578d398f2.php 第 53 行.
NOTIC: [8] Use of undefined constant ArticleCate - assumed 'ArticleCate' D:\www\www.cms.com\Run\Cache\Admin\d90998f762402d205760f48578d398f2.php 第 54 行.
NOTIC: [8] Use of undefined constant Product - assumed 'Product' D:\www\www.cms.com\Run\Cache\Admin\d90998f762402d205760f48578d398f2.php 第 58 行.
NOTIC: [8] Use of undefined constant ProductCate - assumed 'ProductCate' D:\www\www.cms.com\Run\Cache\Admin\d90998f762402d205760f48578d398f2.php 第 59 行.
NOTIC: [8] Use of undefined constant Advertise - assumed 'Advertise' D:\www\www.cms.com\Run\Cache\Admin\d90998f762402d205760f48578d398f2.php 第 63 行.
NOTIC: [8] Use of undefined constant AdvertiseCate - assumed 'AdvertiseCate' D:\www\www.cms.com\Run\Cache\Admin\d90998f762402d205760f48578d398f2.php 第 64 行.
INFO: Run Behavior\ParseTemplateBehavior [ RunTime:0.031002s ]
INFO: [ view_parse ] --END-- [ RunTime:0.031002s ]
INFO: [ view_filter ] --START--
INFO: Run Behavior\WriteHtmlCacheBehavior [ RunTime:0.000000s ]
INFO: [ view_filter ] --END-- [ RunTime:0.000000s ]
INFO: [ app_end ] --START--
INFO: Run Behavior\ShowPageTraceBehavior [ RunTime:0.000000s ]
INFO: [ app_end ] --END-- [ RunTime:0.000000s ]

[ 2016-11-03T10:30:15+08:00 ] 127.0.0.1 /Admin/Message/index.html
INFO: [ app_init ] --START--
INFO: Run Behavior\BuildLiteBehavior [ RunTime:0.000000s ]
INFO: [ app_init ] --END-- [ RunTime:0.001000s ]
INFO: [ app_begin ] --START--
INFO: Run Behavior\ReadHtmlCacheBehavior [ RunTime:0.000000s ]
INFO: [ app_begin ] --END-- [ RunTime:0.000000s ]
SQL: SHOW COLUMNS FROM `message` [ RunTime:0.0150s ]
SQL: SELECT COUNT(id) AS tp_count FROM `message` LIMIT 1   [ RunTime:0.0000s ]
INFO: [ view_parse ] --START--
INFO: [ template_filter ] --START--
INFO: Run Behavior\ContentReplaceBehavior [ RunTime:0.001000s ]
INFO: [ template_filter ] --END-- [ RunTime:0.001000s ]
NOTIC: [8] Use of undefined constant Site - assumed 'Site' D:\www\www.cms.com\Run\Cache\Admin\a2882c2c30bc3650eb352cc0c2141c36.php 第 45 行.
NOTIC: [8] Use of undefined constant Nav - assumed 'Nav' D:\www\www.cms.com\Run\Cache\Admin\a2882c2c30bc3650eb352cc0c2141c36.php 第 46 行.
NOTIC: [8] Use of undefined constant Page - assumed 'Page' D:\www\www.cms.com\Run\Cache\Admin\a2882c2c30bc3650eb352cc0c2141c36.php 第 47 行.
NOTIC: [8] Use of undefined constant Links - assumed 'Links' D:\www\www.cms.com\Run\Cache\Admin\a2882c2c30bc3650eb352cc0c2141c36.php 第 48 行.
NOTIC: [8] Use of undefined constant Message - assumed 'Message' D:\www\www.cms.com\Run\Cache\Admin\a2882c2c30bc3650eb352cc0c2141c36.php 第 49 行.
NOTIC: [8] Use of undefined constant Article - assumed 'Article' D:\www\www.cms.com\Run\Cache\Admin\a2882c2c30bc3650eb352cc0c2141c36.php 第 53 行.
NOTIC: [8] Use of undefined constant ArticleCate - assumed 'ArticleCate' D:\www\www.cms.com\Run\Cache\Admin\a2882c2c30bc3650eb352cc0c2141c36.php 第 54 行.
NOTIC: [8] Use of undefined constant Product - assumed 'Product' D:\www\www.cms.com\Run\Cache\Admin\a2882c2c30bc3650eb352cc0c2141c36.php 第 58 行.
NOTIC: [8] Use of undefined constant ProductCate - assumed 'ProductCate' D:\www\www.cms.com\Run\Cache\Admin\a2882c2c30bc3650eb352cc0c2141c36.php 第 59 行.
NOTIC: [8] Use of undefined constant Advertise - assumed 'Advertise' D:\www\www.cms.com\Run\Cache\Admin\a2882c2c30bc3650eb352cc0c2141c36.php 第 63 行.
NOTIC: [8] Use of undefined constant AdvertiseCate - assumed 'AdvertiseCate' D:\www\www.cms.com\Run\Cache\Admin\a2882c2c30bc3650eb352cc0c2141c36.php 第 64 行.
NOTIC: [8] Undefined variable: list D:\www\www.cms.com\Run\Cache\Admin\a2882c2c30bc3650eb352cc0c2141c36.php 第 120 行.
INFO: Run Behavior\ParseTemplateBehavior [ RunTime:0.024002s ]
INFO: [ view_parse ] --END-- [ RunTime:0.026002s ]
INFO: [ view_filter ] --START--
INFO: Run Behavior\WriteHtmlCacheBehavior [ RunTime:0.000000s ]
INFO: [ view_filter ] --END-- [ RunTime:0.000000s ]
INFO: [ app_end ] --START--
INFO: Run Behavior\ShowPageTraceBehavior [ RunTime:0.000000s ]
INFO: [ app_end ] --END-- [ RunTime:0.001000s ]

[ 2016-11-03T10:30:16+08:00 ] 127.0.0.1 /Admin/Nav/index.html
INFO: [ app_init ] --START--
INFO: Run Behavior\BuildLiteBehavior [ RunTime:0.000000s ]
INFO: [ app_init ] --END-- [ RunTime:0.001000s ]
INFO: [ app_begin ] --START--
INFO: Run Behavior\ReadHtmlCacheBehavior [ RunTime:0.000000s ]
INFO: [ app_begin ] --END-- [ RunTime:0.000000s ]
SQL: SHOW COLUMNS FROM `nav` [ RunTime:0.0030s ]
SQL: SELECT COUNT(id) AS tp_count FROM `nav` LIMIT 1   [ RunTime:0.0000s ]
SQL: SELECT * FROM `nav` ORDER BY id desc LIMIT 0,20   [ RunTime:0.0000s ]
INFO: [ view_parse ] --START--
INFO: [ template_filter ] --START--
INFO: Run Behavior\ContentReplaceBehavior [ RunTime:0.000000s ]
INFO: [ template_filter ] --END-- [ RunTime:0.001000s ]
NOTIC: [8] Use of undefined constant Site - assumed 'Site' D:\www\www.cms.com\Run\Cache\Admin\4face663f9cd312534d47004070a3924.php 第 45 行.
NOTIC: [8] Use of undefined constant Nav - assumed 'Nav' D:\www\www.cms.com\Run\Cache\Admin\4face663f9cd312534d47004070a3924.php 第 46 行.
NOTIC: [8] Use of undefined constant Page - assumed 'Page' D:\www\www.cms.com\Run\Cache\Admin\4face663f9cd312534d47004070a3924.php 第 47 行.
NOTIC: [8] Use of undefined constant Links - assumed 'Links' D:\www\www.cms.com\Run\Cache\Admin\4face663f9cd312534d47004070a3924.php 第 48 行.
NOTIC: [8] Use of undefined constant Message - assumed 'Message' D:\www\www.cms.com\Run\Cache\Admin\4face663f9cd312534d47004070a3924.php 第 49 行.
NOTIC: [8] Use of undefined constant Article - assumed 'Article' D:\www\www.cms.com\Run\Cache\Admin\4face663f9cd312534d47004070a3924.php 第 53 行.
NOTIC: [8] Use of undefined constant ArticleCate - assumed 'ArticleCate' D:\www\www.cms.com\Run\Cache\Admin\4face663f9cd312534d47004070a3924.php 第 54 行.
NOTIC: [8] Use of undefined constant Product - assumed 'Product' D:\www\www.cms.com\Run\Cache\Admin\4face663f9cd312534d47004070a3924.php 第 58 行.
NOTIC: [8] Use of undefined constant ProductCate - assumed 'ProductCate' D:\www\www.cms.com\Run\Cache\Admin\4face663f9cd312534d47004070a3924.php 第 59 行.
NOTIC: [8] Use of undefined constant Advertise - assumed 'Advertise' D:\www\www.cms.com\Run\Cache\Admin\4face663f9cd312534d47004070a3924.php 第 63 行.
NOTIC: [8] Use of undefined constant AdvertiseCate - assumed 'AdvertiseCate' D:\www\www.cms.com\Run\Cache\Admin\4face663f9cd312534d47004070a3924.php 第 64 行.
NOTIC: [8] Undefined index: url D:\www\www.cms.com\Run\Cache\Admin\4face663f9cd312534d47004070a3924.php 第 119 行.
NOTIC: [8] Undefined index: p D:\www\www.cms.com\Run\Cache\Admin\4face663f9cd312534d47004070a3924.php 第 134 行.
NOTIC: [8] Undefined index: url D:\www\www.cms.com\Run\Cache\Admin\4face663f9cd312534d47004070a3924.php 第 119 行.
NOTIC: [8] Undefined index: p D:\www\www.cms.com\Run\Cache\Admin\4face663f9cd312534d47004070a3924.php 第 134 行.
NOTIC: [8] Undefined index: url D:\www\www.cms.com\Run\Cache\Admin\4face663f9cd312534d47004070a3924.php 第 119 行.
NOTIC: [8] Undefined index: p D:\www\www.cms.com\Run\Cache\Admin\4face663f9cd312534d47004070a3924.php 第 134 行.
NOTIC: [8] Undefined index: url D:\www\www.cms.com\Run\Cache\Admin\4face663f9cd312534d47004070a3924.php 第 119 行.
NOTIC: [8] Undefined index: p D:\www\www.cms.com\Run\Cache\Admin\4face663f9cd312534d47004070a3924.php 第 134 行.
NOTIC: [8] Undefined index: url D:\www\www.cms.com\Run\Cache\Admin\4face663f9cd312534d47004070a3924.php 第 119 行.
NOTIC: [8] Undefined index: p D:\www\www.cms.com\Run\Cache\Admin\4face663f9cd312534d47004070a3924.php 第 134 行.
NOTIC: [8] Undefined index: url D:\www\www.cms.com\Run\Cache\Admin\4face663f9cd312534d47004070a3924.php 第 119 行.
NOTIC: [8] Undefined index: p D:\www\www.cms.com\Run\Cache\Admin\4face663f9cd312534d47004070a3924.php 第 134 行.
NOTIC: [8] Undefined index: url D:\www\www.cms.com\Run\Cache\Admin\4face663f9cd312534d47004070a3924.php 第 119 行.
NOTIC: [8] Undefined index: p D:\www\www.cms.com\Run\Cache\Admin\4face663f9cd312534d47004070a3924.php 第 134 行.
NOTIC: [8] Undefined index: url D:\www\www.cms.com\Run\Cache\Admin\4face663f9cd312534d47004070a3924.php 第 119 行.
INFO: Run Behavior\ParseTemplateBehavior [ RunTime:0.026002s ]
INFO: [ view_parse ] --END-- [ RunTime:0.026002s ]
INFO: [ view_filter ] --START--
INFO: Run Behavior\WriteHtmlCacheBehavior [ RunTime:0.000000s ]
INFO: [ view_filter ] --END-- [ RunTime:0.001000s ]
INFO: [ app_end ] --START--
INFO: Run Behavior\ShowPageTraceBehavior [ RunTime:0.000000s ]
INFO: [ app_end ] --END-- [ RunTime:0.000000s ]

[ 2016-11-03T10:30:21+08:00 ] 127.0.0.1 /Admin/Nav/edit/id/13.html
INFO: [ app_init ] --START--
INFO: Run Behavior\BuildLiteBehavior [ RunTime:0.000000s ]
INFO: [ app_init ] --END-- [ RunTime:0.001000s ]
INFO: [ app_begin ] --START--
INFO: Run Behavior\ReadHtmlCacheBehavior [ RunTime:0.000000s ]
INFO: [ app_begin ] --END-- [ RunTime:0.000000s ]
SQL: SHOW COLUMNS FROM `nav` [ RunTime:0.0030s ]
SQL: SELECT * FROM `nav` WHERE `id` = 13 LIMIT 1   [ RunTime:0.0020s ]
SQL: SHOW COLUMNS FROM `article_cate` [ RunTime:0.0040s ]
SQL: SELECT `id`,`parent_id`,`subject` FROM `article_cate` WHERE `status` = 1  [ RunTime:0.0010s ]
NOTIC: [8] Undefined index: name D:\www\www.cms.com\Application\Common\Common\function.php 第 200 行.
NOTIC: [8] Undefined index: name D:\www\www.cms.com\Application\Common\Common\function.php 第 200 行.
NOTIC: [8] Undefined index: name D:\www\www.cms.com\Application\Common\Common\function.php 第 200 行.
NOTIC: [8] Undefined index: name D:\www\www.cms.com\Application\Common\Common\function.php 第 200 行.
NOTIC: [8] Undefined index: name D:\www\www.cms.com\Application\Common\Common\function.php 第 200 行.
NOTIC: [8] Undefined index: name D:\www\www.cms.com\Application\Common\Common\function.php 第 200 行.
NOTIC: [8] Undefined index: name D:\www\www.cms.com\Application\Common\Common\function.php 第 200 行.
NOTIC: [8] Undefined index: name D:\www\www.cms.com\Application\Common\Common\function.php 第 200 行.
NOTIC: [8] Undefined index: name D:\www\www.cms.com\Application\Common\Common\function.php 第 200 行.
INFO: [ view_parse ] --START--
INFO: [ template_filter ] --START--
INFO: Run Behavior\ContentReplaceBehavior [ RunTime:0.000000s ]
INFO: [ template_filter ] --END-- [ RunTime:0.000000s ]
NOTIC: [8] Use of undefined constant Site - assumed 'Site' D:\www\www.cms.com\Run\Cache\Admin\cac96f9fc5f9a5aa89b534be80025bac.php 第 45 行.
NOTIC: [8] Use of undefined constant Nav - assumed 'Nav' D:\www\www.cms.com\Run\Cache\Admin\cac96f9fc5f9a5aa89b534be80025bac.php 第 46 行.
NOTIC: [8] Use of undefined constant Page - assumed 'Page' D:\www\www.cms.com\Run\Cache\Admin\cac96f9fc5f9a5aa89b534be80025bac.php 第 47 行.
NOTIC: [8] Use of undefined constant Links - assumed 'Links' D:\www\www.cms.com\Run\Cache\Admin\cac96f9fc5f9a5aa89b534be80025bac.php 第 48 行.
NOTIC: [8] Use of undefined constant Message - assumed 'Message' D:\www\www.cms.com\Run\Cache\Admin\cac96f9fc5f9a5aa89b534be80025bac.php 第 49 行.
NOTIC: [8] Use of undefined constant Article - assumed 'Article' D:\www\www.cms.com\Run\Cache\Admin\cac96f9fc5f9a5aa89b534be80025bac.php 第 53 行.
NOTIC: [8] Use of undefined constant ArticleCate - assumed 'ArticleCate' D:\www\www.cms.com\Run\Cache\Admin\cac96f9fc5f9a5aa89b534be80025bac.php 第 54 行.
NOTIC: [8] Use of undefined constant Product - assumed 'Product' D:\www\www.cms.com\Run\Cache\Admin\cac96f9fc5f9a5aa89b534be80025bac.php 第 58 行.
NOTIC: [8] Use of undefined constant ProductCate - assumed 'ProductCate' D:\www\www.cms.com\Run\Cache\Admin\cac96f9fc5f9a5aa89b534be80025bac.php 第 59 行.
NOTIC: [8] Use of undefined constant Advertise - assumed 'Advertise' D:\www\www.cms.com\Run\Cache\Admin\cac96f9fc5f9a5aa89b534be80025bac.php 第 63 行.
NOTIC: [8] Use of undefined constant AdvertiseCate - assumed 'AdvertiseCate' D:\www\www.cms.com\Run\Cache\Admin\cac96f9fc5f9a5aa89b534be80025bac.php 第 64 行.
NOTIC: [8] Undefined index: p D:\www\www.cms.com\Run\Cache\Admin\cac96f9fc5f9a5aa89b534be80025bac.php 第 105 行.
INFO: Run Behavior\ParseTemplateBehavior [ RunTime:0.021001s ]
INFO: [ view_parse ] --END-- [ RunTime:0.021001s ]
INFO: [ view_filter ] --START--
INFO: Run Behavior\WriteHtmlCacheBehavior [ RunTime:0.000000s ]
INFO: [ view_filter ] --END-- [ RunTime:0.000000s ]
INFO: [ app_end ] --START--
INFO: Run Behavior\ShowPageTraceBehavior [ RunTime:0.000000s ]
INFO: [ app_end ] --END-- [ RunTime:0.000000s ]

