[ 2016-11-18T14:41:41+08:00 ] 127.0.0.1 /
INFO: [ app_init ] --START--
INFO: Run Behavior\BuildLiteBehavior [ RunTime:0.000000s ]
INFO: [ app_init ] --END-- [ RunTime:0.001000s ]
INFO: [ app_begin ] --START--
INFO: Run Behavior\ReadHtmlCacheBehavior [ RunTime:0.010001s ]
INFO: [ app_begin ] --END-- [ RunTime:0.010001s ]
NOTIC: [2048] Declaration of Home\Action\IndexAction::show() should be compatible with Think\Controller::show($content, $charset = '', $contentType = '', $prefix = '') D:\www\www.cms.com\Application\Home\Action\IndexAction.class.php 第 7 行.
SQL: SHOW COLUMNS FROM `site` [ RunTime:0.0180s ]
SQL: SELECT * FROM `site` LIMIT 1   [ RunTime:0.0010s ]
SQL: SHOW COLUMNS FROM `links` [ RunTime:0.0150s ]
SQL: SELECT * FROM `links` WHERE `status` = 1 ORDER BY sort desc  [ RunTime:0.0010s ]
SQL: SHOW COLUMNS FROM `nav` [ RunTime:0.0180s ]
SQL: SELECT * FROM `nav` WHERE `status` = 1 ORDER BY sort desc LIMIT 8   [ RunTime:0.0010s ]
SQL: SHOW COLUMNS FROM `advertise` [ RunTime:0.0230s ]
SQL: SELECT a.site_url,a.img_url,a.title FROM advertise a left join advertise_cate c on a.cate_id=c.id  WHERE c.flag = 'side_adv' AND a.status = 1 AND c.status = 1 LIMIT 1   [ RunTime:0.0140s ]
INFO: [ view_parse ] --START--
INFO: [ template_filter ] --START--
INFO: Run Behavior\ContentReplaceBehavior [ RunTime:0.001000s ]
INFO: [ template_filter ] --END-- [ RunTime:0.001000s ]
INFO: Run Behavior\ParseTemplateBehavior [ RunTime:0.038002s ]
INFO: [ view_parse ] --END-- [ RunTime:0.038002s ]
INFO: [ view_filter ] --START--
INFO: Run Behavior\WriteHtmlCacheBehavior [ RunTime:0.003001s ]
INFO: [ view_filter ] --END-- [ RunTime:0.003001s ]
INFO: [ app_end ] --START--
INFO: Run Behavior\ShowPageTraceBehavior [ RunTime:0.006000s ]
INFO: [ app_end ] --END-- [ RunTime:0.007000s ]

[ 2016-11-18T14:42:42+08:00 ] 127.0.0.1 /0/0.html
INFO: [ app_init ] --START--
INFO: Run Behavior\BuildLiteBehavior [ RunTime:0.000000s ]
INFO: [ app_init ] --END-- [ RunTime:0.001000s ]
INFO: [ app_begin ] --START--
INFO: Run Behavior\ReadHtmlCacheBehavior [ RunTime:0.001000s ]
INFO: [ app_begin ] --END-- [ RunTime:0.001000s ]
NOTIC: [2048] Declaration of Home\Action\IndexAction::show() should be compatible with Think\Controller::show($content, $charset = '', $contentType = '', $prefix = '') D:\www\www.cms.com\Application\Home\Action\IndexAction.class.php 第 7 行.
SQL: SHOW COLUMNS FROM `site` [ RunTime:0.0030s ]
SQL: SELECT * FROM `site` LIMIT 1   [ RunTime:0.0010s ]
SQL: SHOW COLUMNS FROM `links` [ RunTime:0.0030s ]
SQL: SELECT * FROM `links` WHERE `status` = 1 ORDER BY sort desc  [ RunTime:0.0010s ]
SQL: SHOW COLUMNS FROM `nav` [ RunTime:0.0030s ]
SQL: SELECT * FROM `nav` WHERE `status` = 1 ORDER BY sort desc LIMIT 8   [ RunTime:0.0000s ]
SQL: SHOW COLUMNS FROM `advertise` [ RunTime:0.0040s ]
SQL: SELECT a.site_url,a.img_url,a.title FROM advertise a left join advertise_cate c on a.cate_id=c.id  WHERE c.flag = 'side_adv' AND a.status = 1 AND c.status = 1 LIMIT 1   [ RunTime:0.0000s ]
INFO: [ view_parse ] --START--
INFO: [ template_filter ] --START--
INFO: Run Behavior\ContentReplaceBehavior [ RunTime:0.000000s ]
INFO: [ template_filter ] --END-- [ RunTime:0.000000s ]
INFO: Run Behavior\ParseTemplateBehavior [ RunTime:0.017000s ]
INFO: [ view_parse ] --END-- [ RunTime:0.017000s ]
INFO: [ view_filter ] --START--
INFO: Run Behavior\WriteHtmlCacheBehavior [ RunTime:0.000000s ]
INFO: [ view_filter ] --END-- [ RunTime:0.001001s ]
INFO: [ app_end ] --START--
INFO: Run Behavior\ShowPageTraceBehavior [ RunTime:0.001000s ]
INFO: [ app_end ] --END-- [ RunTime:0.001000s ]

[ 2016-11-18T14:43:04+08:00 ] 127.0.0.1 /page/1.html
INFO: [ app_init ] --START--
INFO: Run Behavior\BuildLiteBehavior [ RunTime:0.000000s ]
INFO: [ app_init ] --END-- [ RunTime:0.001000s ]
INFO: [ app_begin ] --START--
INFO: Run Behavior\ReadHtmlCacheBehavior [ RunTime:0.000000s ]
INFO: [ app_begin ] --END-- [ RunTime:0.000000s ]
NOTIC: [2048] Declaration of Home\Action\IndexAction::show() should be compatible with Think\Controller::show($content, $charset = '', $contentType = '', $prefix = '') D:\www\www.cms.com\Application\Home\Action\IndexAction.class.php 第 7 行.
SQL: SHOW COLUMNS FROM `site` [ RunTime:0.0030s ]
SQL: SELECT * FROM `site` LIMIT 1   [ RunTime:0.0000s ]
SQL: SHOW COLUMNS FROM `links` [ RunTime:0.0030s ]
SQL: SELECT * FROM `links` WHERE `status` = 1 ORDER BY sort desc  [ RunTime:0.0000s ]
SQL: SHOW COLUMNS FROM `nav` [ RunTime:0.0040s ]
SQL: SELECT * FROM `nav` WHERE `status` = 1 ORDER BY sort desc LIMIT 8   [ RunTime:0.0010s ]
SQL: SHOW COLUMNS FROM `advertise` [ RunTime:0.0040s ]
SQL: SELECT a.site_url,a.img_url,a.title FROM advertise a left join advertise_cate c on a.cate_id=c.id  WHERE c.flag = 'side_adv' AND a.status = 1 AND c.status = 1 LIMIT 1   [ RunTime:0.0000s ]
SQL: SHOW COLUMNS FROM `page` [ RunTime:0.0240s ]
SQL: SELECT * FROM `page` WHERE `id` = 1 LIMIT 1   [ RunTime:0.0010s ]
INFO: [ view_parse ] --START--
INFO: [ template_filter ] --START--
INFO: Run Behavior\ContentReplaceBehavior [ RunTime:0.000000s ]
INFO: [ template_filter ] --END-- [ RunTime:0.000000s ]
INFO: Run Behavior\ParseTemplateBehavior [ RunTime:0.022001s ]
INFO: [ view_parse ] --END-- [ RunTime:0.022001s ]
INFO: [ view_filter ] --START--
INFO: Run Behavior\WriteHtmlCacheBehavior [ RunTime:0.000000s ]
INFO: [ view_filter ] --END-- [ RunTime:0.000000s ]
INFO: [ app_end ] --START--
INFO: Run Behavior\ShowPageTraceBehavior [ RunTime:0.001001s ]
INFO: [ app_end ] --END-- [ RunTime:0.001001s ]

[ 2016-11-18T14:43:09+08:00 ] 127.0.0.1 /Home/Index/rongyu.html
INFO: [ app_init ] --START--
INFO: Run Behavior\BuildLiteBehavior [ RunTime:0.000000s ]
INFO: [ app_init ] --END-- [ RunTime:0.000000s ]
INFO: [ app_begin ] --START--
INFO: Run Behavior\ReadHtmlCacheBehavior [ RunTime:0.000000s ]
INFO: [ app_begin ] --END-- [ RunTime:0.000000s ]
NOTIC: [2048] Declaration of Home\Action\IndexAction::show() should be compatible with Think\Controller::show($content, $charset = '', $contentType = '', $prefix = '') D:\www\www.cms.com\Application\Home\Action\IndexAction.class.php 第 7 行.
SQL: SHOW COLUMNS FROM `site` [ RunTime:0.0020s ]
SQL: SELECT * FROM `site` LIMIT 1   [ RunTime:0.0000s ]
SQL: SHOW COLUMNS FROM `links` [ RunTime:0.0050s ]
SQL: SELECT * FROM `links` WHERE `status` = 1 ORDER BY sort desc  [ RunTime:0.0010s ]
SQL: SHOW COLUMNS FROM `nav` [ RunTime:0.0020s ]
SQL: SELECT * FROM `nav` WHERE `status` = 1 ORDER BY sort desc LIMIT 8   [ RunTime:0.0000s ]
SQL: SHOW COLUMNS FROM `advertise` [ RunTime:0.0020s ]
SQL: SELECT a.site_url,a.img_url,a.title FROM advertise a left join advertise_cate c on a.cate_id=c.id  WHERE c.flag = 'side_adv' AND a.status = 1 AND c.status = 1 LIMIT 1   [ RunTime:0.0000s ]
INFO: [ view_parse ] --START--
INFO: [ template_filter ] --START--
INFO: Run Behavior\ContentReplaceBehavior [ RunTime:0.000000s ]
INFO: [ template_filter ] --END-- [ RunTime:0.000000s ]
INFO: Run Behavior\ParseTemplateBehavior [ RunTime:0.019001s ]
INFO: [ view_parse ] --END-- [ RunTime:0.019001s ]
INFO: [ view_filter ] --START--
INFO: Run Behavior\WriteHtmlCacheBehavior [ RunTime:0.000000s ]
INFO: [ view_filter ] --END-- [ RunTime:0.001000s ]
INFO: [ app_end ] --START--
INFO: Run Behavior\ShowPageTraceBehavior [ RunTime:0.000000s ]
INFO: [ app_end ] --END-- [ RunTime:0.000000s ]

[ 2016-11-18T14:43:10+08:00 ] 127.0.0.1 /Home/Index/zongzhi.html
INFO: [ app_init ] --START--
INFO: Run Behavior\BuildLiteBehavior [ RunTime:0.000000s ]
INFO: [ app_init ] --END-- [ RunTime:0.000000s ]
INFO: [ app_begin ] --START--
INFO: Run Behavior\ReadHtmlCacheBehavior [ RunTime:0.000000s ]
INFO: [ app_begin ] --END-- [ RunTime:0.001000s ]
NOTIC: [2048] Declaration of Home\Action\IndexAction::show() should be compatible with Think\Controller::show($content, $charset = '', $contentType = '', $prefix = '') D:\www\www.cms.com\Application\Home\Action\IndexAction.class.php 第 7 行.
SQL: SHOW COLUMNS FROM `site` [ RunTime:0.0030s ]
SQL: SELECT * FROM `site` LIMIT 1   [ RunTime:0.0010s ]
SQL: SHOW COLUMNS FROM `links` [ RunTime:0.0030s ]
SQL: SELECT * FROM `links` WHERE `status` = 1 ORDER BY sort desc  [ RunTime:0.0000s ]
SQL: SHOW COLUMNS FROM `nav` [ RunTime:0.0020s ]
SQL: SELECT * FROM `nav` WHERE `status` = 1 ORDER BY sort desc LIMIT 8   [ RunTime:0.0000s ]
SQL: SHOW COLUMNS FROM `advertise` [ RunTime:0.0020s ]
SQL: SELECT a.site_url,a.img_url,a.title FROM advertise a left join advertise_cate c on a.cate_id=c.id  WHERE c.flag = 'side_adv' AND a.status = 1 AND c.status = 1 LIMIT 1   [ RunTime:0.0000s ]
INFO: [ view_parse ] --START--
INFO: [ template_filter ] --START--
INFO: Run Behavior\ContentReplaceBehavior [ RunTime:0.001000s ]
INFO: [ template_filter ] --END-- [ RunTime:0.001000s ]
INFO: Run Behavior\ParseTemplateBehavior [ RunTime:0.020002s ]
INFO: [ view_parse ] --END-- [ RunTime:0.020002s ]
INFO: [ view_filter ] --START--
INFO: Run Behavior\WriteHtmlCacheBehavior [ RunTime:0.000000s ]
INFO: [ view_filter ] --END-- [ RunTime:0.000000s ]
INFO: [ app_end ] --START--
INFO: Run Behavior\ShowPageTraceBehavior [ RunTime:0.000000s ]
INFO: [ app_end ] --END-- [ RunTime:0.000000s ]

[ 2016-11-18T14:43:13+08:00 ] 127.0.0.1 /Home/Index/contact.html
INFO: [ app_init ] --START--
INFO: Run Behavior\BuildLiteBehavior [ RunTime:0.001000s ]
INFO: [ app_init ] --END-- [ RunTime:0.001000s ]
INFO: [ app_begin ] --START--
INFO: Run Behavior\ReadHtmlCacheBehavior [ RunTime:0.000000s ]
INFO: [ app_begin ] --END-- [ RunTime:0.000000s ]
NOTIC: [2048] Declaration of Home\Action\IndexAction::show() should be compatible with Think\Controller::show($content, $charset = '', $contentType = '', $prefix = '') D:\www\www.cms.com\Application\Home\Action\IndexAction.class.php 第 7 行.
SQL: SHOW COLUMNS FROM `site` [ RunTime:0.0080s ]
SQL: SELECT * FROM `site` LIMIT 1   [ RunTime:0.0000s ]
SQL: SHOW COLUMNS FROM `links` [ RunTime:0.0020s ]
SQL: SELECT * FROM `links` WHERE `status` = 1 ORDER BY sort desc  [ RunTime:0.0000s ]
SQL: SHOW COLUMNS FROM `nav` [ RunTime:0.0020s ]
SQL: SELECT * FROM `nav` WHERE `status` = 1 ORDER BY sort desc LIMIT 8   [ RunTime:0.0000s ]
SQL: SHOW COLUMNS FROM `advertise` [ RunTime:0.0030s ]
SQL: SELECT a.site_url,a.img_url,a.title FROM advertise a left join advertise_cate c on a.cate_id=c.id  WHERE c.flag = 'side_adv' AND a.status = 1 AND c.status = 1 LIMIT 1   [ RunTime:0.0000s ]
INFO: [ view_parse ] --START--
INFO: [ template_filter ] --START--
INFO: Run Behavior\ContentReplaceBehavior [ RunTime:0.000000s ]
INFO: [ template_filter ] --END-- [ RunTime:0.000000s ]
INFO: Run Behavior\ParseTemplateBehavior [ RunTime:0.019001s ]
INFO: [ view_parse ] --END-- [ RunTime:0.019001s ]
INFO: [ view_filter ] --START--
INFO: Run Behavior\WriteHtmlCacheBehavior [ RunTime:0.000000s ]
INFO: [ view_filter ] --END-- [ RunTime:0.001000s ]
INFO: [ app_end ] --START--
INFO: Run Behavior\ShowPageTraceBehavior [ RunTime:0.000000s ]
INFO: [ app_end ] --END-- [ RunTime:0.000000s ]

[ 2016-11-18T14:43:16+08:00 ] 127.0.0.1 /Home/Index/news.html
INFO: [ app_init ] --START--
INFO: Run Behavior\BuildLiteBehavior [ RunTime:0.000000s ]
INFO: [ app_init ] --END-- [ RunTime:0.000000s ]
INFO: [ app_begin ] --START--
INFO: Run Behavior\ReadHtmlCacheBehavior [ RunTime:0.000000s ]
INFO: [ app_begin ] --END-- [ RunTime:0.000000s ]
NOTIC: [2048] Declaration of Home\Action\IndexAction::show() should be compatible with Think\Controller::show($content, $charset = '', $contentType = '', $prefix = '') D:\www\www.cms.com\Application\Home\Action\IndexAction.class.php 第 7 行.
SQL: SHOW COLUMNS FROM `site` [ RunTime:0.0040s ]
SQL: SELECT * FROM `site` LIMIT 1   [ RunTime:0.0010s ]
SQL: SHOW COLUMNS FROM `links` [ RunTime:0.0040s ]
SQL: SELECT * FROM `links` WHERE `status` = 1 ORDER BY sort desc  [ RunTime:0.0000s ]
SQL: SHOW COLUMNS FROM `nav` [ RunTime:0.0030s ]
SQL: SELECT * FROM `nav` WHERE `status` = 1 ORDER BY sort desc LIMIT 8   [ RunTime:0.0000s ]
SQL: SHOW COLUMNS FROM `advertise` [ RunTime:0.0060s ]
SQL: SELECT a.site_url,a.img_url,a.title FROM advertise a left join advertise_cate c on a.cate_id=c.id  WHERE c.flag = 'side_adv' AND a.status = 1 AND c.status = 1 LIMIT 1   [ RunTime:0.0000s ]
SQL: SHOW COLUMNS FROM `article` [ RunTime:0.0470s ]
SQL: SELECT COUNT(*) AS tp_count FROM `article` WHERE `status` = 1 LIMIT 1   [ RunTime:0.0220s ]
SQL: SELECT * FROM `article` WHERE `status` = 1 ORDER BY id desc LIMIT 0,10   [ RunTime:0.0030s ]
NOTIC: [8] Undefined index: cate_id D:\www\www.cms.com\Application\Home\Action\IndexAction.class.php 第 32 行.
SQL: SHOW COLUMNS FROM `article_cate` [ RunTime:0.0030s ]
NOTIC: [8] Undefined variable: parent_id D:\www\www.cms.com\Application\Home\Action\IndexAction.class.php 第 40 行.
SQL: SELECT `id`,`parent_id`,`subject` FROM `article_cate` WHERE `parent_id` = null ORDER BY sort asc  [ RunTime:0.0000s ]
NOTIC: [8] Undefined variable: parent_id D:\www\www.cms.com\Application\Home\Action\IndexAction.class.php 第 43 行.
NOTIC: [8] Undefined index: cate_id D:\www\www.cms.com\Application\Home\Action\IndexAction.class.php 第 46 行.
SQL: SELECT `subject` FROM `article_cate` WHERE `id` = null LIMIT 1   [ RunTime:0.0000s ]
INFO: [ view_parse ] --START--
INFO: [ template_filter ] --START--
INFO: Run Behavior\ContentReplaceBehavior [ RunTime:0.000000s ]
INFO: [ template_filter ] --END-- [ RunTime:0.001000s ]
SQL: SELECT `subject` FROM `article_cate` WHERE `id` = null LIMIT 1   [ RunTime:0.0010s ]
SQL: SELECT `subject` FROM `article_cate` WHERE `id` = null LIMIT 1   [ RunTime:0.0000s ]
NOTIC: [8] Undefined index: cate_id D:\www\www.cms.com\Run\Cache\Home\1b3a05531f9758b82a25535095161aea.php 第 49 行.
SQL: SELECT `subject` FROM `article_cate` WHERE `id` = null LIMIT 1   [ RunTime:0.0000s ]
NOTIC: [2] date() expects parameter 2 to be long, string given D:\www\www.cms.com\Run\Cache\Home\1b3a05531f9758b82a25535095161aea.php 第 60 行.
NOTIC: [2] date() expects parameter 2 to be long, string given D:\www\www.cms.com\Run\Cache\Home\1b3a05531f9758b82a25535095161aea.php 第 60 行.
NOTIC: [2] date() expects parameter 2 to be long, string given D:\www\www.cms.com\Run\Cache\Home\1b3a05531f9758b82a25535095161aea.php 第 60 行.
NOTIC: [2] date() expects parameter 2 to be long, string given D:\www\www.cms.com\Run\Cache\Home\1b3a05531f9758b82a25535095161aea.php 第 60 行.
NOTIC: [2] date() expects parameter 2 to be long, string given D:\www\www.cms.com\Run\Cache\Home\1b3a05531f9758b82a25535095161aea.php 第 60 行.
NOTIC: [2] date() expects parameter 2 to be long, string given D:\www\www.cms.com\Run\Cache\Home\1b3a05531f9758b82a25535095161aea.php 第 60 行.
NOTIC: [2] date() expects parameter 2 to be long, string given D:\www\www.cms.com\Run\Cache\Home\1b3a05531f9758b82a25535095161aea.php 第 60 行.
NOTIC: [2] date() expects parameter 2 to be long, string given D:\www\www.cms.com\Run\Cache\Home\1b3a05531f9758b82a25535095161aea.php 第 60 行.
NOTIC: [2] date() expects parameter 2 to be long, string given D:\www\www.cms.com\Run\Cache\Home\1b3a05531f9758b82a25535095161aea.php 第 60 行.
NOTIC: [2] date() expects parameter 2 to be long, string given D:\www\www.cms.com\Run\Cache\Home\1b3a05531f9758b82a25535095161aea.php 第 60 行.
INFO: Run Behavior\ParseTemplateBehavior [ RunTime:0.025002s ]
INFO: [ view_parse ] --END-- [ RunTime:0.027002s ]
INFO: [ view_filter ] --START--
INFO: Run Behavior\WriteHtmlCacheBehavior [ RunTime:0.000000s ]
INFO: [ view_filter ] --END-- [ RunTime:0.000000s ]
INFO: [ app_end ] --START--
INFO: Run Behavior\ShowPageTraceBehavior [ RunTime:0.000000s ]
INFO: [ app_end ] --END-- [ RunTime:0.001000s ]

[ 2016-11-18T14:43:22+08:00 ] 127.0.0.1 /news/33.html
INFO: [ app_init ] --START--
INFO: Run Behavior\BuildLiteBehavior [ RunTime:0.000000s ]
INFO: [ app_init ] --END-- [ RunTime:0.000000s ]
INFO: [ app_begin ] --START--
INFO: Run Behavior\ReadHtmlCacheBehavior [ RunTime:0.000000s ]
INFO: [ app_begin ] --END-- [ RunTime:0.001000s ]
NOTIC: [2048] Declaration of Home\Action\IndexAction::show() should be compatible with Think\Controller::show($content, $charset = '', $contentType = '', $prefix = '') D:\www\www.cms.com\Application\Home\Action\IndexAction.class.php 第 7 行.
SQL: SHOW COLUMNS FROM `site` [ RunTime:0.0030s ]
SQL: SELECT * FROM `site` LIMIT 1   [ RunTime:0.0000s ]
SQL: SHOW COLUMNS FROM `links` [ RunTime:0.0030s ]
SQL: SELECT * FROM `links` WHERE `status` = 1 ORDER BY sort desc  [ RunTime:0.0000s ]
SQL: SHOW COLUMNS FROM `nav` [ RunTime:0.0040s ]
SQL: SELECT * FROM `nav` WHERE `status` = 1 ORDER BY sort desc LIMIT 8   [ RunTime:0.0010s ]
SQL: SHOW COLUMNS FROM `advertise` [ RunTime:0.0020s ]
SQL: SELECT a.site_url,a.img_url,a.title FROM advertise a left join advertise_cate c on a.cate_id=c.id  WHERE c.flag = 'side_adv' AND a.status = 1 AND c.status = 1 LIMIT 1   [ RunTime:0.0010s ]
SQL: SHOW COLUMNS FROM `article_cate` [ RunTime:0.0030s ]
SQL: SELECT * FROM `article_cate` WHERE `status` = 1  [ RunTime:0.0010s ]
SQL: SELECT * FROM `article_cate` WHERE `status` = 1  [ RunTime:0.0000s ]
SQL: SELECT * FROM `article_cate` WHERE `status` = 1  [ RunTime:0.0010s ]
SQL: SHOW COLUMNS FROM `article` [ RunTime:0.0050s ]
SQL: SELECT COUNT(*) AS tp_count FROM `article` WHERE `status` = 1 AND `cate_id` IN ('27','9','33') LIMIT 1   [ RunTime:0.0010s ]
SQL: SELECT * FROM `article` WHERE `status` = 1 AND `cate_id` IN ('27','9','33') ORDER BY id desc LIMIT 0,10   [ RunTime:0.0020s ]
SQL: SELECT `id`,`parent_id` FROM `article_cate` WHERE `id` = 33 LIMIT 1   [ RunTime:0.0000s ]
SQL: SELECT `id`,`parent_id`,`subject` FROM `article_cate` WHERE `parent_id` = 33 ORDER BY sort asc  [ RunTime:0.0000s ]
SQL: SELECT `subject` FROM `article_cate` WHERE `id` = 33 LIMIT 1   [ RunTime:0.0010s ]
INFO: [ view_parse ] --START--
INFO: [ template_filter ] --START--
INFO: Run Behavior\ContentReplaceBehavior [ RunTime:0.000000s ]
INFO: [ template_filter ] --END-- [ RunTime:0.000000s ]
SQL: SELECT `subject` FROM `article_cate` WHERE `id` = 33 LIMIT 1   [ RunTime:0.0010s ]
SQL: SELECT `subject` FROM `article_cate` WHERE `id` = 33 LIMIT 1   [ RunTime:0.0010s ]
SQL: SELECT `subject` FROM `article_cate` WHERE `id` = 33 LIMIT 1   [ RunTime:0.0000s ]
NOTIC: [2] date() expects parameter 2 to be long, string given D:\www\www.cms.com\Run\Cache\Home\1b3a05531f9758b82a25535095161aea.php 第 60 行.
NOTIC: [2] date() expects parameter 2 to be long, string given D:\www\www.cms.com\Run\Cache\Home\1b3a05531f9758b82a25535095161aea.php 第 60 行.
NOTIC: [2] date() expects parameter 2 to be long, string given D:\www\www.cms.com\Run\Cache\Home\1b3a05531f9758b82a25535095161aea.php 第 60 行.
NOTIC: [2] date() expects parameter 2 to be long, string given D:\www\www.cms.com\Run\Cache\Home\1b3a05531f9758b82a25535095161aea.php 第 60 行.
NOTIC: [2] date() expects parameter 2 to be long, string given D:\www\www.cms.com\Run\Cache\Home\1b3a05531f9758b82a25535095161aea.php 第 60 行.
NOTIC: [2] date() expects parameter 2 to be long, string given D:\www\www.cms.com\Run\Cache\Home\1b3a05531f9758b82a25535095161aea.php 第 60 行.
NOTIC: [2] date() expects parameter 2 to be long, string given D:\www\www.cms.com\Run\Cache\Home\1b3a05531f9758b82a25535095161aea.php 第 60 行.
NOTIC: [2] date() expects parameter 2 to be long, string given D:\www\www.cms.com\Run\Cache\Home\1b3a05531f9758b82a25535095161aea.php 第 60 行.
NOTIC: [2] date() expects parameter 2 to be long, string given D:\www\www.cms.com\Run\Cache\Home\1b3a05531f9758b82a25535095161aea.php 第 60 行.
NOTIC: [2] date() expects parameter 2 to be long, string given D:\www\www.cms.com\Run\Cache\Home\1b3a05531f9758b82a25535095161aea.php 第 60 行.
INFO: Run Behavior\ParseTemplateBehavior [ RunTime:0.015001s ]
INFO: [ view_parse ] --END-- [ RunTime:0.015001s ]
INFO: [ view_filter ] --START--
INFO: Run Behavior\WriteHtmlCacheBehavior [ RunTime:0.000000s ]
INFO: [ view_filter ] --END-- [ RunTime:0.001000s ]
INFO: [ app_end ] --START--
INFO: Run Behavior\ShowPageTraceBehavior [ RunTime:0.000000s ]
INFO: [ app_end ] --END-- [ RunTime:0.000000s ]

[ 2016-11-18T14:43:24+08:00 ] 127.0.0.1 /news/34.html
INFO: [ app_init ] --START--
INFO: Run Behavior\BuildLiteBehavior [ RunTime:0.000000s ]
INFO: [ app_init ] --END-- [ RunTime:0.001001s ]
INFO: [ app_begin ] --START--
INFO: Run Behavior\ReadHtmlCacheBehavior [ RunTime:0.000000s ]
INFO: [ app_begin ] --END-- [ RunTime:0.000000s ]
NOTIC: [2048] Declaration of Home\Action\IndexAction::show() should be compatible with Think\Controller::show($content, $charset = '', $contentType = '', $prefix = '') D:\www\www.cms.com\Application\Home\Action\IndexAction.class.php 第 7 行.
SQL: SHOW COLUMNS FROM `site` [ RunTime:0.0030s ]
SQL: SELECT * FROM `site` LIMIT 1   [ RunTime:0.0010s ]
SQL: SHOW COLUMNS FROM `links` [ RunTime:0.0020s ]
SQL: SELECT * FROM `links` WHERE `status` = 1 ORDER BY sort desc  [ RunTime:0.0010s ]
SQL: SHOW COLUMNS FROM `nav` [ RunTime:0.0030s ]
SQL: SELECT * FROM `nav` WHERE `status` = 1 ORDER BY sort desc LIMIT 8   [ RunTime:0.0010s ]
SQL: SHOW COLUMNS FROM `advertise` [ RunTime:0.0020s ]
SQL: SELECT a.site_url,a.img_url,a.title FROM advertise a left join advertise_cate c on a.cate_id=c.id  WHERE c.flag = 'side_adv' AND a.status = 1 AND c.status = 1 LIMIT 1   [ RunTime:0.0010s ]
SQL: SHOW COLUMNS FROM `article_cate` [ RunTime:0.0030s ]
SQL: SELECT * FROM `article_cate` WHERE `status` = 1  [ RunTime:0.0010s ]
SQL: SELECT * FROM `article_cate` WHERE `status` = 1  [ RunTime:0.0010s ]
SQL: SELECT * FROM `article_cate` WHERE `status` = 1  [ RunTime:0.0010s ]
SQL: SELECT * FROM `article_cate` WHERE `status` = 1  [ RunTime:0.0010s ]
SQL: SELECT * FROM `article_cate` WHERE `status` = 1  [ RunTime:0.0010s ]
SQL: SELECT * FROM `article_cate` WHERE `status` = 1  [ RunTime:0.0010s ]
SQL: SHOW COLUMNS FROM `article` [ RunTime:0.0030s ]
SQL: SELECT COUNT(*) AS tp_count FROM `article` WHERE `status` = 1 AND `cate_id` IN ('35','44','45','46','47','34') LIMIT 1   [ RunTime:0.0010s ]
SQL: SELECT * FROM `article` WHERE `status` = 1 AND `cate_id` IN ('35','44','45','46','47','34') ORDER BY id desc LIMIT 0,10   [ RunTime:0.0000s ]
SQL: SELECT `id`,`parent_id` FROM `article_cate` WHERE `id` = 34 LIMIT 1   [ RunTime:0.0000s ]
SQL: SELECT `id`,`parent_id`,`subject` FROM `article_cate` WHERE `parent_id` = 34 ORDER BY sort asc  [ RunTime:0.0000s ]
SQL: SELECT `subject` FROM `article_cate` WHERE `id` = 34 LIMIT 1   [ RunTime:0.0010s ]
INFO: [ view_parse ] --START--
INFO: [ template_filter ] --START--
INFO: Run Behavior\ContentReplaceBehavior [ RunTime:0.000000s ]
INFO: [ template_filter ] --END-- [ RunTime:0.000000s ]
SQL: SELECT `subject` FROM `article_cate` WHERE `id` = 34 LIMIT 1   [ RunTime:0.0010s ]
SQL: SELECT `subject` FROM `article_cate` WHERE `id` = 34 LIMIT 1   [ RunTime:0.0010s ]
SQL: SELECT `subject` FROM `article_cate` WHERE `id` = 34 LIMIT 1   [ RunTime:0.0000s ]
INFO: Run Behavior\ParseTemplateBehavior [ RunTime:0.014001s ]
INFO: [ view_parse ] --END-- [ RunTime:0.015001s ]
INFO: [ view_filter ] --START--
INFO: Run Behavior\WriteHtmlCacheBehavior [ RunTime:0.000000s ]
INFO: [ view_filter ] --END-- [ RunTime:0.000000s ]
INFO: [ app_end ] --START--
INFO: Run Behavior\ShowPageTraceBehavior [ RunTime:0.000000s ]
INFO: [ app_end ] --END-- [ RunTime:0.000000s ]

[ 2016-11-18T14:43:25+08:00 ] 127.0.0.1 /news/33.html
INFO: [ app_init ] --START--
INFO: Run Behavior\BuildLiteBehavior [ RunTime:0.000000s ]
INFO: [ app_init ] --END-- [ RunTime:0.000000s ]
INFO: [ app_begin ] --START--
INFO: Run Behavior\ReadHtmlCacheBehavior [ RunTime:0.000000s ]
INFO: [ app_begin ] --END-- [ RunTime:0.001000s ]
NOTIC: [2048] Declaration of Home\Action\IndexAction::show() should be compatible with Think\Controller::show($content, $charset = '', $contentType = '', $prefix = '') D:\www\www.cms.com\Application\Home\Action\IndexAction.class.php 第 7 行.
SQL: SHOW COLUMNS FROM `site` [ RunTime:0.0030s ]
SQL: SELECT * FROM `site` LIMIT 1   [ RunTime:0.0000s ]
SQL: SHOW COLUMNS FROM `links` [ RunTime:0.0020s ]
SQL: SELECT * FROM `links` WHERE `status` = 1 ORDER BY sort desc  [ RunTime:0.0000s ]
SQL: SHOW COLUMNS FROM `nav` [ RunTime:0.0020s ]
SQL: SELECT * FROM `nav` WHERE `status` = 1 ORDER BY sort desc LIMIT 8   [ RunTime:0.0000s ]
SQL: SHOW COLUMNS FROM `advertise` [ RunTime:0.0030s ]
SQL: SELECT a.site_url,a.img_url,a.title FROM advertise a left join advertise_cate c on a.cate_id=c.id  WHERE c.flag = 'side_adv' AND a.status = 1 AND c.status = 1 LIMIT 1   [ RunTime:0.0010s ]
SQL: SHOW COLUMNS FROM `article_cate` [ RunTime:0.0030s ]
SQL: SELECT * FROM `article_cate` WHERE `status` = 1  [ RunTime:0.0000s ]
SQL: SELECT * FROM `article_cate` WHERE `status` = 1  [ RunTime:0.0000s ]
SQL: SELECT * FROM `article_cate` WHERE `status` = 1  [ RunTime:0.0000s ]
SQL: SHOW COLUMNS FROM `article` [ RunTime:0.0020s ]
SQL: SELECT COUNT(*) AS tp_count FROM `article` WHERE `status` = 1 AND `cate_id` IN ('27','9','33') LIMIT 1   [ RunTime:0.0000s ]
SQL: SELECT * FROM `article` WHERE `status` = 1 AND `cate_id` IN ('27','9','33') ORDER BY id desc LIMIT 0,10   [ RunTime:0.0030s ]
SQL: SELECT `id`,`parent_id` FROM `article_cate` WHERE `id` = 33 LIMIT 1   [ RunTime:0.0000s ]
SQL: SELECT `id`,`parent_id`,`subject` FROM `article_cate` WHERE `parent_id` = 33 ORDER BY sort asc  [ RunTime:0.0010s ]
SQL: SELECT `subject` FROM `article_cate` WHERE `id` = 33 LIMIT 1   [ RunTime:0.0010s ]
INFO: [ view_parse ] --START--
INFO: [ template_filter ] --START--
INFO: Run Behavior\ContentReplaceBehavior [ RunTime:0.000000s ]
INFO: [ template_filter ] --END-- [ RunTime:0.000000s ]
SQL: SELECT `subject` FROM `article_cate` WHERE `id` = 33 LIMIT 1   [ RunTime:0.0010s ]
SQL: SELECT `subject` FROM `article_cate` WHERE `id` = 33 LIMIT 1   [ RunTime:0.0000s ]
SQL: SELECT `subject` FROM `article_cate` WHERE `id` = 33 LIMIT 1   [ RunTime:0.0010s ]
NOTIC: [2] date() expects parameter 2 to be long, string given D:\www\www.cms.com\Run\Cache\Home\1b3a05531f9758b82a25535095161aea.php 第 60 行.
NOTIC: [2] date() expects parameter 2 to be long, string given D:\www\www.cms.com\Run\Cache\Home\1b3a05531f9758b82a25535095161aea.php 第 60 行.
NOTIC: [2] date() expects parameter 2 to be long, string given D:\www\www.cms.com\Run\Cache\Home\1b3a05531f9758b82a25535095161aea.php 第 60 行.
NOTIC: [2] date() expects parameter 2 to be long, string given D:\www\www.cms.com\Run\Cache\Home\1b3a05531f9758b82a25535095161aea.php 第 60 行.
NOTIC: [2] date() expects parameter 2 to be long, string given D:\www\www.cms.com\Run\Cache\Home\1b3a05531f9758b82a25535095161aea.php 第 60 行.
NOTIC: [2] date() expects parameter 2 to be long, string given D:\www\www.cms.com\Run\Cache\Home\1b3a05531f9758b82a25535095161aea.php 第 60 行.
NOTIC: [2] date() expects parameter 2 to be long, string given D:\www\www.cms.com\Run\Cache\Home\1b3a05531f9758b82a25535095161aea.php 第 60 行.
NOTIC: [2] date() expects parameter 2 to be long, string given D:\www\www.cms.com\Run\Cache\Home\1b3a05531f9758b82a25535095161aea.php 第 60 行.
NOTIC: [2] date() expects parameter 2 to be long, string given D:\www\www.cms.com\Run\Cache\Home\1b3a05531f9758b82a25535095161aea.php 第 60 行.
NOTIC: [2] date() expects parameter 2 to be long, string given D:\www\www.cms.com\Run\Cache\Home\1b3a05531f9758b82a25535095161aea.php 第 60 行.
INFO: Run Behavior\ParseTemplateBehavior [ RunTime:0.015001s ]
INFO: [ view_parse ] --END-- [ RunTime:0.015001s ]
INFO: [ view_filter ] --START--
INFO: Run Behavior\WriteHtmlCacheBehavior [ RunTime:0.000000s ]
INFO: [ view_filter ] --END-- [ RunTime:0.000000s ]
INFO: [ app_end ] --START--
INFO: Run Behavior\ShowPageTraceBehavior [ RunTime:0.000000s ]
INFO: [ app_end ] --END-- [ RunTime:0.000000s ]

[ 2016-11-18T14:43:26+08:00 ] 127.0.0.1 /page/1.html
INFO: [ app_init ] --START--
INFO: Run Behavior\BuildLiteBehavior [ RunTime:0.000000s ]
INFO: [ app_init ] --END-- [ RunTime:0.000000s ]
INFO: [ app_begin ] --START--
INFO: Run Behavior\ReadHtmlCacheBehavior [ RunTime:0.001000s ]
INFO: [ app_begin ] --END-- [ RunTime:0.001000s ]
NOTIC: [2048] Declaration of Home\Action\IndexAction::show() should be compatible with Think\Controller::show($content, $charset = '', $contentType = '', $prefix = '') D:\www\www.cms.com\Application\Home\Action\IndexAction.class.php 第 7 行.
SQL: SHOW COLUMNS FROM `site` [ RunTime:0.0030s ]
SQL: SELECT * FROM `site` LIMIT 1   [ RunTime:0.0000s ]
SQL: SHOW COLUMNS FROM `links` [ RunTime:0.0030s ]
SQL: SELECT * FROM `links` WHERE `status` = 1 ORDER BY sort desc  [ RunTime:0.0000s ]
SQL: SHOW COLUMNS FROM `nav` [ RunTime:0.0030s ]
SQL: SELECT * FROM `nav` WHERE `status` = 1 ORDER BY sort desc LIMIT 8   [ RunTime:0.0010s ]
SQL: SHOW COLUMNS FROM `advertise` [ RunTime:0.0030s ]
SQL: SELECT a.site_url,a.img_url,a.title FROM advertise a left join advertise_cate c on a.cate_id=c.id  WHERE c.flag = 'side_adv' AND a.status = 1 AND c.status = 1 LIMIT 1   [ RunTime:0.0010s ]
SQL: SHOW COLUMNS FROM `page` [ RunTime:0.0030s ]
SQL: SELECT * FROM `page` WHERE `id` = 1 LIMIT 1   [ RunTime:0.0010s ]
INFO: [ view_parse ] --START--
INFO: [ template_filter ] --START--
INFO: Run Behavior\ContentReplaceBehavior [ RunTime:0.001000s ]
INFO: [ template_filter ] --END-- [ RunTime:0.001000s ]
INFO: Run Behavior\ParseTemplateBehavior [ RunTime:0.007001s ]
INFO: [ view_parse ] --END-- [ RunTime:0.007001s ]
INFO: [ view_filter ] --START--
INFO: Run Behavior\WriteHtmlCacheBehavior [ RunTime:0.000000s ]
INFO: [ view_filter ] --END-- [ RunTime:0.000000s ]
INFO: [ app_end ] --START--
INFO: Run Behavior\ShowPageTraceBehavior [ RunTime:0.000000s ]
INFO: [ app_end ] --END-- [ RunTime:0.000000s ]

[ 2016-11-18T14:43:28+08:00 ] 127.0.0.1 /news/33.html
INFO: [ app_init ] --START--
INFO: Run Behavior\BuildLiteBehavior [ RunTime:0.000000s ]
INFO: [ app_init ] --END-- [ RunTime:0.001000s ]
INFO: [ app_begin ] --START--
INFO: Run Behavior\ReadHtmlCacheBehavior [ RunTime:0.000000s ]
INFO: [ app_begin ] --END-- [ RunTime:0.001000s ]
NOTIC: [2048] Declaration of Home\Action\IndexAction::show() should be compatible with Think\Controller::show($content, $charset = '', $contentType = '', $prefix = '') D:\www\www.cms.com\Application\Home\Action\IndexAction.class.php 第 7 行.
SQL: SHOW COLUMNS FROM `site` [ RunTime:0.0060s ]
SQL: SELECT * FROM `site` LIMIT 1   [ RunTime:0.0010s ]
SQL: SHOW COLUMNS FROM `links` [ RunTime:0.0050s ]
SQL: SELECT * FROM `links` WHERE `status` = 1 ORDER BY sort desc  [ RunTime:0.0000s ]
SQL: SHOW COLUMNS FROM `nav` [ RunTime:0.0030s ]
SQL: SELECT * FROM `nav` WHERE `status` = 1 ORDER BY sort desc LIMIT 8   [ RunTime:0.0000s ]
SQL: SHOW COLUMNS FROM `advertise` [ RunTime:0.0030s ]
SQL: SELECT a.site_url,a.img_url,a.title FROM advertise a left join advertise_cate c on a.cate_id=c.id  WHERE c.flag = 'side_adv' AND a.status = 1 AND c.status = 1 LIMIT 1   [ RunTime:0.0000s ]
SQL: SHOW COLUMNS FROM `article_cate` [ RunTime:0.0030s ]
SQL: SELECT * FROM `article_cate` WHERE `status` = 1  [ RunTime:0.0010s ]
SQL: SELECT * FROM `article_cate` WHERE `status` = 1  [ RunTime:0.0010s ]
SQL: SELECT * FROM `article_cate` WHERE `status` = 1  [ RunTime:0.0010s ]
SQL: SHOW COLUMNS FROM `article` [ RunTime:0.0030s ]
SQL: SELECT COUNT(*) AS tp_count FROM `article` WHERE `status` = 1 AND `cate_id` IN ('27','9','33') LIMIT 1   [ RunTime:0.0010s ]
SQL: SELECT * FROM `article` WHERE `status` = 1 AND `cate_id` IN ('27','9','33') ORDER BY id desc LIMIT 0,10   [ RunTime:0.0010s ]
SQL: SELECT `id`,`parent_id` FROM `article_cate` WHERE `id` = 33 LIMIT 1   [ RunTime:0.0010s ]
SQL: SELECT `id`,`parent_id`,`subject` FROM `article_cate` WHERE `parent_id` = 33 ORDER BY sort asc  [ RunTime:0.0010s ]
SQL: SELECT `subject` FROM `article_cate` WHERE `id` = 33 LIMIT 1   [ RunTime:0.0000s ]
INFO: [ view_parse ] --START--
INFO: [ template_filter ] --START--
INFO: Run Behavior\ContentReplaceBehavior [ RunTime:0.000000s ]
INFO: [ template_filter ] --END-- [ RunTime:0.000000s ]
SQL: SELECT `subject` FROM `article_cate` WHERE `id` = 33 LIMIT 1   [ RunTime:0.0010s ]
SQL: SELECT `subject` FROM `article_cate` WHERE `id` = 33 LIMIT 1   [ RunTime:0.0010s ]
SQL: SELECT `subject` FROM `article_cate` WHERE `id` = 33 LIMIT 1   [ RunTime:0.0000s ]
NOTIC: [2] date() expects parameter 2 to be long, string given D:\www\www.cms.com\Run\Cache\Home\1b3a05531f9758b82a25535095161aea.php 第 60 行.
NOTIC: [2] date() expects parameter 2 to be long, string given D:\www\www.cms.com\Run\Cache\Home\1b3a05531f9758b82a25535095161aea.php 第 60 行.
NOTIC: [2] date() expects parameter 2 to be long, string given D:\www\www.cms.com\Run\Cache\Home\1b3a05531f9758b82a25535095161aea.php 第 60 行.
NOTIC: [2] date() expects parameter 2 to be long, string given D:\www\www.cms.com\Run\Cache\Home\1b3a05531f9758b82a25535095161aea.php 第 60 行.
NOTIC: [2] date() expects parameter 2 to be long, string given D:\www\www.cms.com\Run\Cache\Home\1b3a05531f9758b82a25535095161aea.php 第 60 行.
NOTIC: [2] date() expects parameter 2 to be long, string given D:\www\www.cms.com\Run\Cache\Home\1b3a05531f9758b82a25535095161aea.php 第 60 行.
NOTIC: [2] date() expects parameter 2 to be long, string given D:\www\www.cms.com\Run\Cache\Home\1b3a05531f9758b82a25535095161aea.php 第 60 行.
NOTIC: [2] date() expects parameter 2 to be long, string given D:\www\www.cms.com\Run\Cache\Home\1b3a05531f9758b82a25535095161aea.php 第 60 行.
NOTIC: [2] date() expects parameter 2 to be long, string given D:\www\www.cms.com\Run\Cache\Home\1b3a05531f9758b82a25535095161aea.php 第 60 行.
NOTIC: [2] date() expects parameter 2 to be long, string given D:\www\www.cms.com\Run\Cache\Home\1b3a05531f9758b82a25535095161aea.php 第 60 行.
INFO: Run Behavior\ParseTemplateBehavior [ RunTime:0.014001s ]
INFO: [ view_parse ] --END-- [ RunTime:0.014001s ]
INFO: [ view_filter ] --START--
INFO: Run Behavior\WriteHtmlCacheBehavior [ RunTime:0.000000s ]
INFO: [ view_filter ] --END-- [ RunTime:0.000000s ]
INFO: [ app_end ] --START--
INFO: Run Behavior\ShowPageTraceBehavior [ RunTime:0.000000s ]
INFO: [ app_end ] --END-- [ RunTime:0.001000s ]

[ 2016-11-18T14:43:31+08:00 ] 127.0.0.1 /news/9.html
INFO: [ app_init ] --START--
INFO: Run Behavior\BuildLiteBehavior [ RunTime:0.000000s ]
INFO: [ app_init ] --END-- [ RunTime:0.001000s ]
INFO: [ app_begin ] --START--
INFO: Run Behavior\ReadHtmlCacheBehavior [ RunTime:0.000000s ]
INFO: [ app_begin ] --END-- [ RunTime:0.000000s ]
NOTIC: [2048] Declaration of Home\Action\IndexAction::show() should be compatible with Think\Controller::show($content, $charset = '', $contentType = '', $prefix = '') D:\www\www.cms.com\Application\Home\Action\IndexAction.class.php 第 7 行.
SQL: SHOW COLUMNS FROM `site` [ RunTime:0.0050s ]
SQL: SELECT * FROM `site` LIMIT 1   [ RunTime:0.0010s ]
SQL: SHOW COLUMNS FROM `links` [ RunTime:0.0030s ]
SQL: SELECT * FROM `links` WHERE `status` = 1 ORDER BY sort desc  [ RunTime:0.0010s ]
SQL: SHOW COLUMNS FROM `nav` [ RunTime:0.0030s ]
SQL: SELECT * FROM `nav` WHERE `status` = 1 ORDER BY sort desc LIMIT 8   [ RunTime:0.0000s ]
SQL: SHOW COLUMNS FROM `advertise` [ RunTime:0.0040s ]
SQL: SELECT a.site_url,a.img_url,a.title FROM advertise a left join advertise_cate c on a.cate_id=c.id  WHERE c.flag = 'side_adv' AND a.status = 1 AND c.status = 1 LIMIT 1   [ RunTime:0.0000s ]
SQL: SHOW COLUMNS FROM `article_cate` [ RunTime:0.0030s ]
SQL: SELECT * FROM `article_cate` WHERE `status` = 1  [ RunTime:0.0010s ]
SQL: SHOW COLUMNS FROM `article` [ RunTime:0.0030s ]
SQL: SELECT COUNT(*) AS tp_count FROM `article` WHERE `status` = 1 AND `cate_id` IN ('9') LIMIT 1   [ RunTime:0.0010s ]
SQL: SELECT * FROM `article` WHERE `status` = 1 AND `cate_id` IN ('9') ORDER BY id desc LIMIT 0,10   [ RunTime:0.0020s ]
SQL: SELECT `id`,`parent_id` FROM `article_cate` WHERE `id` = 9 LIMIT 1   [ RunTime:0.0010s ]
SQL: SELECT `id`,`parent_id`,`subject` FROM `article_cate` WHERE `parent_id` = 33 ORDER BY sort asc  [ RunTime:0.0010s ]
SQL: SELECT `subject` FROM `article_cate` WHERE `id` = 9 LIMIT 1   [ RunTime:0.0010s ]
INFO: [ view_parse ] --START--
INFO: [ template_filter ] --START--
INFO: Run Behavior\ContentReplaceBehavior [ RunTime:0.000000s ]
INFO: [ template_filter ] --END-- [ RunTime:0.000000s ]
SQL: SELECT `subject` FROM `article_cate` WHERE `id` = 33 LIMIT 1   [ RunTime:0.0010s ]
SQL: SELECT `subject` FROM `article_cate` WHERE `id` = 33 LIMIT 1   [ RunTime:0.0000s ]
SQL: SELECT `subject` FROM `article_cate` WHERE `id` = 9 LIMIT 1   [ RunTime:0.0000s ]
NOTIC: [2] date() expects parameter 2 to be long, string given D:\www\www.cms.com\Run\Cache\Home\1b3a05531f9758b82a25535095161aea.php 第 60 行.
NOTIC: [2] date() expects parameter 2 to be long, string given D:\www\www.cms.com\Run\Cache\Home\1b3a05531f9758b82a25535095161aea.php 第 60 行.
NOTIC: [2] date() expects parameter 2 to be long, string given D:\www\www.cms.com\Run\Cache\Home\1b3a05531f9758b82a25535095161aea.php 第 60 行.
NOTIC: [2] date() expects parameter 2 to be long, string given D:\www\www.cms.com\Run\Cache\Home\1b3a05531f9758b82a25535095161aea.php 第 60 行.
NOTIC: [2] date() expects parameter 2 to be long, string given D:\www\www.cms.com\Run\Cache\Home\1b3a05531f9758b82a25535095161aea.php 第 60 行.
NOTIC: [2] date() expects parameter 2 to be long, string given D:\www\www.cms.com\Run\Cache\Home\1b3a05531f9758b82a25535095161aea.php 第 60 行.
NOTIC: [2] date() expects parameter 2 to be long, string given D:\www\www.cms.com\Run\Cache\Home\1b3a05531f9758b82a25535095161aea.php 第 60 行.
NOTIC: [2] date() expects parameter 2 to be long, string given D:\www\www.cms.com\Run\Cache\Home\1b3a05531f9758b82a25535095161aea.php 第 60 行.
NOTIC: [2] date() expects parameter 2 to be long, string given D:\www\www.cms.com\Run\Cache\Home\1b3a05531f9758b82a25535095161aea.php 第 60 行.
NOTIC: [2] date() expects parameter 2 to be long, string given D:\www\www.cms.com\Run\Cache\Home\1b3a05531f9758b82a25535095161aea.php 第 60 行.
INFO: Run Behavior\ParseTemplateBehavior [ RunTime:0.015001s ]
INFO: [ view_parse ] --END-- [ RunTime:0.015001s ]
INFO: [ view_filter ] --START--
INFO: Run Behavior\WriteHtmlCacheBehavior [ RunTime:0.000000s ]
INFO: [ view_filter ] --END-- [ RunTime:0.001000s ]
INFO: [ app_end ] --START--
INFO: Run Behavior\ShowPageTraceBehavior [ RunTime:0.001000s ]
INFO: [ app_end ] --END-- [ RunTime:0.001000s ]

[ 2016-11-18T14:43:32+08:00 ] 127.0.0.1 /news/26.html
INFO: [ app_init ] --START--
INFO: Run Behavior\BuildLiteBehavior [ RunTime:0.000000s ]
INFO: [ app_init ] --END-- [ RunTime:0.000000s ]
INFO: [ app_begin ] --START--
INFO: Run Behavior\ReadHtmlCacheBehavior [ RunTime:0.000000s ]
INFO: [ app_begin ] --END-- [ RunTime:0.000000s ]
NOTIC: [2048] Declaration of Home\Action\IndexAction::show() should be compatible with Think\Controller::show($content, $charset = '', $contentType = '', $prefix = '') D:\www\www.cms.com\Application\Home\Action\IndexAction.class.php 第 7 行.
SQL: SHOW COLUMNS FROM `site` [ RunTime:0.0030s ]
SQL: SELECT * FROM `site` LIMIT 1   [ RunTime:0.0000s ]
SQL: SHOW COLUMNS FROM `links` [ RunTime:0.0030s ]
SQL: SELECT * FROM `links` WHERE `status` = 1 ORDER BY sort desc  [ RunTime:0.0010s ]
SQL: SHOW COLUMNS FROM `nav` [ RunTime:0.0030s ]
SQL: SELECT * FROM `nav` WHERE `status` = 1 ORDER BY sort desc LIMIT 8   [ RunTime:0.0000s ]
SQL: SHOW COLUMNS FROM `advertise` [ RunTime:0.0060s ]
SQL: SELECT a.site_url,a.img_url,a.title FROM advertise a left join advertise_cate c on a.cate_id=c.id  WHERE c.flag = 'side_adv' AND a.status = 1 AND c.status = 1 LIMIT 1   [ RunTime:0.0010s ]
SQL: SHOW COLUMNS FROM `article_cate` [ RunTime:0.0040s ]
SQL: SELECT * FROM `article_cate` WHERE `status` = 1  [ RunTime:0.0010s ]
SQL: SHOW COLUMNS FROM `article` [ RunTime:0.0030s ]
SQL: SELECT COUNT(*) AS tp_count FROM `article` WHERE `status` = 1 AND `cate_id` IN ('26') LIMIT 1   [ RunTime:0.0000s ]
SQL: SELECT * FROM `article` WHERE `status` = 1 AND `cate_id` IN ('26') ORDER BY id desc LIMIT 0,10   [ RunTime:0.0020s ]
SQL: SELECT `id`,`parent_id` FROM `article_cate` WHERE `id` = 26 LIMIT 1   [ RunTime:0.0000s ]
SQL: SELECT `id`,`parent_id`,`subject` FROM `article_cate` WHERE `parent_id` = 33 ORDER BY sort asc  [ RunTime:0.0010s ]
SQL: SELECT `subject` FROM `article_cate` WHERE `id` = 26 LIMIT 1   [ RunTime:0.0000s ]
INFO: [ view_parse ] --START--
INFO: [ template_filter ] --START--
INFO: Run Behavior\ContentReplaceBehavior [ RunTime:0.000000s ]
INFO: [ template_filter ] --END-- [ RunTime:0.000000s ]
SQL: SELECT `subject` FROM `article_cate` WHERE `id` = 33 LIMIT 1   [ RunTime:0.0000s ]
SQL: SELECT `subject` FROM `article_cate` WHERE `id` = 33 LIMIT 1   [ RunTime:0.0000s ]
SQL: SELECT `subject` FROM `article_cate` WHERE `id` = 26 LIMIT 1   [ RunTime:0.0000s ]
NOTIC: [2] date() expects parameter 2 to be long, string given D:\www\www.cms.com\Run\Cache\Home\1b3a05531f9758b82a25535095161aea.php 第 60 行.
NOTIC: [2] date() expects parameter 2 to be long, string given D:\www\www.cms.com\Run\Cache\Home\1b3a05531f9758b82a25535095161aea.php 第 60 行.
NOTIC: [2] date() expects parameter 2 to be long, string given D:\www\www.cms.com\Run\Cache\Home\1b3a05531f9758b82a25535095161aea.php 第 60 行.
NOTIC: [2] date() expects parameter 2 to be long, string given D:\www\www.cms.com\Run\Cache\Home\1b3a05531f9758b82a25535095161aea.php 第 60 行.
NOTIC: [2] date() expects parameter 2 to be long, string given D:\www\www.cms.com\Run\Cache\Home\1b3a05531f9758b82a25535095161aea.php 第 60 行.
NOTIC: [2] date() expects parameter 2 to be long, string given D:\www\www.cms.com\Run\Cache\Home\1b3a05531f9758b82a25535095161aea.php 第 60 行.
NOTIC: [2] date() expects parameter 2 to be long, string given D:\www\www.cms.com\Run\Cache\Home\1b3a05531f9758b82a25535095161aea.php 第 60 行.
NOTIC: [2] date() expects parameter 2 to be long, string given D:\www\www.cms.com\Run\Cache\Home\1b3a05531f9758b82a25535095161aea.php 第 60 行.
NOTIC: [2] date() expects parameter 2 to be long, string given D:\www\www.cms.com\Run\Cache\Home\1b3a05531f9758b82a25535095161aea.php 第 60 行.
NOTIC: [2] date() expects parameter 2 to be long, string given D:\www\www.cms.com\Run\Cache\Home\1b3a05531f9758b82a25535095161aea.php 第 60 行.
INFO: Run Behavior\ParseTemplateBehavior [ RunTime:0.016001s ]
INFO: [ view_parse ] --END-- [ RunTime:0.016001s ]
INFO: [ view_filter ] --START--
INFO: Run Behavior\WriteHtmlCacheBehavior [ RunTime:0.000000s ]
INFO: [ view_filter ] --END-- [ RunTime:0.000000s ]
INFO: [ app_end ] --START--
INFO: Run Behavior\ShowPageTraceBehavior [ RunTime:0.000000s ]
INFO: [ app_end ] --END-- [ RunTime:0.000000s ]

[ 2016-11-18T14:43:33+08:00 ] 127.0.0.1 /news/27.html
INFO: [ app_init ] --START--
INFO: Run Behavior\BuildLiteBehavior [ RunTime:0.000000s ]
INFO: [ app_init ] --END-- [ RunTime:0.000000s ]
INFO: [ app_begin ] --START--
INFO: Run Behavior\ReadHtmlCacheBehavior [ RunTime:0.000000s ]
INFO: [ app_begin ] --END-- [ RunTime:0.000000s ]
NOTIC: [2048] Declaration of Home\Action\IndexAction::show() should be compatible with Think\Controller::show($content, $charset = '', $contentType = '', $prefix = '') D:\www\www.cms.com\Application\Home\Action\IndexAction.class.php 第 7 行.
SQL: SHOW COLUMNS FROM `site` [ RunTime:0.0030s ]
SQL: SELECT * FROM `site` LIMIT 1   [ RunTime:0.0000s ]
SQL: SHOW COLUMNS FROM `links` [ RunTime:0.0050s ]
SQL: SELECT * FROM `links` WHERE `status` = 1 ORDER BY sort desc  [ RunTime:0.0010s ]
SQL: SHOW COLUMNS FROM `nav` [ RunTime:0.0030s ]
SQL: SELECT * FROM `nav` WHERE `status` = 1 ORDER BY sort desc LIMIT 8   [ RunTime:0.0000s ]
SQL: SHOW COLUMNS FROM `advertise` [ RunTime:0.0030s ]
SQL: SELECT a.site_url,a.img_url,a.title FROM advertise a left join advertise_cate c on a.cate_id=c.id  WHERE c.flag = 'side_adv' AND a.status = 1 AND c.status = 1 LIMIT 1   [ RunTime:0.0000s ]
SQL: SHOW COLUMNS FROM `article_cate` [ RunTime:0.0030s ]
SQL: SELECT * FROM `article_cate` WHERE `status` = 1  [ RunTime:0.0010s ]
SQL: SHOW COLUMNS FROM `article` [ RunTime:0.0030s ]
SQL: SELECT COUNT(*) AS tp_count FROM `article` WHERE `status` = 1 AND `cate_id` IN ('27') LIMIT 1   [ RunTime:0.0000s ]
SQL: SELECT * FROM `article` WHERE `status` = 1 AND `cate_id` IN ('27') ORDER BY id desc LIMIT 0,10   [ RunTime:0.0010s ]
SQL: SELECT `id`,`parent_id` FROM `article_cate` WHERE `id` = 27 LIMIT 1   [ RunTime:0.0000s ]
SQL: SELECT `id`,`parent_id`,`subject` FROM `article_cate` WHERE `parent_id` = 33 ORDER BY sort asc  [ RunTime:0.0000s ]
SQL: SELECT `subject` FROM `article_cate` WHERE `id` = 27 LIMIT 1   [ RunTime:0.0000s ]
INFO: [ view_parse ] --START--
INFO: [ template_filter ] --START--
INFO: Run Behavior\ContentReplaceBehavior [ RunTime:0.000000s ]
INFO: [ template_filter ] --END-- [ RunTime:0.001000s ]
SQL: SELECT `subject` FROM `article_cate` WHERE `id` = 33 LIMIT 1   [ RunTime:0.0010s ]
SQL: SELECT `subject` FROM `article_cate` WHERE `id` = 33 LIMIT 1   [ RunTime:0.0010s ]
SQL: SELECT `subject` FROM `article_cate` WHERE `id` = 27 LIMIT 1   [ RunTime:0.0000s ]
NOTIC: [2] date() expects parameter 2 to be long, string given D:\www\www.cms.com\Run\Cache\Home\1b3a05531f9758b82a25535095161aea.php 第 60 行.
NOTIC: [2] date() expects parameter 2 to be long, string given D:\www\www.cms.com\Run\Cache\Home\1b3a05531f9758b82a25535095161aea.php 第 60 行.
INFO: Run Behavior\ParseTemplateBehavior [ RunTime:0.016001s ]
INFO: [ view_parse ] --END-- [ RunTime:0.016001s ]
INFO: [ view_filter ] --START--
INFO: Run Behavior\WriteHtmlCacheBehavior [ RunTime:0.000000s ]
INFO: [ view_filter ] --END-- [ RunTime:0.000000s ]
INFO: [ app_end ] --START--
INFO: Run Behavior\ShowPageTraceBehavior [ RunTime:0.001000s ]
INFO: [ app_end ] --END-- [ RunTime:0.001000s ]

[ 2016-11-18T14:43:34+08:00 ] 127.0.0.1 /news/33.html
INFO: [ app_init ] --START--
INFO: Run Behavior\BuildLiteBehavior [ RunTime:0.000000s ]
INFO: [ app_init ] --END-- [ RunTime:0.000000s ]
INFO: [ app_begin ] --START--
INFO: Run Behavior\ReadHtmlCacheBehavior [ RunTime:0.001000s ]
INFO: [ app_begin ] --END-- [ RunTime:0.001000s ]
NOTIC: [2048] Declaration of Home\Action\IndexAction::show() should be compatible with Think\Controller::show($content, $charset = '', $contentType = '', $prefix = '') D:\www\www.cms.com\Application\Home\Action\IndexAction.class.php 第 7 行.
SQL: SHOW COLUMNS FROM `site` [ RunTime:0.0060s ]
SQL: SELECT * FROM `site` LIMIT 1   [ RunTime:0.0010s ]
SQL: SHOW COLUMNS FROM `links` [ RunTime:0.0030s ]
SQL: SELECT * FROM `links` WHERE `status` = 1 ORDER BY sort desc  [ RunTime:0.0010s ]
SQL: SHOW COLUMNS FROM `nav` [ RunTime:0.0020s ]
SQL: SELECT * FROM `nav` WHERE `status` = 1 ORDER BY sort desc LIMIT 8   [ RunTime:0.0010s ]
SQL: SHOW COLUMNS FROM `advertise` [ RunTime:0.0030s ]
SQL: SELECT a.site_url,a.img_url,a.title FROM advertise a left join advertise_cate c on a.cate_id=c.id  WHERE c.flag = 'side_adv' AND a.status = 1 AND c.status = 1 LIMIT 1   [ RunTime:0.0010s ]
SQL: SHOW COLUMNS FROM `article_cate` [ RunTime:0.0030s ]
SQL: SELECT * FROM `article_cate` WHERE `status` = 1  [ RunTime:0.0000s ]
SQL: SELECT * FROM `article_cate` WHERE `status` = 1  [ RunTime:0.0000s ]
SQL: SELECT * FROM `article_cate` WHERE `status` = 1  [ RunTime:0.0000s ]
SQL: SHOW COLUMNS FROM `article` [ RunTime:0.0030s ]
SQL: SELECT COUNT(*) AS tp_count FROM `article` WHERE `status` = 1 AND `cate_id` IN ('27','9','33') LIMIT 1   [ RunTime:0.0010s ]
SQL: SELECT * FROM `article` WHERE `status` = 1 AND `cate_id` IN ('27','9','33') ORDER BY id desc LIMIT 0,10   [ RunTime:0.0030s ]
SQL: SELECT `id`,`parent_id` FROM `article_cate` WHERE `id` = 33 LIMIT 1   [ RunTime:0.0010s ]
SQL: SELECT `id`,`parent_id`,`subject` FROM `article_cate` WHERE `parent_id` = 33 ORDER BY sort asc  [ RunTime:0.0010s ]
SQL: SELECT `subject` FROM `article_cate` WHERE `id` = 33 LIMIT 1   [ RunTime:0.0000s ]
INFO: [ view_parse ] --START--
INFO: [ template_filter ] --START--
INFO: Run Behavior\ContentReplaceBehavior [ RunTime:0.000000s ]
INFO: [ template_filter ] --END-- [ RunTime:0.000000s ]
SQL: SELECT `subject` FROM `article_cate` WHERE `id` = 33 LIMIT 1   [ RunTime:0.0010s ]
SQL: SELECT `subject` FROM `article_cate` WHERE `id` = 33 LIMIT 1   [ RunTime:0.0000s ]
SQL: SELECT `subject` FROM `article_cate` WHERE `id` = 33 LIMIT 1   [ RunTime:0.0000s ]
NOTIC: [2] date() expects parameter 2 to be long, string given D:\www\www.cms.com\Run\Cache\Home\1b3a05531f9758b82a25535095161aea.php 第 60 行.
NOTIC: [2] date() expects parameter 2 to be long, string given D:\www\www.cms.com\Run\Cache\Home\1b3a05531f9758b82a25535095161aea.php 第 60 行.
NOTIC: [2] date() expects parameter 2 to be long, string given D:\www\www.cms.com\Run\Cache\Home\1b3a05531f9758b82a25535095161aea.php 第 60 行.
NOTIC: [2] date() expects parameter 2 to be long, string given D:\www\www.cms.com\Run\Cache\Home\1b3a05531f9758b82a25535095161aea.php 第 60 行.
NOTIC: [2] date() expects parameter 2 to be long, string given D:\www\www.cms.com\Run\Cache\Home\1b3a05531f9758b82a25535095161aea.php 第 60 行.
NOTIC: [2] date() expects parameter 2 to be long, string given D:\www\www.cms.com\Run\Cache\Home\1b3a05531f9758b82a25535095161aea.php 第 60 行.
NOTIC: [2] date() expects parameter 2 to be long, string given D:\www\www.cms.com\Run\Cache\Home\1b3a05531f9758b82a25535095161aea.php 第 60 行.
NOTIC: [2] date() expects parameter 2 to be long, string given D:\www\www.cms.com\Run\Cache\Home\1b3a05531f9758b82a25535095161aea.php 第 60 行.
NOTIC: [2] date() expects parameter 2 to be long, string given D:\www\www.cms.com\Run\Cache\Home\1b3a05531f9758b82a25535095161aea.php 第 60 行.
NOTIC: [2] date() expects parameter 2 to be long, string given D:\www\www.cms.com\Run\Cache\Home\1b3a05531f9758b82a25535095161aea.php 第 60 行.
INFO: Run Behavior\ParseTemplateBehavior [ RunTime:0.016001s ]
INFO: [ view_parse ] --END-- [ RunTime:0.016001s ]
INFO: [ view_filter ] --START--
INFO: Run Behavior\WriteHtmlCacheBehavior [ RunTime:0.001000s ]
INFO: [ view_filter ] --END-- [ RunTime:0.001000s ]
INFO: [ app_end ] --START--
INFO: Run Behavior\ShowPageTraceBehavior [ RunTime:0.000000s ]
INFO: [ app_end ] --END-- [ RunTime:0.000000s ]

[ 2016-11-18T14:43:35+08:00 ] 127.0.0.1 /news/34.html
INFO: [ app_init ] --START--
INFO: Run Behavior\BuildLiteBehavior [ RunTime:0.000000s ]
INFO: [ app_init ] --END-- [ RunTime:0.000000s ]
INFO: [ app_begin ] --START--
INFO: Run Behavior\ReadHtmlCacheBehavior [ RunTime:0.001000s ]
INFO: [ app_begin ] --END-- [ RunTime:0.001000s ]
NOTIC: [2048] Declaration of Home\Action\IndexAction::show() should be compatible with Think\Controller::show($content, $charset = '', $contentType = '', $prefix = '') D:\www\www.cms.com\Application\Home\Action\IndexAction.class.php 第 7 行.
SQL: SHOW COLUMNS FROM `site` [ RunTime:0.0040s ]
SQL: SELECT * FROM `site` LIMIT 1   [ RunTime:0.0000s ]
SQL: SHOW COLUMNS FROM `links` [ RunTime:0.0030s ]
SQL: SELECT * FROM `links` WHERE `status` = 1 ORDER BY sort desc  [ RunTime:0.0000s ]
SQL: SHOW COLUMNS FROM `nav` [ RunTime:0.0040s ]
SQL: SELECT * FROM `nav` WHERE `status` = 1 ORDER BY sort desc LIMIT 8   [ RunTime:0.0010s ]
SQL: SHOW COLUMNS FROM `advertise` [ RunTime:0.0040s ]
SQL: SELECT a.site_url,a.img_url,a.title FROM advertise a left join advertise_cate c on a.cate_id=c.id  WHERE c.flag = 'side_adv' AND a.status = 1 AND c.status = 1 LIMIT 1   [ RunTime:0.0000s ]
SQL: SHOW COLUMNS FROM `article_cate` [ RunTime:0.0040s ]
SQL: SELECT * FROM `article_cate` WHERE `status` = 1  [ RunTime:0.0010s ]
SQL: SELECT * FROM `article_cate` WHERE `status` = 1  [ RunTime:0.0000s ]
SQL: SELECT * FROM `article_cate` WHERE `status` = 1  [ RunTime:0.0010s ]
SQL: SELECT * FROM `article_cate` WHERE `status` = 1  [ RunTime:0.0010s ]
SQL: SELECT * FROM `article_cate` WHERE `status` = 1  [ RunTime:0.0000s ]
SQL: SELECT * FROM `article_cate` WHERE `status` = 1  [ RunTime:0.0000s ]
SQL: SHOW COLUMNS FROM `article` [ RunTime:0.0040s ]
SQL: SELECT COUNT(*) AS tp_count FROM `article` WHERE `status` = 1 AND `cate_id` IN ('35','44','45','46','47','34') LIMIT 1   [ RunTime:0.0000s ]
SQL: SELECT * FROM `article` WHERE `status` = 1 AND `cate_id` IN ('35','44','45','46','47','34') ORDER BY id desc LIMIT 0,10   [ RunTime:0.0000s ]
SQL: SELECT `id`,`parent_id` FROM `article_cate` WHERE `id` = 34 LIMIT 1   [ RunTime:0.0000s ]
SQL: SELECT `id`,`parent_id`,`subject` FROM `article_cate` WHERE `parent_id` = 34 ORDER BY sort asc  [ RunTime:0.0000s ]
SQL: SELECT `subject` FROM `article_cate` WHERE `id` = 34 LIMIT 1   [ RunTime:0.0010s ]
INFO: [ view_parse ] --START--
INFO: [ template_filter ] --START--
INFO: Run Behavior\ContentReplaceBehavior [ RunTime:0.000000s ]
INFO: [ template_filter ] --END-- [ RunTime:0.001000s ]
SQL: SELECT `subject` FROM `article_cate` WHERE `id` = 34 LIMIT 1   [ RunTime:0.0010s ]
SQL: SELECT `subject` FROM `article_cate` WHERE `id` = 34 LIMIT 1   [ RunTime:0.0000s ]
SQL: SELECT `subject` FROM `article_cate` WHERE `id` = 34 LIMIT 1   [ RunTime:0.0000s ]
INFO: Run Behavior\ParseTemplateBehavior [ RunTime:0.015001s ]
INFO: [ view_parse ] --END-- [ RunTime:0.016001s ]
INFO: [ view_filter ] --START--
INFO: Run Behavior\WriteHtmlCacheBehavior [ RunTime:0.000000s ]
INFO: [ view_filter ] --END-- [ RunTime:0.000000s ]
INFO: [ app_end ] --START--
INFO: Run Behavior\ShowPageTraceBehavior [ RunTime:0.000000s ]
INFO: [ app_end ] --END-- [ RunTime:0.000000s ]

[ 2016-11-18T14:43:44+08:00 ] 127.0.0.1 /news/44.html
INFO: [ app_init ] --START--
INFO: Run Behavior\BuildLiteBehavior [ RunTime:0.000000s ]
INFO: [ app_init ] --END-- [ RunTime:0.001000s ]
INFO: [ app_begin ] --START--
INFO: Run Behavior\ReadHtmlCacheBehavior [ RunTime:0.000000s ]
INFO: [ app_begin ] --END-- [ RunTime:0.000000s ]
NOTIC: [2048] Declaration of Home\Action\IndexAction::show() should be compatible with Think\Controller::show($content, $charset = '', $contentType = '', $prefix = '') D:\www\www.cms.com\Application\Home\Action\IndexAction.class.php 第 7 行.
SQL: SHOW COLUMNS FROM `site` [ RunTime:0.0040s ]
SQL: SELECT * FROM `site` LIMIT 1   [ RunTime:0.0020s ]
SQL: SHOW COLUMNS FROM `links` [ RunTime:0.0050s ]
SQL: SELECT * FROM `links` WHERE `status` = 1 ORDER BY sort desc  [ RunTime:0.0010s ]
SQL: SHOW COLUMNS FROM `nav` [ RunTime:0.0040s ]
SQL: SELECT * FROM `nav` WHERE `status` = 1 ORDER BY sort desc LIMIT 8   [ RunTime:0.0010s ]
SQL: SHOW COLUMNS FROM `advertise` [ RunTime:0.0050s ]
SQL: SELECT a.site_url,a.img_url,a.title FROM advertise a left join advertise_cate c on a.cate_id=c.id  WHERE c.flag = 'side_adv' AND a.status = 1 AND c.status = 1 LIMIT 1   [ RunTime:0.0010s ]
SQL: SHOW COLUMNS FROM `article_cate` [ RunTime:0.0030s ]
SQL: SELECT * FROM `article_cate` WHERE `status` = 1  [ RunTime:0.0000s ]
SQL: SHOW COLUMNS FROM `article` [ RunTime:0.0030s ]
SQL: SELECT COUNT(*) AS tp_count FROM `article` WHERE `status` = 1 AND `cate_id` IN ('44') LIMIT 1   [ RunTime:0.0000s ]
SQL: SELECT * FROM `article` WHERE `status` = 1 AND `cate_id` IN ('44') ORDER BY id desc LIMIT 0,10   [ RunTime:0.0000s ]
SQL: SELECT `id`,`parent_id` FROM `article_cate` WHERE `id` = 44 LIMIT 1   [ RunTime:0.0010s ]
SQL: SELECT `id`,`parent_id`,`subject` FROM `article_cate` WHERE `parent_id` = 34 ORDER BY sort asc  [ RunTime:0.0000s ]
SQL: SELECT `subject` FROM `article_cate` WHERE `id` = 44 LIMIT 1   [ RunTime:0.0000s ]
INFO: [ view_parse ] --START--
INFO: [ template_filter ] --START--
INFO: Run Behavior\ContentReplaceBehavior [ RunTime:0.000000s ]
INFO: [ template_filter ] --END-- [ RunTime:0.000000s ]
SQL: SELECT `subject` FROM `article_cate` WHERE `id` = 34 LIMIT 1   [ RunTime:0.0010s ]
SQL: SELECT `subject` FROM `article_cate` WHERE `id` = 34 LIMIT 1   [ RunTime:0.0010s ]
SQL: SELECT `subject` FROM `article_cate` WHERE `id` = 44 LIMIT 1   [ RunTime:0.0010s ]
INFO: Run Behavior\ParseTemplateBehavior [ RunTime:0.016001s ]
INFO: [ view_parse ] --END-- [ RunTime:0.016001s ]
INFO: [ view_filter ] --START--
INFO: Run Behavior\WriteHtmlCacheBehavior [ RunTime:0.001000s ]
INFO: [ view_filter ] --END-- [ RunTime:0.001000s ]
INFO: [ app_end ] --START--
INFO: Run Behavior\ShowPageTraceBehavior [ RunTime:0.000000s ]
INFO: [ app_end ] --END-- [ RunTime:0.000000s ]

[ 2016-11-18T14:43:45+08:00 ] 127.0.0.1 /news/35.html
INFO: [ app_init ] --START--
INFO: Run Behavior\BuildLiteBehavior [ RunTime:0.000000s ]
INFO: [ app_init ] --END-- [ RunTime:0.001000s ]
INFO: [ app_begin ] --START--
INFO: Run Behavior\ReadHtmlCacheBehavior [ RunTime:0.000000s ]
INFO: [ app_begin ] --END-- [ RunTime:0.000000s ]
NOTIC: [2048] Declaration of Home\Action\IndexAction::show() should be compatible with Think\Controller::show($content, $charset = '', $contentType = '', $prefix = '') D:\www\www.cms.com\Application\Home\Action\IndexAction.class.php 第 7 行.
SQL: SHOW COLUMNS FROM `site` [ RunTime:0.0060s ]
SQL: SELECT * FROM `site` LIMIT 1   [ RunTime:0.0010s ]
SQL: SHOW COLUMNS FROM `links` [ RunTime:0.0030s ]
SQL: SELECT * FROM `links` WHERE `status` = 1 ORDER BY sort desc  [ RunTime:0.0000s ]
SQL: SHOW COLUMNS FROM `nav` [ RunTime:0.0030s ]
SQL: SELECT * FROM `nav` WHERE `status` = 1 ORDER BY sort desc LIMIT 8   [ RunTime:0.0000s ]
SQL: SHOW COLUMNS FROM `advertise` [ RunTime:0.0040s ]
SQL: SELECT a.site_url,a.img_url,a.title FROM advertise a left join advertise_cate c on a.cate_id=c.id  WHERE c.flag = 'side_adv' AND a.status = 1 AND c.status = 1 LIMIT 1   [ RunTime:0.0000s ]
SQL: SHOW COLUMNS FROM `article_cate` [ RunTime:0.0040s ]
SQL: SELECT * FROM `article_cate` WHERE `status` = 1  [ RunTime:0.0010s ]
SQL: SHOW COLUMNS FROM `article` [ RunTime:0.0030s ]
SQL: SELECT COUNT(*) AS tp_count FROM `article` WHERE `status` = 1 AND `cate_id` IN ('35') LIMIT 1   [ RunTime:0.0010s ]
SQL: SELECT * FROM `article` WHERE `status` = 1 AND `cate_id` IN ('35') ORDER BY id desc LIMIT 0,10   [ RunTime:0.0000s ]
SQL: SELECT `id`,`parent_id` FROM `article_cate` WHERE `id` = 35 LIMIT 1   [ RunTime:0.0010s ]
SQL: SELECT `id`,`parent_id`,`subject` FROM `article_cate` WHERE `parent_id` = 34 ORDER BY sort asc  [ RunTime:0.0010s ]
SQL: SELECT `subject` FROM `article_cate` WHERE `id` = 35 LIMIT 1   [ RunTime:0.0010s ]
INFO: [ view_parse ] --START--
INFO: [ template_filter ] --START--
INFO: Run Behavior\ContentReplaceBehavior [ RunTime:0.000000s ]
INFO: [ template_filter ] --END-- [ RunTime:0.000000s ]
SQL: SELECT `subject` FROM `article_cate` WHERE `id` = 34 LIMIT 1   [ RunTime:0.0000s ]
SQL: SELECT `subject` FROM `article_cate` WHERE `id` = 34 LIMIT 1   [ RunTime:0.0010s ]
SQL: SELECT `subject` FROM `article_cate` WHERE `id` = 35 LIMIT 1   [ RunTime:0.0000s ]
INFO: Run Behavior\ParseTemplateBehavior [ RunTime:0.030001s ]
INFO: [ view_parse ] --END-- [ RunTime:0.031002s ]
INFO: [ view_filter ] --START--
INFO: Run Behavior\WriteHtmlCacheBehavior [ RunTime:0.001000s ]
INFO: [ view_filter ] --END-- [ RunTime:0.001000s ]
INFO: [ app_end ] --START--
INFO: Run Behavior\ShowPageTraceBehavior [ RunTime:0.000000s ]
INFO: [ app_end ] --END-- [ RunTime:0.001000s ]

[ 2016-11-18T14:43:47+08:00 ] 127.0.0.1 /news/34.html
INFO: [ app_init ] --START--
INFO: Run Behavior\BuildLiteBehavior [ RunTime:0.000000s ]
INFO: [ app_init ] --END-- [ RunTime:0.000000s ]
INFO: [ app_begin ] --START--
INFO: Run Behavior\ReadHtmlCacheBehavior [ RunTime:0.000000s ]
INFO: [ app_begin ] --END-- [ RunTime:0.000000s ]
NOTIC: [2048] Declaration of Home\Action\IndexAction::show() should be compatible with Think\Controller::show($content, $charset = '', $contentType = '', $prefix = '') D:\www\www.cms.com\Application\Home\Action\IndexAction.class.php 第 7 行.
SQL: SHOW COLUMNS FROM `site` [ RunTime:0.0030s ]
SQL: SELECT * FROM `site` LIMIT 1   [ RunTime:0.0000s ]
SQL: SHOW COLUMNS FROM `links` [ RunTime:0.0040s ]
SQL: SELECT * FROM `links` WHERE `status` = 1 ORDER BY sort desc  [ RunTime:0.0000s ]
SQL: SHOW COLUMNS FROM `nav` [ RunTime:0.0030s ]
SQL: SELECT * FROM `nav` WHERE `status` = 1 ORDER BY sort desc LIMIT 8   [ RunTime:0.0010s ]
SQL: SHOW COLUMNS FROM `advertise` [ RunTime:0.0030s ]
SQL: SELECT a.site_url,a.img_url,a.title FROM advertise a left join advertise_cate c on a.cate_id=c.id  WHERE c.flag = 'side_adv' AND a.status = 1 AND c.status = 1 LIMIT 1   [ RunTime:0.0000s ]
SQL: SHOW COLUMNS FROM `article_cate` [ RunTime:0.0030s ]
SQL: SELECT * FROM `article_cate` WHERE `status` = 1  [ RunTime:0.0020s ]
SQL: SELECT * FROM `article_cate` WHERE `status` = 1  [ RunTime:0.0010s ]
SQL: SELECT * FROM `article_cate` WHERE `status` = 1  [ RunTime:0.0010s ]
SQL: SELECT * FROM `article_cate` WHERE `status` = 1  [ RunTime:0.0010s ]
SQL: SELECT * FROM `article_cate` WHERE `status` = 1  [ RunTime:0.0000s ]
SQL: SELECT * FROM `article_cate` WHERE `status` = 1  [ RunTime:0.0000s ]
SQL: SHOW COLUMNS FROM `article` [ RunTime:0.0030s ]
SQL: SELECT COUNT(*) AS tp_count FROM `article` WHERE `status` = 1 AND `cate_id` IN ('35','44','45','46','47','34') LIMIT 1   [ RunTime:0.0010s ]
SQL: SELECT * FROM `article` WHERE `status` = 1 AND `cate_id` IN ('35','44','45','46','47','34') ORDER BY id desc LIMIT 0,10   [ RunTime:0.0000s ]
SQL: SELECT `id`,`parent_id` FROM `article_cate` WHERE `id` = 34 LIMIT 1   [ RunTime:0.0000s ]
SQL: SELECT `id`,`parent_id`,`subject` FROM `article_cate` WHERE `parent_id` = 34 ORDER BY sort asc  [ RunTime:0.0000s ]
SQL: SELECT `subject` FROM `article_cate` WHERE `id` = 34 LIMIT 1   [ RunTime:0.0000s ]
INFO: [ view_parse ] --START--
INFO: [ template_filter ] --START--
INFO: Run Behavior\ContentReplaceBehavior [ RunTime:0.000000s ]
INFO: [ template_filter ] --END-- [ RunTime:0.000000s ]
SQL: SELECT `subject` FROM `article_cate` WHERE `id` = 34 LIMIT 1   [ RunTime:0.0010s ]
SQL: SELECT `subject` FROM `article_cate` WHERE `id` = 34 LIMIT 1   [ RunTime:0.0010s ]
SQL: SELECT `subject` FROM `article_cate` WHERE `id` = 34 LIMIT 1   [ RunTime:0.0010s ]
INFO: Run Behavior\ParseTemplateBehavior [ RunTime:0.014001s ]
INFO: [ view_parse ] --END-- [ RunTime:0.014001s ]
INFO: [ view_filter ] --START--
INFO: Run Behavior\WriteHtmlCacheBehavior [ RunTime:0.000000s ]
INFO: [ view_filter ] --END-- [ RunTime:0.000000s ]
INFO: [ app_end ] --START--
INFO: Run Behavior\ShowPageTraceBehavior [ RunTime:0.001000s ]
INFO: [ app_end ] --END-- [ RunTime:0.001000s ]

[ 2016-11-18T14:44:22+08:00 ] 127.0.0.1 /news/35.html
INFO: [ app_init ] --START--
INFO: Run Behavior\BuildLiteBehavior [ RunTime:0.000000s ]
INFO: [ app_init ] --END-- [ RunTime:0.001000s ]
INFO: [ app_begin ] --START--
INFO: Run Behavior\ReadHtmlCacheBehavior [ RunTime:0.000000s ]
INFO: [ app_begin ] --END-- [ RunTime:0.000000s ]
NOTIC: [2048] Declaration of Home\Action\IndexAction::show() should be compatible with Think\Controller::show($content, $charset = '', $contentType = '', $prefix = '') D:\www\www.cms.com\Application\Home\Action\IndexAction.class.php 第 7 行.
SQL: SHOW COLUMNS FROM `site` [ RunTime:0.0040s ]
SQL: SELECT * FROM `site` LIMIT 1   [ RunTime:0.0010s ]
SQL: SHOW COLUMNS FROM `links` [ RunTime:0.0030s ]
SQL: SELECT * FROM `links` WHERE `status` = 1 ORDER BY sort desc  [ RunTime:0.0000s ]
SQL: SHOW COLUMNS FROM `nav` [ RunTime:0.0040s ]
SQL: SELECT * FROM `nav` WHERE `status` = 1 ORDER BY sort desc LIMIT 8   [ RunTime:0.0000s ]
SQL: SHOW COLUMNS FROM `advertise` [ RunTime:0.0030s ]
SQL: SELECT a.site_url,a.img_url,a.title FROM advertise a left join advertise_cate c on a.cate_id=c.id  WHERE c.flag = 'side_adv' AND a.status = 1 AND c.status = 1 LIMIT 1   [ RunTime:0.0000s ]
SQL: SHOW COLUMNS FROM `article_cate` [ RunTime:0.0030s ]
SQL: SELECT * FROM `article_cate` WHERE `status` = 1  [ RunTime:0.0010s ]
SQL: SHOW COLUMNS FROM `article` [ RunTime:0.0030s ]
SQL: SELECT COUNT(*) AS tp_count FROM `article` WHERE `status` = 1 AND `cate_id` IN ('35') LIMIT 1   [ RunTime:0.0010s ]
SQL: SELECT * FROM `article` WHERE `status` = 1 AND `cate_id` IN ('35') ORDER BY id desc LIMIT 0,10   [ RunTime:0.0000s ]
SQL: SELECT `id`,`parent_id` FROM `article_cate` WHERE `id` = 35 LIMIT 1   [ RunTime:0.0000s ]
SQL: SELECT `id`,`parent_id`,`subject` FROM `article_cate` WHERE `parent_id` = 34 ORDER BY sort asc  [ RunTime:0.0000s ]
SQL: SELECT `subject` FROM `article_cate` WHERE `id` = 35 LIMIT 1   [ RunTime:0.0010s ]
INFO: [ view_parse ] --START--
INFO: [ template_filter ] --START--
INFO: Run Behavior\ContentReplaceBehavior [ RunTime:0.000000s ]
INFO: [ template_filter ] --END-- [ RunTime:0.000000s ]
SQL: SELECT `subject` FROM `article_cate` WHERE `id` = 34 LIMIT 1   [ RunTime:0.0010s ]
SQL: SELECT `subject` FROM `article_cate` WHERE `id` = 34 LIMIT 1   [ RunTime:0.0000s ]
SQL: SELECT `subject` FROM `article_cate` WHERE `id` = 35 LIMIT 1   [ RunTime:0.0000s ]
INFO: Run Behavior\ParseTemplateBehavior [ RunTime:0.015001s ]
INFO: [ view_parse ] --END-- [ RunTime:0.015001s ]
INFO: [ view_filter ] --START--
INFO: Run Behavior\WriteHtmlCacheBehavior [ RunTime:0.000000s ]
INFO: [ view_filter ] --END-- [ RunTime:0.000000s ]
INFO: [ app_end ] --START--
INFO: Run Behavior\ShowPageTraceBehavior [ RunTime:0.000000s ]
INFO: [ app_end ] --END-- [ RunTime:0.000000s ]

[ 2016-11-18T14:44:23+08:00 ] 127.0.0.1 /news/44.html
INFO: [ app_init ] --START--
INFO: Run Behavior\BuildLiteBehavior [ RunTime:0.000000s ]
INFO: [ app_init ] --END-- [ RunTime:0.000000s ]
INFO: [ app_begin ] --START--
INFO: Run Behavior\ReadHtmlCacheBehavior [ RunTime:0.000000s ]
INFO: [ app_begin ] --END-- [ RunTime:0.000000s ]
NOTIC: [2048] Declaration of Home\Action\IndexAction::show() should be compatible with Think\Controller::show($content, $charset = '', $contentType = '', $prefix = '') D:\www\www.cms.com\Application\Home\Action\IndexAction.class.php 第 7 行.
SQL: SHOW COLUMNS FROM `site` [ RunTime:0.0060s ]
SQL: SELECT * FROM `site` LIMIT 1   [ RunTime:0.0010s ]
SQL: SHOW COLUMNS FROM `links` [ RunTime:0.0020s ]
SQL: SELECT * FROM `links` WHERE `status` = 1 ORDER BY sort desc  [ RunTime:0.0000s ]
SQL: SHOW COLUMNS FROM `nav` [ RunTime:0.0020s ]
SQL: SELECT * FROM `nav` WHERE `status` = 1 ORDER BY sort desc LIMIT 8   [ RunTime:0.0000s ]
SQL: SHOW COLUMNS FROM `advertise` [ RunTime:0.0020s ]
SQL: SELECT a.site_url,a.img_url,a.title FROM advertise a left join advertise_cate c on a.cate_id=c.id  WHERE c.flag = 'side_adv' AND a.status = 1 AND c.status = 1 LIMIT 1   [ RunTime:0.0010s ]
SQL: SHOW COLUMNS FROM `article_cate` [ RunTime:0.0040s ]
SQL: SELECT * FROM `article_cate` WHERE `status` = 1  [ RunTime:0.0010s ]
SQL: SHOW COLUMNS FROM `article` [ RunTime:0.0030s ]
SQL: SELECT COUNT(*) AS tp_count FROM `article` WHERE `status` = 1 AND `cate_id` IN ('44') LIMIT 1   [ RunTime:0.0000s ]
SQL: SELECT * FROM `article` WHERE `status` = 1 AND `cate_id` IN ('44') ORDER BY id desc LIMIT 0,10   [ RunTime:0.0010s ]
SQL: SELECT `id`,`parent_id` FROM `article_cate` WHERE `id` = 44 LIMIT 1   [ RunTime:0.0000s ]
SQL: SELECT `id`,`parent_id`,`subject` FROM `article_cate` WHERE `parent_id` = 34 ORDER BY sort asc  [ RunTime:0.0000s ]
SQL: SELECT `subject` FROM `article_cate` WHERE `id` = 44 LIMIT 1   [ RunTime:0.0000s ]
INFO: [ view_parse ] --START--
INFO: [ template_filter ] --START--
INFO: Run Behavior\ContentReplaceBehavior [ RunTime:0.001000s ]
INFO: [ template_filter ] --END-- [ RunTime:0.001000s ]
SQL: SELECT `subject` FROM `article_cate` WHERE `id` = 34 LIMIT 1   [ RunTime:0.0000s ]
SQL: SELECT `subject` FROM `article_cate` WHERE `id` = 34 LIMIT 1   [ RunTime:0.0000s ]
SQL: SELECT `subject` FROM `article_cate` WHERE `id` = 44 LIMIT 1   [ RunTime:0.0000s ]
INFO: Run Behavior\ParseTemplateBehavior [ RunTime:0.013001s ]
INFO: [ view_parse ] --END-- [ RunTime:0.014001s ]
INFO: [ view_filter ] --START--
INFO: Run Behavior\WriteHtmlCacheBehavior [ RunTime:0.001000s ]
INFO: [ view_filter ] --END-- [ RunTime:0.001000s ]
INFO: [ app_end ] --START--
INFO: Run Behavior\ShowPageTraceBehavior [ RunTime:0.000000s ]
INFO: [ app_end ] --END-- [ RunTime:0.000000s ]

[ 2016-11-18T14:44:23+08:00 ] 127.0.0.1 /news/45.html
INFO: [ app_init ] --START--
INFO: Run Behavior\BuildLiteBehavior [ RunTime:0.000000s ]
INFO: [ app_init ] --END-- [ RunTime:0.000000s ]
INFO: [ app_begin ] --START--
INFO: Run Behavior\ReadHtmlCacheBehavior [ RunTime:0.000000s ]
INFO: [ app_begin ] --END-- [ RunTime:0.000000s ]
NOTIC: [2048] Declaration of Home\Action\IndexAction::show() should be compatible with Think\Controller::show($content, $charset = '', $contentType = '', $prefix = '') D:\www\www.cms.com\Application\Home\Action\IndexAction.class.php 第 7 行.
SQL: SHOW COLUMNS FROM `site` [ RunTime:0.0030s ]
SQL: SELECT * FROM `site` LIMIT 1   [ RunTime:0.0010s ]
SQL: SHOW COLUMNS FROM `links` [ RunTime:0.0030s ]
SQL: SELECT * FROM `links` WHERE `status` = 1 ORDER BY sort desc  [ RunTime:0.0010s ]
SQL: SHOW COLUMNS FROM `nav` [ RunTime:0.0020s ]
SQL: SELECT * FROM `nav` WHERE `status` = 1 ORDER BY sort desc LIMIT 8   [ RunTime:0.0000s ]
SQL: SHOW COLUMNS FROM `advertise` [ RunTime:0.0020s ]
SQL: SELECT a.site_url,a.img_url,a.title FROM advertise a left join advertise_cate c on a.cate_id=c.id  WHERE c.flag = 'side_adv' AND a.status = 1 AND c.status = 1 LIMIT 1   [ RunTime:0.0000s ]
SQL: SHOW COLUMNS FROM `article_cate` [ RunTime:0.0040s ]
SQL: SELECT * FROM `article_cate` WHERE `status` = 1  [ RunTime:0.0010s ]
SQL: SHOW COLUMNS FROM `article` [ RunTime:0.0030s ]
SQL: SELECT COUNT(*) AS tp_count FROM `article` WHERE `status` = 1 AND `cate_id` IN ('45') LIMIT 1   [ RunTime:0.0000s ]
SQL: SELECT * FROM `article` WHERE `status` = 1 AND `cate_id` IN ('45') ORDER BY id desc LIMIT 0,10   [ RunTime:0.0000s ]
SQL: SELECT `id`,`parent_id` FROM `article_cate` WHERE `id` = 45 LIMIT 1   [ RunTime:0.0000s ]
SQL: SELECT `id`,`parent_id`,`subject` FROM `article_cate` WHERE `parent_id` = 34 ORDER BY sort asc  [ RunTime:0.0000s ]
SQL: SELECT `subject` FROM `article_cate` WHERE `id` = 45 LIMIT 1   [ RunTime:0.0010s ]
INFO: [ view_parse ] --START--
INFO: [ template_filter ] --START--
INFO: Run Behavior\ContentReplaceBehavior [ RunTime:0.000000s ]
INFO: [ template_filter ] --END-- [ RunTime:0.000000s ]
SQL: SELECT `subject` FROM `article_cate` WHERE `id` = 34 LIMIT 1   [ RunTime:0.0000s ]
SQL: SELECT `subject` FROM `article_cate` WHERE `id` = 34 LIMIT 1   [ RunTime:0.0000s ]
SQL: SELECT `subject` FROM `article_cate` WHERE `id` = 45 LIMIT 1   [ RunTime:0.0000s ]
INFO: Run Behavior\ParseTemplateBehavior [ RunTime:0.013000s ]
INFO: [ view_parse ] --END-- [ RunTime:0.013000s ]
INFO: [ view_filter ] --START--
INFO: Run Behavior\WriteHtmlCacheBehavior [ RunTime:0.000000s ]
INFO: [ view_filter ] --END-- [ RunTime:0.001000s ]
INFO: [ app_end ] --START--
INFO: Run Behavior\ShowPageTraceBehavior [ RunTime:0.000000s ]
INFO: [ app_end ] --END-- [ RunTime:0.000000s ]

[ 2016-11-18T14:44:24+08:00 ] 127.0.0.1 /news/46.html
INFO: [ app_init ] --START--
INFO: Run Behavior\BuildLiteBehavior [ RunTime:0.000000s ]
INFO: [ app_init ] --END-- [ RunTime:0.000000s ]
INFO: [ app_begin ] --START--
INFO: Run Behavior\ReadHtmlCacheBehavior [ RunTime:0.000000s ]
INFO: [ app_begin ] --END-- [ RunTime:0.000000s ]
NOTIC: [2048] Declaration of Home\Action\IndexAction::show() should be compatible with Think\Controller::show($content, $charset = '', $contentType = '', $prefix = '') D:\www\www.cms.com\Application\Home\Action\IndexAction.class.php 第 7 行.
SQL: SHOW COLUMNS FROM `site` [ RunTime:0.0030s ]
SQL: SELECT * FROM `site` LIMIT 1   [ RunTime:0.0010s ]
SQL: SHOW COLUMNS FROM `links` [ RunTime:0.0040s ]
SQL: SELECT * FROM `links` WHERE `status` = 1 ORDER BY sort desc  [ RunTime:0.0000s ]
SQL: SHOW COLUMNS FROM `nav` [ RunTime:0.0030s ]
SQL: SELECT * FROM `nav` WHERE `status` = 1 ORDER BY sort desc LIMIT 8   [ RunTime:0.0000s ]
SQL: SHOW COLUMNS FROM `advertise` [ RunTime:0.0030s ]
SQL: SELECT a.site_url,a.img_url,a.title FROM advertise a left join advertise_cate c on a.cate_id=c.id  WHERE c.flag = 'side_adv' AND a.status = 1 AND c.status = 1 LIMIT 1   [ RunTime:0.0000s ]
SQL: SHOW COLUMNS FROM `article_cate` [ RunTime:0.0030s ]
SQL: SELECT * FROM `article_cate` WHERE `status` = 1  [ RunTime:0.0010s ]
SQL: SHOW COLUMNS FROM `article` [ RunTime:0.0030s ]
SQL: SELECT COUNT(*) AS tp_count FROM `article` WHERE `status` = 1 AND `cate_id` IN ('46') LIMIT 1   [ RunTime:0.0010s ]
SQL: SELECT * FROM `article` WHERE `status` = 1 AND `cate_id` IN ('46') ORDER BY id desc LIMIT 0,10   [ RunTime:0.0000s ]
SQL: SELECT `id`,`parent_id` FROM `article_cate` WHERE `id` = 46 LIMIT 1   [ RunTime:0.0000s ]
SQL: SELECT `id`,`parent_id`,`subject` FROM `article_cate` WHERE `parent_id` = 34 ORDER BY sort asc  [ RunTime:0.0000s ]
SQL: SELECT `subject` FROM `article_cate` WHERE `id` = 46 LIMIT 1   [ RunTime:0.0010s ]
INFO: [ view_parse ] --START--
INFO: [ template_filter ] --START--
INFO: Run Behavior\ContentReplaceBehavior [ RunTime:0.000000s ]
INFO: [ template_filter ] --END-- [ RunTime:0.000000s ]
SQL: SELECT `subject` FROM `article_cate` WHERE `id` = 34 LIMIT 1   [ RunTime:0.0010s ]
SQL: SELECT `subject` FROM `article_cate` WHERE `id` = 34 LIMIT 1   [ RunTime:0.0010s ]
SQL: SELECT `subject` FROM `article_cate` WHERE `id` = 46 LIMIT 1   [ RunTime:0.0000s ]
INFO: Run Behavior\ParseTemplateBehavior [ RunTime:0.022001s ]
INFO: [ view_parse ] --END-- [ RunTime:0.023001s ]
INFO: [ view_filter ] --START--
INFO: Run Behavior\WriteHtmlCacheBehavior [ RunTime:0.000000s ]
INFO: [ view_filter ] --END-- [ RunTime:0.000000s ]
INFO: [ app_end ] --START--
INFO: Run Behavior\ShowPageTraceBehavior [ RunTime:0.000000s ]
INFO: [ app_end ] --END-- [ RunTime:0.001000s ]

[ 2016-11-18T14:44:25+08:00 ] 127.0.0.1 /news/47.html
INFO: [ app_init ] --START--
INFO: Run Behavior\BuildLiteBehavior [ RunTime:0.000000s ]
INFO: [ app_init ] --END-- [ RunTime:0.001000s ]
INFO: [ app_begin ] --START--
INFO: Run Behavior\ReadHtmlCacheBehavior [ RunTime:0.001000s ]
INFO: [ app_begin ] --END-- [ RunTime:0.001000s ]
NOTIC: [2048] Declaration of Home\Action\IndexAction::show() should be compatible with Think\Controller::show($content, $charset = '', $contentType = '', $prefix = '') D:\www\www.cms.com\Application\Home\Action\IndexAction.class.php 第 7 行.
SQL: SHOW COLUMNS FROM `site` [ RunTime:0.0030s ]
SQL: SELECT * FROM `site` LIMIT 1   [ RunTime:0.0010s ]
SQL: SHOW COLUMNS FROM `links` [ RunTime:0.0030s ]
SQL: SELECT * FROM `links` WHERE `status` = 1 ORDER BY sort desc  [ RunTime:0.0010s ]
SQL: SHOW COLUMNS FROM `nav` [ RunTime:0.0030s ]
SQL: SELECT * FROM `nav` WHERE `status` = 1 ORDER BY sort desc LIMIT 8   [ RunTime:0.0000s ]
SQL: SHOW COLUMNS FROM `advertise` [ RunTime:0.0040s ]
SQL: SELECT a.site_url,a.img_url,a.title FROM advertise a left join advertise_cate c on a.cate_id=c.id  WHERE c.flag = 'side_adv' AND a.status = 1 AND c.status = 1 LIMIT 1   [ RunTime:0.0010s ]
SQL: SHOW COLUMNS FROM `article_cate` [ RunTime:0.0030s ]
SQL: SELECT * FROM `article_cate` WHERE `status` = 1  [ RunTime:0.0010s ]
SQL: SHOW COLUMNS FROM `article` [ RunTime:0.0030s ]
SQL: SELECT COUNT(*) AS tp_count FROM `article` WHERE `status` = 1 AND `cate_id` IN ('47') LIMIT 1   [ RunTime:0.0010s ]
SQL: SELECT * FROM `article` WHERE `status` = 1 AND `cate_id` IN ('47') ORDER BY id desc LIMIT 0,10   [ RunTime:0.0010s ]
SQL: SELECT `id`,`parent_id` FROM `article_cate` WHERE `id` = 47 LIMIT 1   [ RunTime:0.0000s ]
SQL: SELECT `id`,`parent_id`,`subject` FROM `article_cate` WHERE `parent_id` = 34 ORDER BY sort asc  [ RunTime:0.0010s ]
SQL: SELECT `subject` FROM `article_cate` WHERE `id` = 47 LIMIT 1   [ RunTime:0.0000s ]
INFO: [ view_parse ] --START--
INFO: [ template_filter ] --START--
INFO: Run Behavior\ContentReplaceBehavior [ RunTime:0.000000s ]
INFO: [ template_filter ] --END-- [ RunTime:0.000000s ]
SQL: SELECT `subject` FROM `article_cate` WHERE `id` = 34 LIMIT 1   [ RunTime:0.0000s ]
SQL: SELECT `subject` FROM `article_cate` WHERE `id` = 34 LIMIT 1   [ RunTime:0.0000s ]
SQL: SELECT `subject` FROM `article_cate` WHERE `id` = 47 LIMIT 1   [ RunTime:0.0010s ]
INFO: Run Behavior\ParseTemplateBehavior [ RunTime:0.022002s ]
INFO: [ view_parse ] --END-- [ RunTime:0.022002s ]
INFO: [ view_filter ] --START--
INFO: Run Behavior\WriteHtmlCacheBehavior [ RunTime:0.000000s ]
INFO: [ view_filter ] --END-- [ RunTime:0.000000s ]
INFO: [ app_end ] --START--
INFO: Run Behavior\ShowPageTraceBehavior [ RunTime:0.000000s ]
INFO: [ app_end ] --END-- [ RunTime:0.000000s ]

[ 2016-11-18T14:44:26+08:00 ] 127.0.0.1 /news/46.html
INFO: [ app_init ] --START--
INFO: Run Behavior\BuildLiteBehavior [ RunTime:0.000000s ]
INFO: [ app_init ] --END-- [ RunTime:0.001000s ]
INFO: [ app_begin ] --START--
INFO: Run Behavior\ReadHtmlCacheBehavior [ RunTime:0.000000s ]
INFO: [ app_begin ] --END-- [ RunTime:0.001000s ]
NOTIC: [2048] Declaration of Home\Action\IndexAction::show() should be compatible with Think\Controller::show($content, $charset = '', $contentType = '', $prefix = '') D:\www\www.cms.com\Application\Home\Action\IndexAction.class.php 第 7 行.
SQL: SHOW COLUMNS FROM `site` [ RunTime:0.0050s ]
SQL: SELECT * FROM `site` LIMIT 1   [ RunTime:0.0000s ]
SQL: SHOW COLUMNS FROM `links` [ RunTime:0.0030s ]
SQL: SELECT * FROM `links` WHERE `status` = 1 ORDER BY sort desc  [ RunTime:0.0000s ]
SQL: SHOW COLUMNS FROM `nav` [ RunTime:0.0030s ]
SQL: SELECT * FROM `nav` WHERE `status` = 1 ORDER BY sort desc LIMIT 8   [ RunTime:0.0000s ]
SQL: SHOW COLUMNS FROM `advertise` [ RunTime:0.0040s ]
SQL: SELECT a.site_url,a.img_url,a.title FROM advertise a left join advertise_cate c on a.cate_id=c.id  WHERE c.flag = 'side_adv' AND a.status = 1 AND c.status = 1 LIMIT 1   [ RunTime:0.0010s ]
SQL: SHOW COLUMNS FROM `article_cate` [ RunTime:0.0030s ]
SQL: SELECT * FROM `article_cate` WHERE `status` = 1  [ RunTime:0.0000s ]
SQL: SHOW COLUMNS FROM `article` [ RunTime:0.0020s ]
SQL: SELECT COUNT(*) AS tp_count FROM `article` WHERE `status` = 1 AND `cate_id` IN ('46') LIMIT 1   [ RunTime:0.0010s ]
SQL: SELECT * FROM `article` WHERE `status` = 1 AND `cate_id` IN ('46') ORDER BY id desc LIMIT 0,10   [ RunTime:0.0000s ]
SQL: SELECT `id`,`parent_id` FROM `article_cate` WHERE `id` = 46 LIMIT 1   [ RunTime:0.0000s ]
SQL: SELECT `id`,`parent_id`,`subject` FROM `article_cate` WHERE `parent_id` = 34 ORDER BY sort asc  [ RunTime:0.0000s ]
SQL: SELECT `subject` FROM `article_cate` WHERE `id` = 46 LIMIT 1   [ RunTime:0.0000s ]
INFO: [ view_parse ] --START--
INFO: [ template_filter ] --START--
INFO: Run Behavior\ContentReplaceBehavior [ RunTime:0.000000s ]
INFO: [ template_filter ] --END-- [ RunTime:0.000000s ]
SQL: SELECT `subject` FROM `article_cate` WHERE `id` = 34 LIMIT 1   [ RunTime:0.0000s ]
SQL: SELECT `subject` FROM `article_cate` WHERE `id` = 34 LIMIT 1   [ RunTime:0.0000s ]
SQL: SELECT `subject` FROM `article_cate` WHERE `id` = 46 LIMIT 1   [ RunTime:0.0000s ]
INFO: Run Behavior\ParseTemplateBehavior [ RunTime:0.013001s ]
INFO: [ view_parse ] --END-- [ RunTime:0.013001s ]
INFO: [ view_filter ] --START--
INFO: Run Behavior\WriteHtmlCacheBehavior [ RunTime:0.000000s ]
INFO: [ view_filter ] --END-- [ RunTime:0.000000s ]
INFO: [ app_end ] --START--
INFO: Run Behavior\ShowPageTraceBehavior [ RunTime:0.000000s ]
INFO: [ app_end ] --END-- [ RunTime:0.000000s ]

[ 2016-11-18T14:44:26+08:00 ] 127.0.0.1 /news/45.html
INFO: [ app_init ] --START--
INFO: Run Behavior\BuildLiteBehavior [ RunTime:0.000000s ]
INFO: [ app_init ] --END-- [ RunTime:0.000000s ]
INFO: [ app_begin ] --START--
INFO: Run Behavior\ReadHtmlCacheBehavior [ RunTime:0.000000s ]
INFO: [ app_begin ] --END-- [ RunTime:0.000000s ]
NOTIC: [2048] Declaration of Home\Action\IndexAction::show() should be compatible with Think\Controller::show($content, $charset = '', $contentType = '', $prefix = '') D:\www\www.cms.com\Application\Home\Action\IndexAction.class.php 第 7 行.
SQL: SHOW COLUMNS FROM `site` [ RunTime:0.0030s ]
SQL: SELECT * FROM `site` LIMIT 1   [ RunTime:0.0000s ]
SQL: SHOW COLUMNS FROM `links` [ RunTime:0.0030s ]
SQL: SELECT * FROM `links` WHERE `status` = 1 ORDER BY sort desc  [ RunTime:0.0000s ]
SQL: SHOW COLUMNS FROM `nav` [ RunTime:0.0030s ]
SQL: SELECT * FROM `nav` WHERE `status` = 1 ORDER BY sort desc LIMIT 8   [ RunTime:0.0000s ]
SQL: SHOW COLUMNS FROM `advertise` [ RunTime:0.0040s ]
SQL: SELECT a.site_url,a.img_url,a.title FROM advertise a left join advertise_cate c on a.cate_id=c.id  WHERE c.flag = 'side_adv' AND a.status = 1 AND c.status = 1 LIMIT 1   [ RunTime:0.0020s ]
SQL: SHOW COLUMNS FROM `article_cate` [ RunTime:0.0020s ]
SQL: SELECT * FROM `article_cate` WHERE `status` = 1  [ RunTime:0.0010s ]
SQL: SHOW COLUMNS FROM `article` [ RunTime:0.0030s ]
SQL: SELECT COUNT(*) AS tp_count FROM `article` WHERE `status` = 1 AND `cate_id` IN ('45') LIMIT 1   [ RunTime:0.0000s ]
SQL: SELECT * FROM `article` WHERE `status` = 1 AND `cate_id` IN ('45') ORDER BY id desc LIMIT 0,10   [ RunTime:0.0000s ]
SQL: SELECT `id`,`parent_id` FROM `article_cate` WHERE `id` = 45 LIMIT 1   [ RunTime:0.0000s ]
SQL: SELECT `id`,`parent_id`,`subject` FROM `article_cate` WHERE `parent_id` = 34 ORDER BY sort asc  [ RunTime:0.0010s ]
SQL: SELECT `subject` FROM `article_cate` WHERE `id` = 45 LIMIT 1   [ RunTime:0.0000s ]
INFO: [ view_parse ] --START--
INFO: [ template_filter ] --START--
INFO: Run Behavior\ContentReplaceBehavior [ RunTime:0.000000s ]
INFO: [ template_filter ] --END-- [ RunTime:0.000000s ]
SQL: SELECT `subject` FROM `article_cate` WHERE `id` = 34 LIMIT 1   [ RunTime:0.0000s ]
SQL: SELECT `subject` FROM `article_cate` WHERE `id` = 34 LIMIT 1   [ RunTime:0.0000s ]
SQL: SELECT `subject` FROM `article_cate` WHERE `id` = 45 LIMIT 1   [ RunTime:0.0010s ]
INFO: Run Behavior\ParseTemplateBehavior [ RunTime:0.015001s ]
INFO: [ view_parse ] --END-- [ RunTime:0.015001s ]
INFO: [ view_filter ] --START--
INFO: Run Behavior\WriteHtmlCacheBehavior [ RunTime:0.000000s ]
INFO: [ view_filter ] --END-- [ RunTime:0.000000s ]
INFO: [ app_end ] --START--
INFO: Run Behavior\ShowPageTraceBehavior [ RunTime:0.000000s ]
INFO: [ app_end ] --END-- [ RunTime:0.001000s ]

[ 2016-11-18T14:44:27+08:00 ] 127.0.0.1 /news/44.html
INFO: [ app_init ] --START--
INFO: Run Behavior\BuildLiteBehavior [ RunTime:0.000000s ]
INFO: [ app_init ] --END-- [ RunTime:0.000000s ]
INFO: [ app_begin ] --START--
INFO: Run Behavior\ReadHtmlCacheBehavior [ RunTime:0.000000s ]
INFO: [ app_begin ] --END-- [ RunTime:0.001000s ]
NOTIC: [2048] Declaration of Home\Action\IndexAction::show() should be compatible with Think\Controller::show($content, $charset = '', $contentType = '', $prefix = '') D:\www\www.cms.com\Application\Home\Action\IndexAction.class.php 第 7 行.
SQL: SHOW COLUMNS FROM `site` [ RunTime:0.0040s ]
SQL: SELECT * FROM `site` LIMIT 1   [ RunTime:0.0000s ]
SQL: SHOW COLUMNS FROM `links` [ RunTime:0.0040s ]
SQL: SELECT * FROM `links` WHERE `status` = 1 ORDER BY sort desc  [ RunTime:0.0010s ]
SQL: SHOW COLUMNS FROM `nav` [ RunTime:0.0030s ]
SQL: SELECT * FROM `nav` WHERE `status` = 1 ORDER BY sort desc LIMIT 8   [ RunTime:0.0010s ]
SQL: SHOW COLUMNS FROM `advertise` [ RunTime:0.0030s ]
SQL: SELECT a.site_url,a.img_url,a.title FROM advertise a left join advertise_cate c on a.cate_id=c.id  WHERE c.flag = 'side_adv' AND a.status = 1 AND c.status = 1 LIMIT 1   [ RunTime:0.0020s ]
SQL: SHOW COLUMNS FROM `article_cate` [ RunTime:0.0030s ]
SQL: SELECT * FROM `article_cate` WHERE `status` = 1  [ RunTime:0.0010s ]
SQL: SHOW COLUMNS FROM `article` [ RunTime:0.0030s ]
SQL: SELECT COUNT(*) AS tp_count FROM `article` WHERE `status` = 1 AND `cate_id` IN ('44') LIMIT 1   [ RunTime:0.0000s ]
SQL: SELECT * FROM `article` WHERE `status` = 1 AND `cate_id` IN ('44') ORDER BY id desc LIMIT 0,10   [ RunTime:0.0000s ]
SQL: SELECT `id`,`parent_id` FROM `article_cate` WHERE `id` = 44 LIMIT 1   [ RunTime:0.0000s ]
SQL: SELECT `id`,`parent_id`,`subject` FROM `article_cate` WHERE `parent_id` = 34 ORDER BY sort asc  [ RunTime:0.0010s ]
SQL: SELECT `subject` FROM `article_cate` WHERE `id` = 44 LIMIT 1   [ RunTime:0.0000s ]
INFO: [ view_parse ] --START--
INFO: [ template_filter ] --START--
INFO: Run Behavior\ContentReplaceBehavior [ RunTime:0.000000s ]
INFO: [ template_filter ] --END-- [ RunTime:0.000000s ]
SQL: SELECT `subject` FROM `article_cate` WHERE `id` = 34 LIMIT 1   [ RunTime:0.0010s ]
SQL: SELECT `subject` FROM `article_cate` WHERE `id` = 34 LIMIT 1   [ RunTime:0.0010s ]
SQL: SELECT `subject` FROM `article_cate` WHERE `id` = 44 LIMIT 1   [ RunTime:0.0000s ]
INFO: Run Behavior\ParseTemplateBehavior [ RunTime:0.013001s ]
INFO: [ view_parse ] --END-- [ RunTime:0.014001s ]
INFO: [ view_filter ] --START--
INFO: Run Behavior\WriteHtmlCacheBehavior [ RunTime:0.000000s ]
INFO: [ view_filter ] --END-- [ RunTime:0.000000s ]
INFO: [ app_end ] --START--
INFO: Run Behavior\ShowPageTraceBehavior [ RunTime:0.000000s ]
INFO: [ app_end ] --END-- [ RunTime:0.000000s ]

[ 2016-11-18T14:44:27+08:00 ] 127.0.0.1 /news/35.html
INFO: [ app_init ] --START--
INFO: Run Behavior\BuildLiteBehavior [ RunTime:0.000000s ]
INFO: [ app_init ] --END-- [ RunTime:0.000000s ]
INFO: [ app_begin ] --START--
INFO: Run Behavior\ReadHtmlCacheBehavior [ RunTime:0.000000s ]
INFO: [ app_begin ] --END-- [ RunTime:0.000000s ]
NOTIC: [2048] Declaration of Home\Action\IndexAction::show() should be compatible with Think\Controller::show($content, $charset = '', $contentType = '', $prefix = '') D:\www\www.cms.com\Application\Home\Action\IndexAction.class.php 第 7 行.
SQL: SHOW COLUMNS FROM `site` [ RunTime:0.0030s ]
SQL: SELECT * FROM `site` LIMIT 1   [ RunTime:0.0000s ]
SQL: SHOW COLUMNS FROM `links` [ RunTime:0.0030s ]
SQL: SELECT * FROM `links` WHERE `status` = 1 ORDER BY sort desc  [ RunTime:0.0010s ]
SQL: SHOW COLUMNS FROM `nav` [ RunTime:0.0040s ]
SQL: SELECT * FROM `nav` WHERE `status` = 1 ORDER BY sort desc LIMIT 8   [ RunTime:0.0010s ]
SQL: SHOW COLUMNS FROM `advertise` [ RunTime:0.0040s ]
SQL: SELECT a.site_url,a.img_url,a.title FROM advertise a left join advertise_cate c on a.cate_id=c.id  WHERE c.flag = 'side_adv' AND a.status = 1 AND c.status = 1 LIMIT 1   [ RunTime:0.0010s ]
SQL: SHOW COLUMNS FROM `article_cate` [ RunTime:0.0030s ]
SQL: SELECT * FROM `article_cate` WHERE `status` = 1  [ RunTime:0.0000s ]
SQL: SHOW COLUMNS FROM `article` [ RunTime:0.0030s ]
SQL: SELECT COUNT(*) AS tp_count FROM `article` WHERE `status` = 1 AND `cate_id` IN ('35') LIMIT 1   [ RunTime:0.0000s ]
SQL: SELECT * FROM `article` WHERE `status` = 1 AND `cate_id` IN ('35') ORDER BY id desc LIMIT 0,10   [ RunTime:0.0010s ]
SQL: SELECT `id`,`parent_id` FROM `article_cate` WHERE `id` = 35 LIMIT 1   [ RunTime:0.0010s ]
SQL: SELECT `id`,`parent_id`,`subject` FROM `article_cate` WHERE `parent_id` = 34 ORDER BY sort asc  [ RunTime:0.0010s ]
SQL: SELECT `subject` FROM `article_cate` WHERE `id` = 35 LIMIT 1   [ RunTime:0.0000s ]
INFO: [ view_parse ] --START--
INFO: [ template_filter ] --START--
INFO: Run Behavior\ContentReplaceBehavior [ RunTime:0.000000s ]
INFO: [ template_filter ] --END-- [ RunTime:0.000000s ]
SQL: SELECT `subject` FROM `article_cate` WHERE `id` = 34 LIMIT 1   [ RunTime:0.0010s ]
SQL: SELECT `subject` FROM `article_cate` WHERE `id` = 34 LIMIT 1   [ RunTime:0.0010s ]
SQL: SELECT `subject` FROM `article_cate` WHERE `id` = 35 LIMIT 1   [ RunTime:0.0000s ]
INFO: Run Behavior\ParseTemplateBehavior [ RunTime:0.013001s ]
INFO: [ view_parse ] --END-- [ RunTime:0.014001s ]
INFO: [ view_filter ] --START--
INFO: Run Behavior\WriteHtmlCacheBehavior [ RunTime:0.000000s ]
INFO: [ view_filter ] --END-- [ RunTime:0.000000s ]
INFO: [ app_end ] --START--
INFO: Run Behavior\ShowPageTraceBehavior [ RunTime:0.000000s ]
INFO: [ app_end ] --END-- [ RunTime:0.000000s ]

[ 2016-11-18T15:47:06+08:00 ] 127.0.0.1 /
INFO: [ app_init ] --START--
INFO: Run Behavior\BuildLiteBehavior [ RunTime:0.000000s ]
INFO: [ app_init ] --END-- [ RunTime:0.001000s ]
INFO: [ app_begin ] --START--
INFO: Run Behavior\ReadHtmlCacheBehavior [ RunTime:0.001000s ]
INFO: [ app_begin ] --END-- [ RunTime:0.002000s ]
NOTIC: [2048] Declaration of Home\Action\IndexAction::show() should be compatible with Think\Controller::show($content, $charset = '', $contentType = '', $prefix = '') D:\www\www.cms.com\Application\Home\Action\IndexAction.class.php 第 7 行.
SQL: SHOW COLUMNS FROM `site` [ RunTime:0.0030s ]
SQL: SELECT * FROM `site` LIMIT 1   [ RunTime:0.0000s ]
SQL: SHOW COLUMNS FROM `links` [ RunTime:0.0020s ]
SQL: SELECT * FROM `links` WHERE `status` = 1 ORDER BY sort desc  [ RunTime:0.0000s ]
SQL: SHOW COLUMNS FROM `nav` [ RunTime:0.0020s ]
SQL: SELECT * FROM `nav` WHERE `status` = 1 ORDER BY sort desc LIMIT 8   [ RunTime:0.0000s ]
SQL: SHOW COLUMNS FROM `advertise` [ RunTime:0.0030s ]
SQL: SELECT a.site_url,a.img_url,a.title FROM advertise a left join advertise_cate c on a.cate_id=c.id  WHERE c.flag = 'side_adv' AND a.status = 1 AND c.status = 1 LIMIT 1   [ RunTime:0.0010s ]
INFO: [ view_parse ] --START--
INFO: [ template_filter ] --START--
INFO: Run Behavior\ContentReplaceBehavior [ RunTime:0.000000s ]
INFO: [ template_filter ] --END-- [ RunTime:0.000000s ]
INFO: Run Behavior\ParseTemplateBehavior [ RunTime:0.026002s ]
INFO: [ view_parse ] --END-- [ RunTime:0.026002s ]
INFO: [ view_filter ] --START--
INFO: Run Behavior\WriteHtmlCacheBehavior [ RunTime:0.001000s ]
INFO: [ view_filter ] --END-- [ RunTime:0.001000s ]
INFO: [ app_end ] --START--
INFO: Run Behavior\ShowPageTraceBehavior [ RunTime:0.002000s ]
INFO: [ app_end ] --END-- [ RunTime:0.002000s ]

[ 2016-11-18T15:47:28+08:00 ] 127.0.0.1 /
INFO: [ app_init ] --START--
INFO: Run Behavior\BuildLiteBehavior [ RunTime:0.000000s ]
INFO: [ app_init ] --END-- [ RunTime:0.001000s ]
INFO: [ app_begin ] --START--
INFO: Run Behavior\ReadHtmlCacheBehavior [ RunTime:0.000000s ]
INFO: [ app_begin ] --END-- [ RunTime:0.000000s ]
NOTIC: [2048] Declaration of Home\Action\IndexAction::show() should be compatible with Think\Controller::show($content, $charset = '', $contentType = '', $prefix = '') D:\www\www.cms.com\Application\Home\Action\IndexAction.class.php 第 7 行.
SQL: SHOW COLUMNS FROM `site` [ RunTime:0.0040s ]
SQL: SELECT * FROM `site` LIMIT 1   [ RunTime:0.0010s ]
SQL: SHOW COLUMNS FROM `links` [ RunTime:0.0050s ]
SQL: SELECT * FROM `links` WHERE `status` = 1 ORDER BY sort desc  [ RunTime:0.0000s ]
SQL: SHOW COLUMNS FROM `nav` [ RunTime:0.0030s ]
SQL: SELECT * FROM `nav` WHERE `status` = 1 ORDER BY sort desc LIMIT 8   [ RunTime:0.0030s ]
SQL: SHOW COLUMNS FROM `advertise` [ RunTime:0.0080s ]
SQL: SELECT a.site_url,a.img_url,a.title FROM advertise a left join advertise_cate c on a.cate_id=c.id  WHERE c.flag = 'side_adv' AND a.status = 1 AND c.status = 1 LIMIT 1   [ RunTime:0.0000s ]
INFO: [ view_parse ] --START--
INFO: [ template_filter ] --START--
INFO: Run Behavior\ContentReplaceBehavior [ RunTime:0.000000s ]
INFO: [ template_filter ] --END-- [ RunTime:0.001000s ]
INFO: Run Behavior\ParseTemplateBehavior [ RunTime:0.016001s ]
INFO: [ view_parse ] --END-- [ RunTime:0.016001s ]
INFO: [ view_filter ] --START--
INFO: Run Behavior\WriteHtmlCacheBehavior [ RunTime:0.000000s ]
INFO: [ view_filter ] --END-- [ RunTime:0.000000s ]
INFO: [ app_end ] --START--
INFO: Run Behavior\ShowPageTraceBehavior [ RunTime:0.001000s ]
INFO: [ app_end ] --END-- [ RunTime:0.001000s ]

[ 2016-11-18T15:48:57+08:00 ] 127.0.0.1 /
INFO: [ app_init ] --START--
INFO: Run Behavior\BuildLiteBehavior [ RunTime:0.000000s ]
INFO: [ app_init ] --END-- [ RunTime:0.001000s ]
INFO: [ app_begin ] --START--
INFO: Run Behavior\ReadHtmlCacheBehavior [ RunTime:0.000000s ]
INFO: [ app_begin ] --END-- [ RunTime:0.001000s ]
NOTIC: [2048] Declaration of Home\Action\IndexAction::show() should be compatible with Think\Controller::show($content, $charset = '', $contentType = '', $prefix = '') D:\www\www.cms.com\Application\Home\Action\IndexAction.class.php 第 7 行.
SQL: SHOW COLUMNS FROM `site` [ RunTime:0.0140s ]
SQL: SELECT * FROM `site` LIMIT 1   [ RunTime:0.0010s ]
SQL: SHOW COLUMNS FROM `links` [ RunTime:0.0030s ]
SQL: SELECT * FROM `links` WHERE `status` = 1 ORDER BY sort desc  [ RunTime:0.0000s ]
SQL: SHOW COLUMNS FROM `nav` [ RunTime:0.0020s ]
SQL: SELECT * FROM `nav` WHERE `status` = 1 ORDER BY sort desc LIMIT 8   [ RunTime:0.0000s ]
SQL: SHOW COLUMNS FROM `advertise` [ RunTime:0.0030s ]
SQL: SELECT a.site_url,a.img_url,a.title FROM advertise a left join advertise_cate c on a.cate_id=c.id  WHERE c.flag = 'side_adv' AND a.status = 1 AND c.status = 1 LIMIT 1   [ RunTime:0.0010s ]
INFO: [ view_parse ] --START--
INFO: [ template_filter ] --START--
INFO: Run Behavior\ContentReplaceBehavior [ RunTime:0.000000s ]
INFO: [ template_filter ] --END-- [ RunTime:0.001001s ]
INFO: Run Behavior\ParseTemplateBehavior [ RunTime:0.021002s ]
INFO: [ view_parse ] --END-- [ RunTime:0.022002s ]
INFO: [ view_filter ] --START--
INFO: Run Behavior\WriteHtmlCacheBehavior [ RunTime:0.000000s ]
INFO: [ view_filter ] --END-- [ RunTime:0.001000s ]
INFO: [ app_end ] --START--
INFO: Run Behavior\ShowPageTraceBehavior [ RunTime:0.001000s ]
INFO: [ app_end ] --END-- [ RunTime:0.001000s ]

[ 2016-11-18T15:52:23+08:00 ] 127.0.0.1 /
INFO: [ app_init ] --START--
INFO: Run Behavior\BuildLiteBehavior [ RunTime:0.000000s ]
INFO: [ app_init ] --END-- [ RunTime:0.001000s ]
INFO: [ app_begin ] --START--
INFO: Run Behavior\ReadHtmlCacheBehavior [ RunTime:0.000000s ]
INFO: [ app_begin ] --END-- [ RunTime:0.001000s ]
NOTIC: [2048] Declaration of Home\Action\IndexAction::show() should be compatible with Think\Controller::show($content, $charset = '', $contentType = '', $prefix = '') D:\www\www.cms.com\Application\Home\Action\IndexAction.class.php 第 7 行.
SQL: SHOW COLUMNS FROM `site` [ RunTime:0.0030s ]
SQL: SELECT * FROM `site` LIMIT 1   [ RunTime:0.0010s ]
SQL: SHOW COLUMNS FROM `links` [ RunTime:0.0030s ]
SQL: SELECT * FROM `links` WHERE `status` = 1 ORDER BY sort desc  [ RunTime:0.0010s ]
SQL: SHOW COLUMNS FROM `nav` [ RunTime:0.0040s ]
SQL: SELECT * FROM `nav` WHERE `status` = 1 ORDER BY sort desc LIMIT 8   [ RunTime:0.0000s ]
SQL: SHOW COLUMNS FROM `advertise` [ RunTime:0.0020s ]
SQL: SELECT a.site_url,a.img_url,a.title FROM advertise a left join advertise_cate c on a.cate_id=c.id  WHERE c.flag = 'side_adv' AND a.status = 1 AND c.status = 1 LIMIT 1   [ RunTime:0.0010s ]
INFO: [ view_parse ] --START--
INFO: [ template_filter ] --START--
INFO: Run Behavior\ContentReplaceBehavior [ RunTime:0.000000s ]
INFO: [ template_filter ] --END-- [ RunTime:0.000000s ]
INFO: Run Behavior\ParseTemplateBehavior [ RunTime:0.020001s ]
INFO: [ view_parse ] --END-- [ RunTime:0.020001s ]
INFO: [ view_filter ] --START--
INFO: Run Behavior\WriteHtmlCacheBehavior [ RunTime:0.001000s ]
INFO: [ view_filter ] --END-- [ RunTime:0.001000s ]
INFO: [ app_end ] --START--
INFO: Run Behavior\ShowPageTraceBehavior [ RunTime:0.001000s ]
INFO: [ app_end ] --END-- [ RunTime:0.001000s ]

