[ 2016-11-21T15:38:46+08:00 ] 127.0.0.1 /
INFO: [ app_init ] --START--
INFO: Run Behavior\BuildLiteBehavior [ RunTime:0.000000s ]
INFO: [ app_init ] --END-- [ RunTime:0.001001s ]
INFO: [ app_begin ] --START--
INFO: Run Behavior\ReadHtmlCacheBehavior [ RunTime:0.010000s ]
INFO: [ app_begin ] --END-- [ RunTime:0.010000s ]
NOTIC: [2048] Declaration of Home\Action\IndexAction::show() should be compatible with Think\Controller::show($content, $charset = '', $contentType = '', $prefix = '') D:\www\www.cms.com\Application\Home\Action\IndexAction.class.php 第 7 行.
SQL: SHOW COLUMNS FROM `site` [ RunTime:0.0200s ]
SQL: SELECT * FROM `site` LIMIT 1   [ RunTime:0.0010s ]
SQL: SHOW COLUMNS FROM `links` [ RunTime:0.0140s ]
SQL: SELECT * FROM `links` WHERE `status` = 1 ORDER BY sort desc  [ RunTime:0.0010s ]
SQL: SHOW COLUMNS FROM `nav` [ RunTime:0.0180s ]
SQL: SELECT * FROM `nav` WHERE `status` = 1 ORDER BY sort desc LIMIT 8   [ RunTime:0.0000s ]
SQL: SHOW COLUMNS FROM `advertise` [ RunTime:0.0220s ]
SQL: SELECT a.site_url,a.img_url,a.title FROM advertise a left join advertise_cate c on a.cate_id=c.id  WHERE c.flag = 'side_adv' AND a.status = 1 AND c.status = 1 LIMIT 1   [ RunTime:0.0130s ]
INFO: [ view_parse ] --START--
INFO: [ template_filter ] --START--
INFO: Run Behavior\ContentReplaceBehavior [ RunTime:0.000000s ]
INFO: [ template_filter ] --END-- [ RunTime:0.000000s ]
INFO: Run Behavior\ParseTemplateBehavior [ RunTime:0.038002s ]
INFO: [ view_parse ] --END-- [ RunTime:0.038002s ]
INFO: [ view_filter ] --START--
INFO: Run Behavior\WriteHtmlCacheBehavior [ RunTime:0.020001s ]
INFO: [ view_filter ] --END-- [ RunTime:0.020001s ]
INFO: [ app_end ] --START--
INFO: Run Behavior\ShowPageTraceBehavior [ RunTime:0.005001s ]
INFO: [ app_end ] --END-- [ RunTime:0.005001s ]

