[ 2016-11-08T09:52:04+08:00 ] 127.0.0.1 /
INFO: [ app_init ] --START--
INFO: Run Behavior\BuildLiteBehavior [ RunTime:0.000000s ]
INFO: [ app_init ] --END-- [ RunTime:0.015001s ]
INFO: [ app_begin ] --START--
INFO: Run Behavior\ReadHtmlCacheBehavior [ RunTime:0.014001s ]
INFO: [ app_begin ] --END-- [ RunTime:0.014001s ]
NOTIC: [2048] Declaration of Home\Action\IndexAction::show() should be compatible with Think\Controller::show($content, $charset = '', $contentType = '', $prefix = '') D:\www\www.cms.com\Application\Home\Action\IndexAction.class.php 第 7 行.
SQL: SHOW COLUMNS FROM `site` [ RunTime:0.0410s ]
SQL: SELECT * FROM `site` LIMIT 1   [ RunTime:0.0100s ]
SQL: SHOW COLUMNS FROM `links` [ RunTime:0.0320s ]
SQL: SELECT * FROM `links` WHERE `status` = 1 ORDER BY sort desc  [ RunTime:0.0010s ]
SQL: SHOW COLUMNS FROM `nav` [ RunTime:0.0760s ]
SQL: SELECT * FROM `nav` WHERE `status` = 1 ORDER BY sort desc LIMIT 8   [ RunTime:0.0010s ]
SQL: SHOW COLUMNS FROM `advertise` [ RunTime:0.0550s ]
SQL: SELECT a.site_url,a.img_url,a.title FROM advertise a left join advertise_cate c on a.cate_id=c.id  WHERE c.flag = 'side_adv' AND a.status = 1 AND c.status = 1 LIMIT 1   [ RunTime:0.0580s ]
INFO: [ view_parse ] --START--
INFO: [ template_filter ] --START--
INFO: Run Behavior\ContentReplaceBehavior [ RunTime:0.093005s ]
INFO: [ template_filter ] --END-- [ RunTime:0.093005s ]
INFO: Run Behavior\ParseTemplateBehavior [ RunTime:0.469027s ]
INFO: [ view_parse ] --END-- [ RunTime:0.470027s ]
INFO: [ view_filter ] --START--
INFO: Run Behavior\WriteHtmlCacheBehavior [ RunTime:0.010001s ]
INFO: [ view_filter ] --END-- [ RunTime:0.011001s ]
INFO: [ app_end ] --START--
INFO: Run Behavior\ShowPageTraceBehavior [ RunTime:0.020001s ]
INFO: [ app_end ] --END-- [ RunTime:0.021001s ]

[ 2016-11-08T10:07:34+08:00 ] 127.0.0.1 /
INFO: [ app_init ] --START--
INFO: Run Behavior\BuildLiteBehavior [ RunTime:0.000000s ]
INFO: [ app_init ] --END-- [ RunTime:0.001000s ]
INFO: [ app_begin ] --START--
INFO: Run Behavior\ReadHtmlCacheBehavior [ RunTime:0.000000s ]
INFO: [ app_begin ] --END-- [ RunTime:0.000000s ]
NOTIC: [2048] Declaration of Home\Action\IndexAction::show() should be compatible with Think\Controller::show($content, $charset = '', $contentType = '', $prefix = '') D:\www\www.cms.com\Application\Home\Action\IndexAction.class.php 第 7 行.
SQL: SHOW COLUMNS FROM `site` [ RunTime:0.0030s ]
SQL: SELECT * FROM `site` LIMIT 1   [ RunTime:0.0010s ]
SQL: SHOW COLUMNS FROM `links` [ RunTime:0.0030s ]
SQL: SELECT * FROM `links` WHERE `status` = 1 ORDER BY sort desc  [ RunTime:0.0000s ]
SQL: SHOW COLUMNS FROM `nav` [ RunTime:0.0030s ]
SQL: SELECT * FROM `nav` WHERE `status` = 1 ORDER BY sort desc LIMIT 8   [ RunTime:0.0010s ]
SQL: SHOW COLUMNS FROM `advertise` [ RunTime:0.0020s ]
SQL: SELECT a.site_url,a.img_url,a.title FROM advertise a left join advertise_cate c on a.cate_id=c.id  WHERE c.flag = 'side_adv' AND a.status = 1 AND c.status = 1 LIMIT 1   [ RunTime:0.0000s ]
INFO: [ view_parse ] --START--
INFO: [ template_filter ] --START--
INFO: Run Behavior\ContentReplaceBehavior [ RunTime:0.000000s ]
INFO: [ template_filter ] --END-- [ RunTime:0.000000s ]
INFO: Run Behavior\ParseTemplateBehavior [ RunTime:0.008001s ]
INFO: [ view_parse ] --END-- [ RunTime:0.008001s ]
INFO: [ view_filter ] --START--
INFO: Run Behavior\WriteHtmlCacheBehavior [ RunTime:0.000000s ]
INFO: [ view_filter ] --END-- [ RunTime:0.001000s ]
INFO: [ app_end ] --START--
INFO: Run Behavior\ShowPageTraceBehavior [ RunTime:0.000000s ]
INFO: [ app_end ] --END-- [ RunTime:0.001000s ]

